
ROM used: 1790 (22%)
          1790 (22%) including unused fragments

          2 Average locations per line
          5 Average locations per statement

RAM used: 58 (33%) at main() level
          69 (39%) worst case

Lines Stmts  %   Files
----- ----- ---  -----
  536   338 100  E:\Ganesh Potti\Ganesh Projects\Engineers Projects\Smart Host microcontroller_Ssiet\Final_solar tracking(22-03-14)\tracking_final.c
  306     0   0  C:\Program Files\PICC\devices\16F877A.h
----- -----
 1684   676 Total

Page ROM  %  RAM  Functions:
---- --- --- ---  ----------
0     19   1   1  @delay_ms1
0     14   1   0  @GETCH_BIU_1
0      9   1   0  RDA_ISR
0     10   1   1  command
0     10   1   1  data
0     11   1   0  TIMER0_isr
0   1103  62   2  main
0     19   1   0  @const10066
0      8   0   0  @const10132
0      8   0   0  @const10137
0      8   0   0  @const10142
0      8   0   0  @const10147
0     15   1   0  @const10157
0     15   1   0  @const10162
0     79   4   8  display
0     38   2   5  @DIV1616
0      6   0   0  @const10377
0     78   4   8  display1
0     68   4   8  display2
0     68   4   8  display3
0     68   4   8  display4
0     68   4   8  display5

 Segment   Used  Free
---------  ----  ----
00000-00003     4  0  
00004-0003B    56  0  
0003C-007FF  1730  258  
00800-00FFF     0  2048  
01000-017FF     0  2048  
01800-01FFF     0  2048  

