
ROM used: 3110 (38%)
          3132 (38%) including unused fragments

          3 Average locations per line
          10 Average locations per statement

RAM used: 79 (45%) at main() level
          113 (65%) worst case

Lines Stmts  %   Files
----- ----- ---  -----
  262    93  29  E:\Ganesh Potti\Ganesh Projects\Engineers Projects\GLCD\GLCD_pro.c
  306     0   0  C:\Program Files\PICC\devices\16F877A.h
  643   224  55  E:\Ganesh Potti\Ganesh Projects\Engineers Projects\GLCD\Header_GLCD.h
----- -----
 2422   634 Total

Page ROM  %  RAM  Functions:
---- --- --- ---  ----------
0     19   1   1  @delay_ms1
0    262   8   0  @const45
0    224   7   0  @const48
0    100   3   1  glcd_init
0     39   1   2  @MUL88
1    399  13  21  glcd_text57
0    101   3   4  glcd_fillScreen
0     44   1   2  glcd_writeByte
0    135   4   0  @const158
0    132   4   0  @const160
0    135   4   0  @const162
0    132   4   0  @const164
0    132   4   0  @const166
0    135   4   0  @const168
0    132   4   0  @const170
0    135   4   0  @const172
1    225   7   1  main
0     33   1   0  page1
0     66   2   0  page2
0     66   2   0  page2A
1     66   2   0  pagE2B
1    370  12   3  display_image
1     12   0   0  @goto10408
1     12   0   0  @goto10429

 Segment   Used  Free
---------  ----  ----
00000-00003     4  0  
00004-007FF  2022  22  
00800-00FFF  1084  964  
01000-017FF     0  2048  
01800-01FFF     0  2048  

