
ROM used: 2999 (37%)
          4021 (49%) including unused fragments

          4 Average locations per line
          7 Average locations per statement

RAM used: 64 (37%) at main() level
          73 (42%) worst case

Lines Stmts  %   Files
----- ----- ---  -----
  480   455 100  E:\Ganesh Potti\Ganesh Projects\Engineers Projects\universal atm\SMART_CARD_FINAL\FINAL_CODE.c
  306     0   0  C:\Program Files\PICC\devices\16F877A.h
----- -----
 1572   910 Total

Page ROM  %  RAM  Functions:
---- --- --- ---  ----------
0     19   1   1  @delay_ms1
0     12   0   0  @GETCH_BIU_1
0     86   3   1  rb_isr
0     40   1   2  rda_isr
0     13   0   1  command
0     13   0   1  data
1   1973  66   5  main
0     22   1   0  @const10167
0     24   1   0  @const10172
0     21   1   5  @MUL1616
0     37   1   2  @MUL88
0      9   0   0  @const10205
0     15   1   0  @const10210
0      9   0   0  @const10215
0     12   0   0  @const10220
0      9   0   0  @const10225
0     12   0   0  @const10230
0      9   0   0  @const10235
0     11   0   0  @const10240
0      9   0   0  @const10245
0     10   0   0  @const10250
0     16   1   0  @const10264
0     21   1   0  @const10285
0     27   1   0  @const10297
0     13   0   0  @const10308
0     16   1   0  @const10329
0     16   1   0  @const10334
0     16   1   0  @const10346
0     16   1   0  @const10351
0     13   0   0  @const10362
0     13   0   0  @const10390
0     13   0   0  @const10409
0     12   0   0  @const10420
0     11   0   0  @const10474
0     13   0   0  @const10479
0     12   0   0  @const10484
0     11   0   0  @const10489
0     26   1   0  @const10503
0     22   1   0  @const10508
0     28   1   0  @const10523
0     24   1   0  @const10543
0     21   1   0  @const10567
0     19   1   0  @const10572
0     22   1   0  @const10604
0     20   1   0  @const10609
0     20   1   0  @const10623
0     18   1   0  @const10628
0     77   3   5  display
0     38   1   5  @DIV1616

 Segment   Used  Free
---------  ----  ----
00000-00003     4  0  
00004-0003B    56  0  
0003C-007FF   966  1022  
00800-00FFF  1973  75  
01000-017FF     0  2048  
01800-01FFF     0  2048  

