CCS PCM C Compiler, Version 3.249, 33340               26-Mar-14 20:09

               Filename: E:\Ganesh Potti\Ganesh Projects\Engineers Projects\universal atm\SMART_CARD_FINAL\FINAL_CODE.lst

               ROM used: 2999 words (37%)
                         Largest free fragment is 2048
               RAM used: 64 (37%) at main() level
                         73 (42%) worst case
               Stack:    4 worst case (2 in main + 2 for interrupts)

*
0000:  MOVLW  08
0001:  MOVWF  0A
0002:  GOTO   000
0003:  NOP
0004:  MOVWF  7F
0005:  SWAPF  03,W
0006:  CLRF   03
0007:  MOVWF  21
0008:  MOVF   0A,W
0009:  MOVWF  20
000A:  CLRF   0A
000B:  MOVF   04,W
000C:  MOVWF  22
000D:  MOVF   77,W
000E:  MOVWF  23
000F:  MOVF   78,W
0010:  MOVWF  24
0011:  MOVF   79,W
0012:  MOVWF  25
0013:  MOVF   7A,W
0014:  MOVWF  26
0015:  MOVF   7B,W
0016:  MOVWF  27
0017:  BCF    03.7
0018:  BCF    03.5
0019:  BTFSS  0B.3
001A:  GOTO   01D
001B:  BTFSC  0B.0
001C:  GOTO   036
001D:  MOVLW  8C
001E:  MOVWF  04
001F:  BTFSS  00.5
0020:  GOTO   023
0021:  BTFSC  0C.5
0022:  GOTO   039
0023:  MOVF   22,W
0024:  MOVWF  04
0025:  MOVF   23,W
0026:  MOVWF  77
0027:  MOVF   24,W
0028:  MOVWF  78
0029:  MOVF   25,W
002A:  MOVWF  79
002B:  MOVF   26,W
002C:  MOVWF  7A
002D:  MOVF   27,W
002E:  MOVWF  7B
002F:  MOVF   20,W
0030:  MOVWF  0A
0031:  SWAPF  21,W
0032:  MOVWF  03
0033:  SWAPF  7F,F
0034:  SWAPF  7F,W
0035:  RETFIE
0036:  BCF    0A.3
0037:  BCF    0A.4
0038:  GOTO   2B1
0039:  BCF    0A.3
003A:  BCF    0A.4
003B:  GOTO   313
.................... #include <16F877A.h> 
.................... //////// Standard Header file for the PIC16F877A device //////////////// 
.................... #device PIC16F877A 
.................... #list 
....................  
.................... #use delay(clock=11059200) 
*
029E:  MOVLW  62
029F:  MOVWF  04
02A0:  MOVF   00,W
02A1:  BTFSC  03.2
02A2:  GOTO   2B0
02A3:  MOVLW  03
02A4:  MOVWF  78
02A5:  CLRF   77
02A6:  DECFSZ 77,F
02A7:  GOTO   2A6
02A8:  DECFSZ 78,F
02A9:  GOTO   2A5
02AA:  MOVLW  95
02AB:  MOVWF  77
02AC:  DECFSZ 77,F
02AD:  GOTO   2AC
02AE:  DECFSZ 00,F
02AF:  GOTO   2A3
02B0:  RETLW  00
.................... #use rs232(baud=9600, xmit=PIN_c6,rcv=PIN_c7, bits=8, errors) 
*
0307:  BTFSS  0C.5
0308:  GOTO   307
0309:  MOVF   18,W
030A:  MOVWF  29
030B:  MOVF   1A,W
030C:  MOVWF  78
030D:  BTFSS  29.1
030E:  GOTO   311
030F:  BCF    18.4
0310:  BSF    18.4
0311:  NOP
0312:  RETLW  00
*
0812:  BCF    03.5
0813:  CLRF   29
.................... #fuses NOWDT, HS, PUT, NOPROTECT, NOBROWNOUT, NOLVP, NOCPD, NOWRT 
....................  
.................... #byte trisb=0x86 
.................... #byte portb=0x06 
....................  
.................... #byte trisd=0x88 
.................... #byte portd=0x08 
....................  
.................... #byte trisc=0x87 
.................... #byte portc=0x07 
....................  
.................... #bit RELAY = portc.0 
....................  
.................... #byte trise=0x89 
.................... #byte porte=0x09 
....................  
.................... #byte intcon=0x0b 
.................... #byte option_reg=0x81 
.................... #byte rcreg=0x1a 
....................  
.................... #bit c1=portb.7 
.................... #bit c2=portb.6 
.................... #bit c3=portb.5 
.................... #bit c4=portb.4 
....................  
.................... #bit r4=portb.0 
.................... #bit r3=portb.1 
.................... #bit r2=portb.2 
.................... #bit r1=portb.3 
....................  
.................... #bit reg=porte.0 
.................... #bit rw=porte.1 
.................... #bit en=porte.2 
....................  
.................... #define Z PUTC('M') 
.................... #define Y PUTC('L') 
....................  
.................... unsigned int16 enter_amt = 0 , total_amt = 0 , amount = 0 , total_no[5]={0} , w[5] = {0}; 
0814:  CLRF   2A
0815:  CLRF   2B
0816:  CLRF   2C
0817:  CLRF   2D
0818:  CLRF   2E
0819:  CLRF   2F
081A:  CLRF   30
081B:  CLRF   31
081C:  CLRF   32
081D:  CLRF   33
081E:  CLRF   34
081F:  CLRF   35
0820:  CLRF   36
0821:  CLRF   37
0822:  CLRF   38
0823:  CLRF   39
0824:  CLRF   3A
0825:  CLRF   3B
0826:  CLRF   3C
0827:  CLRF   3D
0828:  CLRF   3E
0829:  CLRF   3F
082A:  CLRF   40
082B:  CLRF   41
082C:  CLRF   42
082D:  CLRF   43
.................... unsigned char a[12]={0,0,0,0,0,0,0,0,0,0,0,0} , x=0, i=0, i1=0 ; 
082E:  CLRF   44
082F:  CLRF   45
0830:  CLRF   46
0831:  CLRF   47
0832:  CLRF   48
0833:  CLRF   49
0834:  CLRF   4A
0835:  CLRF   4B
0836:  CLRF   4C
0837:  CLRF   4D
0838:  CLRF   4E
0839:  CLRF   4F
083A:  CLRF   50
083B:  CLRF   51
083C:  CLRF   52
.................... unsigned int1 id_flag=0,flag_1=1,glag=0,glag_1=0,glag_2=0,glag_3=0,glag_4=0,k=0,l=0,m=1,n=1,p=1,o=1,t=0,q=1,r=0, s=0 ,receiver=0,c=0,rb_flag=0 , amt_flag=0 , id = 0 ; 
083D:  BCF    53.0
083E:  BSF    53.1
083F:  BCF    53.2
0840:  BCF    53.3
0841:  BCF    53.4
0842:  BCF    53.5
0843:  BCF    53.6
0844:  BCF    53.7
0845:  BCF    54.0
0846:  BSF    54.1
0847:  BSF    54.2
0848:  BSF    54.3
0849:  BSF    54.4
084A:  BCF    54.5
084B:  BSF    54.6
084C:  BCF    54.7
084D:  BCF    55.0
084E:  BCF    55.1
084F:  BCF    55.2
0850:  BCF    55.3
0851:  BCF    55.4
0852:  BCF    55.5
.................... void display(unsigned int16 m); 
....................  
.................... #int_rb 
.................... rb_isr() 
.................... { 
....................       portb=0xf0; 
*
02B1:  MOVLW  F0
02B2:  MOVWF  06
....................       r1=0; if(c1==0) {x=0;} if(c2==0){x=1;} if(c3==0){x=2;} if(c4==0){x=3;}r1=1; 
02B3:  BCF    06.3
02B4:  BTFSC  06.7
02B5:  GOTO   2B7
02B6:  CLRF   50
02B7:  BTFSC  06.6
02B8:  GOTO   2BB
02B9:  MOVLW  01
02BA:  MOVWF  50
02BB:  BTFSC  06.5
02BC:  GOTO   2BF
02BD:  MOVLW  02
02BE:  MOVWF  50
02BF:  BTFSC  06.4
02C0:  GOTO   2C3
02C1:  MOVLW  03
02C2:  MOVWF  50
02C3:  BSF    06.3
....................  
....................       r2=0; if(c1==0) {x=4; }if(c2==0){x=5;} if(c3==0){x=6;} if(c4==0){x=7;}r2=1; 
02C4:  BCF    06.2
02C5:  BTFSC  06.7
02C6:  GOTO   2C9
02C7:  MOVLW  04
02C8:  MOVWF  50
02C9:  BTFSC  06.6
02CA:  GOTO   2CD
02CB:  MOVLW  05
02CC:  MOVWF  50
02CD:  BTFSC  06.5
02CE:  GOTO   2D1
02CF:  MOVLW  06
02D0:  MOVWF  50
02D1:  BTFSC  06.4
02D2:  GOTO   2D5
02D3:  MOVLW  07
02D4:  MOVWF  50
02D5:  BSF    06.2
....................  
....................       r3=0; if(c1==0) {x=8;} if(c2==0){x='A';} if(c3==0){x='B';} if(c4==0){x='C';}r3=1; 
02D6:  BCF    06.1
02D7:  BTFSC  06.7
02D8:  GOTO   2DB
02D9:  MOVLW  08
02DA:  MOVWF  50
02DB:  BTFSC  06.6
02DC:  GOTO   2DF
02DD:  MOVLW  41
02DE:  MOVWF  50
02DF:  BTFSC  06.5
02E0:  GOTO   2E3
02E1:  MOVLW  42
02E2:  MOVWF  50
02E3:  BTFSC  06.4
02E4:  GOTO   2E7
02E5:  MOVLW  43
02E6:  MOVWF  50
02E7:  BSF    06.1
....................  
....................       r4=0; if(c1==0) {x='D';} if(c2==0){x='E';} if(c3==0){x='F';} if(c4==0){x='G';}r4=1; 
02E8:  BCF    06.0
02E9:  BTFSC  06.7
02EA:  GOTO   2ED
02EB:  MOVLW  44
02EC:  MOVWF  50
02ED:  BTFSC  06.6
02EE:  GOTO   2F1
02EF:  MOVLW  45
02F0:  MOVWF  50
02F1:  BTFSC  06.5
02F2:  GOTO   2F5
02F3:  MOVLW  46
02F4:  MOVWF  50
02F5:  BTFSC  06.4
02F6:  GOTO   2F9
02F7:  MOVLW  47
02F8:  MOVWF  50
02F9:  BSF    06.0
....................       portb=0x00; 
02FA:  CLRF   06
....................       while(!(portb==0xf0)); 
02FB:  MOVF   06,W
02FC:  SUBLW  F0
02FD:  BTFSS  03.2
02FE:  GOTO   2FB
....................       rb_flag=1; 
02FF:  BSF    55.3
....................       delay_ms(2); 
0300:  MOVLW  02
0301:  MOVWF  62
0302:  CALL   29E
.................... } 
....................  
0303:  BCF    0B.0
0304:  BCF    0A.3
0305:  BCF    0A.4
0306:  GOTO   023
.................... #int_rda 
.................... rda_isr() 
.................... { 
....................       if(id==0) 
*
0313:  BTFSC  55.5
0314:  GOTO   325
....................         { 
....................          a[i1]=fgetc(); 
0315:  MOVLW  44
0316:  ADDWF  52,W
0317:  MOVWF  04
0318:  MOVWF  63
0319:  CALL   307
031A:  MOVF   63,W
031B:  MOVWF  04
031C:  MOVF   78,W
031D:  MOVWF  00
....................          i1++; 
031E:  INCF   52,F
....................             if(i1>=5) 
031F:  MOVF   52,W
0320:  SUBLW  04
0321:  BTFSC  03.0
0322:  GOTO   325
....................              { 
....................                i1=0; 
0323:  CLRF   52
....................                amt_flag=1; 
0324:  BSF    55.4
....................              } 
....................         } 
....................       if(id==1) 
0325:  BTFSS  55.5
0326:  GOTO   337
....................       { 
....................          a[i1]=fgetc(); 
0327:  MOVLW  44
0328:  ADDWF  52,W
0329:  MOVWF  04
032A:  MOVWF  63
032B:  CALL   307
032C:  MOVF   63,W
032D:  MOVWF  04
032E:  MOVF   78,W
032F:  MOVWF  00
....................          i1++; 
0330:  INCF   52,F
....................             if(i1>=12) 
0331:  MOVF   52,W
0332:  SUBLW  0B
0333:  BTFSC  03.0
0334:  GOTO   337
....................              { 
....................                i1=0; 
0335:  CLRF   52
....................                id_flag=1; 
0336:  BSF    53.0
....................              } 
....................       } 
.................... } 
0337:  BCF    0C.5
0338:  BCF    0A.3
0339:  BCF    0A.4
033A:  GOTO   023
.................... void command(unsigned int com) 
.................... { 
....................       portd=com; 
033B:  MOVF   59,W
033C:  MOVWF  08
....................       reg=0; 
033D:  BCF    09.0
....................       rw=0; 
033E:  BCF    09.1
....................       en=1; 
033F:  BSF    09.2
....................       delay_us(50); 
0340:  MOVLW  2D
0341:  MOVWF  77
0342:  DECFSZ 77,F
0343:  GOTO   342
0344:  NOP
0345:  NOP
....................       en=0; 
0346:  BCF    09.2
.................... } 
0347:  RETLW  00
.................... void data(unsigned int dat) 
.................... { 
....................       portd=dat; 
0348:  MOVF   5E,W
0349:  MOVWF  08
....................       reg=1; 
034A:  BSF    09.0
....................       rw=0; 
034B:  BCF    09.1
....................       en=1; 
034C:  BSF    09.2
....................       delay_us(50); 
034D:  MOVLW  2D
034E:  MOVWF  77
034F:  DECFSZ 77,F
0350:  GOTO   34F
0351:  NOP
0352:  NOP
....................       en=0; 
0353:  BCF    09.2
.................... } 
0354:  RETLW  00
....................  
.................... void main() 
.................... { 
*
0800:  CLRF   04
0801:  MOVLW  1F
0802:  ANDWF  03,F
0803:  MOVLW  11
0804:  BSF    03.5
0805:  MOVWF  19
0806:  MOVLW  22
0807:  MOVWF  18
0808:  MOVLW  90
0809:  BCF    03.5
080A:  MOVWF  18
080B:  BSF    03.5
080C:  BSF    1F.0
080D:  BSF    1F.1
080E:  BSF    1F.2
080F:  BCF    1F.3
0810:  MOVLW  07
0811:  MOVWF  1C
....................       int t,r,c; 
....................  
....................       trisb=0xf0; 
*
0853:  MOVLW  F0
0854:  BSF    03.5
0855:  MOVWF  06
....................       portb=0x00; 
0856:  BCF    03.5
0857:  CLRF   06
....................  
....................       trisd=0x00; 
0858:  BSF    03.5
0859:  CLRF   08
....................       portd=0x00; 
085A:  BCF    03.5
085B:  CLRF   08
....................  
....................       trisc=0x80; 
085C:  MOVLW  80
085D:  BSF    03.5
085E:  MOVWF  07
....................       portc=0x00; 
085F:  BCF    03.5
0860:  CLRF   07
....................  
....................       trise=0x00; 
0861:  BSF    03.5
0862:  CLRF   09
....................       porte=0x00; 
0863:  BCF    03.5
0864:  CLRF   09
....................  
....................       option_reg=0x00; 
0865:  BSF    03.5
0866:  CLRF   01
....................       intcon=0xc8; 
0867:  MOVLW  C8
0868:  BCF    03.5
0869:  MOVWF  0B
....................  
....................       enable_interrupts(global); 
086A:  MOVLW  C0
086B:  IORWF  0B,F
....................       enable_interrupts(int_rda); 
086C:  BSF    03.5
086D:  BSF    0C.5
....................  
....................       command(0x38); 
086E:  MOVLW  38
086F:  BCF    03.5
0870:  MOVWF  59
0871:  BCF    0A.3
0872:  CALL   33B
0873:  BSF    0A.3
....................       command(0x0c); 
0874:  MOVLW  0C
0875:  MOVWF  59
0876:  BCF    0A.3
0877:  CALL   33B
0878:  BSF    0A.3
....................       command(0x06); 
0879:  MOVLW  06
087A:  MOVWF  59
087B:  BCF    0A.3
087C:  CALL   33B
087D:  BSF    0A.3
....................       command(0x01); 
087E:  MOVLW  01
087F:  MOVWF  59
0880:  BCF    0A.3
0881:  CALL   33B
0882:  BSF    0A.3
0883:  CLRF   28
0884:  BTFSC  0B.7
0885:  BSF    28.7
0886:  BCF    0B.7
....................  
....................       delay_ms(2); 
0887:  MOVLW  02
0888:  MOVWF  62
0889:  BCF    0A.3
088A:  CALL   29E
088B:  BSF    0A.3
088C:  BTFSC  28.7
088D:  BSF    0B.7
....................  
....................       command(0x80); 
088E:  MOVLW  80
088F:  MOVWF  59
0890:  BCF    0A.3
0891:  CALL   33B
0892:  BSF    0A.3
....................       data("   PLEASE ENTER  "); 
0893:  CLRF   59
0894:  MOVF   59,W
0895:  BCF    0A.3
0896:  CALL   03C
0897:  BSF    0A.3
0898:  IORLW  00
0899:  BTFSC  03.2
089A:  GOTO   0A1
089B:  INCF   59,F
089C:  MOVWF  5E
089D:  BCF    0A.3
089E:  CALL   348
089F:  BSF    0A.3
08A0:  GOTO   094
....................       command(0xc0); 
08A1:  MOVLW  C0
08A2:  MOVWF  59
08A3:  BCF    0A.3
08A4:  CALL   33B
08A5:  BSF    0A.3
....................       data("   YOUR CHOICES    "); 
08A6:  CLRF   59
08A7:  MOVF   59,W
08A8:  BCF    0A.3
08A9:  CALL   052
08AA:  BSF    0A.3
08AB:  IORLW  00
08AC:  BTFSC  03.2
08AD:  GOTO   0B4
08AE:  INCF   59,F
08AF:  MOVWF  5E
08B0:  BCF    0A.3
08B1:  CALL   348
08B2:  BSF    0A.3
08B3:  GOTO   0A7
....................       delay_ms(500); 
08B4:  MOVLW  02
08B5:  MOVWF  59
08B6:  CLRF   28
08B7:  BTFSC  0B.7
08B8:  BSF    28.7
08B9:  BCF    0B.7
08BA:  MOVLW  FA
08BB:  MOVWF  62
08BC:  BCF    0A.3
08BD:  CALL   29E
08BE:  BSF    0A.3
08BF:  BTFSC  28.7
08C0:  BSF    0B.7
08C1:  DECFSZ 59,F
08C2:  GOTO   0B6
....................       command(0x01); 
08C3:  MOVLW  01
08C4:  MOVWF  59
08C5:  BCF    0A.3
08C6:  CALL   33B
08C7:  BSF    0A.3
08C8:  CLRF   28
08C9:  BTFSC  0B.7
08CA:  BSF    28.7
08CB:  BCF    0B.7
....................       delay_ms(2); 
08CC:  MOVLW  02
08CD:  MOVWF  62
08CE:  BCF    0A.3
08CF:  CALL   29E
08D0:  BSF    0A.3
08D1:  BTFSC  28.7
08D2:  BSF    0B.7
....................       putc('1'); 
08D3:  MOVLW  31
08D4:  BTFSS  0C.4
08D5:  GOTO   0D4
08D6:  MOVWF  19
....................  
.................... while(1) 
.................... { 
.................... if(amt_flag==1) 
08D7:  BTFSS  55.4
08D8:  GOTO   134
.................... { 
....................       RELAY = 0; 
08D9:  BCF    07.0
....................       s=1; 
08DA:  BSF    55.0
....................       amt_flag=0; 
08DB:  BCF    55.4
....................       command(0x01); 
08DC:  MOVLW  01
08DD:  MOVWF  59
08DE:  BCF    0A.3
08DF:  CALL   33B
08E0:  BSF    0A.3
08E1:  CLRF   28
08E2:  BTFSC  0B.7
08E3:  BSF    28.7
08E4:  BCF    0B.7
....................       delay_ms(2); 
08E5:  MOVLW  02
08E6:  MOVWF  62
08E7:  BCF    0A.3
08E8:  CALL   29E
08E9:  BSF    0A.3
08EA:  BTFSC  28.7
08EB:  BSF    0B.7
....................  
....................       total_amt = 0; 
08EC:  CLRF   2D
08ED:  CLRF   2C
....................       total_amt += (a[0]-'0')*10000; 
08EE:  MOVLW  30
08EF:  SUBWF  44,W
08F0:  MOVWF  5A
08F1:  CLRF   5C
08F2:  MOVF   5A,W
08F3:  MOVWF  5B
08F4:  MOVLW  27
08F5:  MOVWF  5E
08F6:  MOVLW  10
08F7:  MOVWF  5D
08F8:  BCF    0A.3
08F9:  CALL   355
08FA:  BSF    0A.3
08FB:  MOVF   78,W
08FC:  ADDWF  2C,F
08FD:  MOVF   79,W
08FE:  BTFSC  03.0
08FF:  INCFSZ 79,W
0900:  ADDWF  2D,F
....................       total_amt += (a[1]-'0')*1000; 
0901:  MOVLW  30
0902:  SUBWF  45,W
0903:  MOVWF  5A
0904:  CLRF   5C
0905:  MOVF   5A,W
0906:  MOVWF  5B
0907:  MOVLW  03
0908:  MOVWF  5E
0909:  MOVLW  E8
090A:  MOVWF  5D
090B:  BCF    0A.3
090C:  CALL   355
090D:  BSF    0A.3
090E:  MOVF   78,W
090F:  ADDWF  2C,F
0910:  MOVF   79,W
0911:  BTFSC  03.0
0912:  INCFSZ 79,W
0913:  ADDWF  2D,F
....................       total_amt += (a[2]-'0')*100; 
0914:  MOVLW  30
0915:  SUBWF  46,W
0916:  MOVWF  5A
0917:  MOVWF  5B
0918:  MOVLW  64
0919:  MOVWF  5C
091A:  BCF    0A.3
091B:  CALL   36A
091C:  BSF    0A.3
091D:  MOVF   78,W
091E:  ADDWF  2C,F
091F:  BTFSC  03.0
0920:  INCF   2D,F
....................       total_amt += (a[3]-'0')*10; 
0921:  MOVLW  30
0922:  SUBWF  47,W
0923:  MOVWF  5A
0924:  MOVWF  5B
0925:  MOVLW  0A
0926:  MOVWF  5C
0927:  BCF    0A.3
0928:  CALL   36A
0929:  BSF    0A.3
092A:  MOVF   78,W
092B:  ADDWF  2C,F
092C:  BTFSC  03.0
092D:  INCF   2D,F
....................       total_amt += (a[4]-'0')*1; 
092E:  MOVLW  30
092F:  SUBWF  48,W
0930:  ADDWF  2C,F
0931:  BTFSC  03.0
0932:  INCF   2D,F
....................  
....................       id=1; 
0933:  BSF    55.5
.................... } 
.................... if((x==0) && (o==1)) 
0934:  MOVF   50,F
0935:  BTFSS  03.2
0936:  GOTO   226
0937:  BTFSS  54.4
0938:  GOTO   226
.................... { 
....................       s=0; 
0939:  BCF    55.0
....................       k=1; 
093A:  BSF    53.7
....................       command(0x80); 
093B:  MOVLW  80
093C:  MOVWF  59
093D:  BCF    0A.3
093E:  CALL   33B
093F:  BSF    0A.3
....................       data("K.A:"); 
0940:  CLRF   59
0941:  MOVF   59,W
0942:  BCF    0A.3
0943:  CALL   06A
0944:  BSF    0A.3
0945:  IORLW  00
0946:  BTFSC  03.2
0947:  GOTO   14E
0948:  INCF   59,F
0949:  MOVWF  5E
094A:  BCF    0A.3
094B:  CALL   348
094C:  BSF    0A.3
094D:  GOTO   141
....................       command(0x84); 
094E:  MOVLW  84
094F:  MOVWF  59
0950:  BCF    0A.3
0951:  CALL   33B
0952:  BSF    0A.3
....................       data("CLASS ROOM"); 
0953:  CLRF   59
0954:  MOVF   59,W
0955:  BCF    0A.3
0956:  CALL   073
0957:  BSF    0A.3
0958:  IORLW  00
0959:  BTFSC  03.2
095A:  GOTO   161
095B:  INCF   59,F
095C:  MOVWF  5E
095D:  BCF    0A.3
095E:  CALL   348
095F:  BSF    0A.3
0960:  GOTO   154
0961:  CLRF   28
0962:  BTFSC  0B.7
0963:  BSF    28.7
0964:  BCF    0B.7
....................       delay_ms(1); 
0965:  MOVLW  01
0966:  MOVWF  62
0967:  BCF    0A.3
0968:  CALL   29E
0969:  BSF    0A.3
096A:  BTFSC  28.7
096B:  BSF    0B.7
....................       command(0xc0); 
096C:  MOVLW  C0
096D:  MOVWF  59
096E:  BCF    0A.3
096F:  CALL   33B
0970:  BSF    0A.3
....................       data("K.B:"); 
0971:  CLRF   59
0972:  MOVF   59,W
0973:  BCF    0A.3
0974:  CALL   082
0975:  BSF    0A.3
0976:  IORLW  00
0977:  BTFSC  03.2
0978:  GOTO   17F
0979:  INCF   59,F
097A:  MOVWF  5E
097B:  BCF    0A.3
097C:  CALL   348
097D:  BSF    0A.3
097E:  GOTO   172
....................       command(0xc4); 
097F:  MOVLW  C4
0980:  MOVWF  59
0981:  BCF    0A.3
0982:  CALL   33B
0983:  BSF    0A.3
....................       data("LIBRARY"); 
0984:  CLRF   59
0985:  MOVF   59,W
0986:  BCF    0A.3
0987:  CALL   08B
0988:  BSF    0A.3
0989:  IORLW  00
098A:  BTFSC  03.2
098B:  GOTO   192
098C:  INCF   59,F
098D:  MOVWF  5E
098E:  BCF    0A.3
098F:  CALL   348
0990:  BSF    0A.3
0991:  GOTO   185
0992:  CLRF   28
0993:  BTFSC  0B.7
0994:  BSF    28.7
0995:  BCF    0B.7
....................       delay_ms(1); 
0996:  MOVLW  01
0997:  MOVWF  62
0998:  BCF    0A.3
0999:  CALL   29E
099A:  BSF    0A.3
099B:  BTFSC  28.7
099C:  BSF    0B.7
....................       command(0x94); 
099D:  MOVLW  94
099E:  MOVWF  59
099F:  BCF    0A.3
09A0:  CALL   33B
09A1:  BSF    0A.3
....................       data("K.C:"); 
09A2:  CLRF   59
09A3:  MOVF   59,W
09A4:  BCF    0A.3
09A5:  CALL   097
09A6:  BSF    0A.3
09A7:  IORLW  00
09A8:  BTFSC  03.2
09A9:  GOTO   1B0
09AA:  INCF   59,F
09AB:  MOVWF  5E
09AC:  BCF    0A.3
09AD:  CALL   348
09AE:  BSF    0A.3
09AF:  GOTO   1A3
....................       command(0x98); 
09B0:  MOVLW  98
09B1:  MOVWF  59
09B2:  BCF    0A.3
09B3:  CALL   33B
09B4:  BSF    0A.3
....................       data("CANTEEN"); 
09B5:  CLRF   59
09B6:  MOVF   59,W
09B7:  BCF    0A.3
09B8:  CALL   0A0
09B9:  BSF    0A.3
09BA:  IORLW  00
09BB:  BTFSC  03.2
09BC:  GOTO   1C3
09BD:  INCF   59,F
09BE:  MOVWF  5E
09BF:  BCF    0A.3
09C0:  CALL   348
09C1:  BSF    0A.3
09C2:  GOTO   1B6
09C3:  CLRF   28
09C4:  BTFSC  0B.7
09C5:  BSF    28.7
09C6:  BCF    0B.7
....................       delay_ms(1); 
09C7:  MOVLW  01
09C8:  MOVWF  62
09C9:  BCF    0A.3
09CA:  CALL   29E
09CB:  BSF    0A.3
09CC:  BTFSC  28.7
09CD:  BSF    0B.7
....................       command(0xd4); 
09CE:  MOVLW  D4
09CF:  MOVWF  59
09D0:  BCF    0A.3
09D1:  CALL   33B
09D2:  BSF    0A.3
....................       data("K.D:"); 
09D3:  CLRF   59
09D4:  MOVF   59,W
09D5:  BCF    0A.3
09D6:  CALL   0AC
09D7:  BSF    0A.3
09D8:  IORLW  00
09D9:  BTFSC  03.2
09DA:  GOTO   1E1
09DB:  INCF   59,F
09DC:  MOVWF  5E
09DD:  BCF    0A.3
09DE:  CALL   348
09DF:  BSF    0A.3
09E0:  GOTO   1D4
....................       command(0xd8); 
09E1:  MOVLW  D8
09E2:  MOVWF  59
09E3:  BCF    0A.3
09E4:  CALL   33B
09E5:  BSF    0A.3
....................       data("HOSTEL"); 
09E6:  CLRF   59
09E7:  MOVF   59,W
09E8:  BCF    0A.3
09E9:  CALL   0B5
09EA:  BSF    0A.3
09EB:  IORLW  00
09EC:  BTFSC  03.2
09ED:  GOTO   1F4
09EE:  INCF   59,F
09EF:  MOVWF  5E
09F0:  BCF    0A.3
09F1:  CALL   348
09F2:  BSF    0A.3
09F3:  GOTO   1E7
09F4:  CLRF   28
09F5:  BTFSC  0B.7
09F6:  BSF    28.7
09F7:  BCF    0B.7
....................       delay_ms(1); 
09F8:  MOVLW  01
09F9:  MOVWF  62
09FA:  BCF    0A.3
09FB:  CALL   29E
09FC:  BSF    0A.3
09FD:  BTFSC  28.7
09FE:  BSF    0B.7
....................       command(0xdf); 
09FF:  MOVLW  DF
0A00:  MOVWF  59
0A01:  BCF    0A.3
0A02:  CALL   33B
0A03:  BSF    0A.3
....................       data("K.E:"); 
0A04:  CLRF   59
0A05:  MOVF   59,W
0A06:  BCF    0A.3
0A07:  CALL   0C0
0A08:  BSF    0A.3
0A09:  IORLW  00
0A0A:  BTFSC  03.2
0A0B:  GOTO   212
0A0C:  INCF   59,F
0A0D:  MOVWF  5E
0A0E:  BCF    0A.3
0A0F:  CALL   348
0A10:  BSF    0A.3
0A11:  GOTO   205
....................       command(0xe3); 
0A12:  MOVLW  E3
0A13:  MOVWF  59
0A14:  BCF    0A.3
0A15:  CALL   33B
0A16:  BSF    0A.3
....................       data("BANKS"); 
0A17:  CLRF   59
0A18:  MOVF   59,W
0A19:  BCF    0A.3
0A1A:  CALL   0C9
0A1B:  BSF    0A.3
0A1C:  IORLW  00
0A1D:  BTFSC  03.2
0A1E:  GOTO   225
0A1F:  INCF   59,F
0A20:  MOVWF  5E
0A21:  BCF    0A.3
0A22:  CALL   348
0A23:  BSF    0A.3
0A24:  GOTO   218
....................  
....................       RELAY=1; 
0A25:  BSF    07.0
.................... } 
.................... if((x=='A') && (k==1))                                              ////// CLASS ROOM 
0A26:  MOVF   50,W
0A27:  SUBLW  41
0A28:  BTFSS  03.2
0A29:  GOTO   265
0A2A:  BTFSS  53.7
0A2B:  GOTO   265
.................... { 
....................       x=0;o=0;glag=1;glag_2=0;glag_1=0;glag_3=0;glag_4=0; 
0A2C:  CLRF   50
0A2D:  BCF    54.4
0A2E:  BSF    53.2
0A2F:  BCF    53.4
0A30:  BCF    53.3
0A31:  BCF    53.5
0A32:  BCF    53.6
....................       putc('A'); 
0A33:  MOVLW  41
0A34:  BTFSS  0C.4
0A35:  GOTO   234
0A36:  MOVWF  19
....................       command(0x01); 
0A37:  MOVLW  01
0A38:  MOVWF  59
0A39:  BCF    0A.3
0A3A:  CALL   33B
0A3B:  BSF    0A.3
0A3C:  CLRF   28
0A3D:  BTFSC  0B.7
0A3E:  BSF    28.7
0A3F:  BCF    0B.7
....................       delay_ms(2); 
0A40:  MOVLW  02
0A41:  MOVWF  62
0A42:  BCF    0A.3
0A43:  CALL   29E
0A44:  BSF    0A.3
0A45:  BTFSC  28.7
0A46:  BSF    0B.7
....................       command(0x80); 
0A47:  MOVLW  80
0A48:  MOVWF  59
0A49:  BCF    0A.3
0A4A:  CALL   33B
0A4B:  BSF    0A.3
....................       data("CLASS ROOM:"); 
0A4C:  CLRF   59
0A4D:  MOVF   59,W
0A4E:  BCF    0A.3
0A4F:  CALL   0D3
0A50:  BSF    0A.3
0A51:  IORLW  00
0A52:  BTFSC  03.2
0A53:  GOTO   25A
0A54:  INCF   59,F
0A55:  MOVWF  5E
0A56:  BCF    0A.3
0A57:  CALL   348
0A58:  BSF    0A.3
0A59:  GOTO   24D
0A5A:  CLRF   28
0A5B:  BTFSC  0B.7
0A5C:  BSF    28.7
0A5D:  BCF    0B.7
....................       delay_ms(100); 
0A5E:  MOVLW  64
0A5F:  MOVWF  62
0A60:  BCF    0A.3
0A61:  CALL   29E
0A62:  BSF    0A.3
0A63:  BTFSC  28.7
0A64:  BSF    0B.7
....................  
....................             } 
....................                if((id_flag==1) && (glag==1)) 
0A65:  BTFSS  53.0
0A66:  GOTO   2AC
0A67:  BTFSS  53.2
0A68:  GOTO   2AC
....................                { 
....................                   if((a[10]=='5') && (a[11]=='1')) 
0A69:  MOVF   4E,W
0A6A:  SUBLW  35
0A6B:  BTFSS  03.2
0A6C:  GOTO   28A
0A6D:  MOVF   4F,W
0A6E:  SUBLW  31
0A6F:  BTFSS  03.2
0A70:  GOTO   28A
....................                   { 
....................                            receiver=1;o=0; 
0A71:  BSF    55.1
0A72:  BCF    54.4
....................                            Z; 
0A73:  MOVLW  4D
0A74:  BTFSS  0C.4
0A75:  GOTO   274
0A76:  MOVWF  19
....................                            command(0x80); 
0A77:  MOVLW  80
0A78:  MOVWF  59
0A79:  BCF    0A.3
0A7A:  CALL   33B
0A7B:  BSF    0A.3
....................                            data("DIVYA IS PRESENT"); 
0A7C:  CLRF   59
0A7D:  MOVF   59,W
0A7E:  BCF    0A.3
0A7F:  CALL   0E3
0A80:  BSF    0A.3
0A81:  IORLW  00
0A82:  BTFSC  03.2
0A83:  GOTO   28A
0A84:  INCF   59,F
0A85:  MOVWF  5E
0A86:  BCF    0A.3
0A87:  CALL   348
0A88:  BSF    0A.3
0A89:  GOTO   27D
....................                                  } 
....................                                     if((a[9]=='5') && (a[10]=='3')) 
0A8A:  MOVF   4D,W
0A8B:  SUBLW  35
0A8C:  BTFSS  03.2
0A8D:  GOTO   2AB
0A8E:  MOVF   4E,W
0A8F:  SUBLW  33
0A90:  BTFSS  03.2
0A91:  GOTO   2AB
....................                                     { 
....................                                        receiver=0;o=0; 
0A92:  BCF    55.1
0A93:  BCF    54.4
....................                                        Y; 
0A94:  MOVLW  4C
0A95:  BTFSS  0C.4
0A96:  GOTO   295
0A97:  MOVWF  19
....................                                        command(0xc0); 
0A98:  MOVLW  C0
0A99:  MOVWF  59
0A9A:  BCF    0A.3
0A9B:  CALL   33B
0A9C:  BSF    0A.3
....................                                        data("RAMYA IS PRESENT"); 
0A9D:  CLRF   59
0A9E:  MOVF   59,W
0A9F:  BCF    0A.3
0AA0:  CALL   0F8
0AA1:  BSF    0A.3
0AA2:  IORLW  00
0AA3:  BTFSC  03.2
0AA4:  GOTO   2AB
0AA5:  INCF   59,F
0AA6:  MOVWF  5E
0AA7:  BCF    0A.3
0AA8:  CALL   348
0AA9:  BSF    0A.3
0AAA:  GOTO   29E
....................                                           } 
....................                                              id_flag=0; 
0AAB:  BCF    53.0
....................  
....................                } 
....................  
.................... if(x=='B')                                                            ////// LIBRARY 
0AAC:  MOVF   50,W
0AAD:  SUBLW  42
0AAE:  BTFSS  03.2
0AAF:  GOTO   2E9
.................... { 
....................          x=0;o=0;glag=0;glag_2=0;glag_1=1;glag_3=0;glag_4=0; 
0AB0:  CLRF   50
0AB1:  BCF    54.4
0AB2:  BCF    53.2
0AB3:  BCF    53.4
0AB4:  BSF    53.3
0AB5:  BCF    53.5
0AB6:  BCF    53.6
....................          putc('B'); 
0AB7:  MOVLW  42
0AB8:  BTFSS  0C.4
0AB9:  GOTO   2B8
0ABA:  MOVWF  19
....................          command(0x01); 
0ABB:  MOVLW  01
0ABC:  MOVWF  59
0ABD:  BCF    0A.3
0ABE:  CALL   33B
0ABF:  BSF    0A.3
....................          command(0x80); 
0AC0:  MOVLW  80
0AC1:  MOVWF  59
0AC2:  BCF    0A.3
0AC3:  CALL   33B
0AC4:  BSF    0A.3
0AC5:  CLRF   28
0AC6:  BTFSC  0B.7
0AC7:  BSF    28.7
0AC8:  BCF    0B.7
....................          delay_ms(2); 
0AC9:  MOVLW  02
0ACA:  MOVWF  62
0ACB:  BCF    0A.3
0ACC:  CALL   29E
0ACD:  BSF    0A.3
0ACE:  BTFSC  28.7
0ACF:  BSF    0B.7
....................          data("LIBRARY:"); 
0AD0:  CLRF   59
0AD1:  MOVF   59,W
0AD2:  BCF    0A.3
0AD3:  CALL   113
0AD4:  BSF    0A.3
0AD5:  IORLW  00
0AD6:  BTFSC  03.2
0AD7:  GOTO   2DE
0AD8:  INCF   59,F
0AD9:  MOVWF  5E
0ADA:  BCF    0A.3
0ADB:  CALL   348
0ADC:  BSF    0A.3
0ADD:  GOTO   2D1
0ADE:  CLRF   28
0ADF:  BTFSC  0B.7
0AE0:  BSF    28.7
0AE1:  BCF    0B.7
....................          delay_ms(100); 
0AE2:  MOVLW  64
0AE3:  MOVWF  62
0AE4:  BCF    0A.3
0AE5:  CALL   29E
0AE6:  BSF    0A.3
0AE7:  BTFSC  28.7
0AE8:  BSF    0B.7
....................  
.................... } 
....................                  if((id_flag==1) && (glag_1==1)) 
0AE9:  BTFSS  53.0
0AEA:  GOTO   35B
0AEB:  BTFSS  53.3
0AEC:  GOTO   35B
....................                   { 
....................                      if((a[10]=='5') && (a[11]=='1')) 
0AED:  MOVF   4E,W
0AEE:  SUBLW  35
0AEF:  BTFSS  03.2
0AF0:  GOTO   326
0AF1:  MOVF   4F,W
0AF2:  SUBLW  31
0AF3:  BTFSS  03.2
0AF4:  GOTO   326
....................                      { 
....................                               o=0;l=1; 
0AF5:  BCF    54.4
0AF6:  BSF    54.0
....................                               Z; 
0AF7:  MOVLW  4D
0AF8:  BTFSS  0C.4
0AF9:  GOTO   2F8
0AFA:  MOVWF  19
....................                               command(0x80); 
0AFB:  MOVLW  80
0AFC:  MOVWF  59
0AFD:  BCF    0A.3
0AFE:  CALL   33B
0AFF:  BSF    0A.3
....................                               data("DUES:RS.100"); 
0B00:  CLRF   59
0B01:  MOVF   59,W
0B02:  BCF    0A.3
0B03:  CALL   120
0B04:  BSF    0A.3
0B05:  IORLW  00
0B06:  BTFSC  03.2
0B07:  GOTO   30E
0B08:  INCF   59,F
0B09:  MOVWF  5E
0B0A:  BCF    0A.3
0B0B:  CALL   348
0B0C:  BSF    0A.3
0B0D:  GOTO   301
....................                               command(0xc0); 
0B0E:  MOVLW  C0
0B0F:  MOVWF  59
0B10:  BCF    0A.3
0B11:  CALL   33B
0B12:  BSF    0A.3
....................                               data("WANT TO PAY"); 
0B13:  CLRF   59
0B14:  MOVF   59,W
0B15:  BCF    0A.3
0B16:  CALL   130
0B17:  BSF    0A.3
0B18:  IORLW  00
0B19:  BTFSC  03.2
0B1A:  GOTO   321
0B1B:  INCF   59,F
0B1C:  MOVWF  5E
0B1D:  BCF    0A.3
0B1E:  CALL   348
0B1F:  BSF    0A.3
0B20:  GOTO   314
....................                               command(0x94); 
0B21:  MOVLW  94
0B22:  MOVWF  59
0B23:  BCF    0A.3
0B24:  CALL   33B
0B25:  BSF    0A.3
....................  
....................                                } 
....................                                   if((a[9]=='5') && (a[10]=='3')) 
0B26:  MOVF   4D,W
0B27:  SUBLW  35
0B28:  BTFSS  03.2
0B29:  GOTO   35A
0B2A:  MOVF   4E,W
0B2B:  SUBLW  33
0B2C:  BTFSS  03.2
0B2D:  GOTO   35A
....................                                   { 
....................                                        l=0;o=0; 
0B2E:  BCF    54.0
0B2F:  BCF    54.4
....................                                        Y; 
0B30:  MOVLW  4C
0B31:  BTFSS  0C.4
0B32:  GOTO   331
0B33:  MOVWF  19
....................                                        command(0x80); 
0B34:  MOVLW  80
0B35:  MOVWF  59
0B36:  BCF    0A.3
0B37:  CALL   33B
0B38:  BSF    0A.3
....................                                        data("  NO DUES  "); 
0B39:  CLRF   59
0B3A:  MOVF   59,W
0B3B:  BCF    0A.3
0B3C:  CALL   140
0B3D:  BSF    0A.3
0B3E:  IORLW  00
0B3F:  BTFSC  03.2
0B40:  GOTO   347
0B41:  INCF   59,F
0B42:  MOVWF  5E
0B43:  BCF    0A.3
0B44:  CALL   348
0B45:  BSF    0A.3
0B46:  GOTO   33A
....................                                        command(0xc0); 
0B47:  MOVLW  C0
0B48:  MOVWF  59
0B49:  BCF    0A.3
0B4A:  CALL   33B
0B4B:  BSF    0A.3
....................                                        data("AMOUNT PAID"); 
0B4C:  CLRF   59
0B4D:  MOVF   59,W
0B4E:  BCF    0A.3
0B4F:  CALL   150
0B50:  BSF    0A.3
0B51:  IORLW  00
0B52:  BTFSC  03.2
0B53:  GOTO   35A
0B54:  INCF   59,F
0B55:  MOVWF  5E
0B56:  BCF    0A.3
0B57:  CALL   348
0B58:  BSF    0A.3
0B59:  GOTO   34D
....................                                         } 
....................                                            id_flag=0; 
0B5A:  BCF    53.0
....................                 } 
.................... if(x=='C')                                                           ////// CANTEEN 
0B5B:  MOVF   50,W
0B5C:  SUBLW  43
0B5D:  BTFSS  03.2
0B5E:  GOTO   398
.................... { 
....................          x=0;o=0;glag_1=0;glag=0;glag_2=1;glag_3=0;glag_4=0; 
0B5F:  CLRF   50
0B60:  BCF    54.4
0B61:  BCF    53.3
0B62:  BCF    53.2
0B63:  BSF    53.4
0B64:  BCF    53.5
0B65:  BCF    53.6
....................          putc('C'); 
0B66:  MOVLW  43
0B67:  BTFSS  0C.4
0B68:  GOTO   367
0B69:  MOVWF  19
....................          command(0x01); 
0B6A:  MOVLW  01
0B6B:  MOVWF  59
0B6C:  BCF    0A.3
0B6D:  CALL   33B
0B6E:  BSF    0A.3
0B6F:  CLRF   28
0B70:  BTFSC  0B.7
0B71:  BSF    28.7
0B72:  BCF    0B.7
....................          delay_ms(2); 
0B73:  MOVLW  02
0B74:  MOVWF  62
0B75:  BCF    0A.3
0B76:  CALL   29E
0B77:  BSF    0A.3
0B78:  BTFSC  28.7
0B79:  BSF    0B.7
....................          command(0x80); 
0B7A:  MOVLW  80
0B7B:  MOVWF  59
0B7C:  BCF    0A.3
0B7D:  CALL   33B
0B7E:  BSF    0A.3
....................          data("CANTEEN:"); 
0B7F:  CLRF   59
0B80:  MOVF   59,W
0B81:  BCF    0A.3
0B82:  CALL   160
0B83:  BSF    0A.3
0B84:  IORLW  00
0B85:  BTFSC  03.2
0B86:  GOTO   38D
0B87:  INCF   59,F
0B88:  MOVWF  5E
0B89:  BCF    0A.3
0B8A:  CALL   348
0B8B:  BSF    0A.3
0B8C:  GOTO   380
0B8D:  CLRF   28
0B8E:  BTFSC  0B.7
0B8F:  BSF    28.7
0B90:  BCF    0B.7
....................          delay_ms(100); 
0B91:  MOVLW  64
0B92:  MOVWF  62
0B93:  BCF    0A.3
0B94:  CALL   29E
0B95:  BSF    0A.3
0B96:  BTFSC  28.7
0B97:  BSF    0B.7
....................  
.................... } 
....................                 if((id_flag==1) && (glag_2==1)) 
0B98:  BTFSS  53.0
0B99:  GOTO   415
0B9A:  BTFSS  53.4
0B9B:  GOTO   415
....................                  { 
....................                     if((a[10]=='5') && (a[11]=='1')) 
0B9C:  MOVF   4E,W
0B9D:  SUBLW  35
0B9E:  BTFSS  03.2
0B9F:  GOTO   3D8
0BA0:  MOVF   4F,W
0BA1:  SUBLW  31
0BA2:  BTFSS  03.2
0BA3:  GOTO   3D8
....................                     { 
....................                            m=1;o=0; 
0BA4:  BSF    54.1
0BA5:  BCF    54.4
....................                            Z; 
0BA6:  MOVLW  4D
0BA7:  BTFSS  0C.4
0BA8:  GOTO   3A7
0BA9:  MOVWF  19
....................                            putc('@'); 
0BAA:  MOVLW  40
0BAB:  BTFSS  0C.4
0BAC:  GOTO   3AB
0BAD:  MOVWF  19
....................                            putc('M'); 
0BAE:  MOVLW  4D
0BAF:  BTFSS  0C.4
0BB0:  GOTO   3AF
0BB1:  MOVWF  19
....................                            command(0x80); 
0BB2:  MOVLW  80
0BB3:  MOVWF  59
0BB4:  BCF    0A.3
0BB5:  CALL   33B
0BB6:  BSF    0A.3
....................                            data("AMOUNT PAID"); 
0BB7:  CLRF   59
0BB8:  MOVF   59,W
0BB9:  BCF    0A.3
0BBA:  CALL   150
0BBB:  BSF    0A.3
0BBC:  IORLW  00
0BBD:  BTFSC  03.2
0BBE:  GOTO   3C5
0BBF:  INCF   59,F
0BC0:  MOVWF  5E
0BC1:  BCF    0A.3
0BC2:  CALL   348
0BC3:  BSF    0A.3
0BC4:  GOTO   3B8
....................                            command(0xc0); 
0BC5:  MOVLW  C0
0BC6:  MOVWF  59
0BC7:  BCF    0A.3
0BC8:  CALL   33B
0BC9:  BSF    0A.3
....................                            data("BY DIVYA"); 
0BCA:  CLRF   59
0BCB:  MOVF   59,W
0BCC:  BCF    0A.3
0BCD:  CALL   16D
0BCE:  BSF    0A.3
0BCF:  IORLW  00
0BD0:  BTFSC  03.2
0BD1:  GOTO   3D8
0BD2:  INCF   59,F
0BD3:  MOVWF  5E
0BD4:  BCF    0A.3
0BD5:  CALL   348
0BD6:  BSF    0A.3
0BD7:  GOTO   3CB
....................  
....................                                } 
....................                                   if((a[9]=='5') && (a[10]=='3')) 
0BD8:  MOVF   4D,W
0BD9:  SUBLW  35
0BDA:  BTFSS  03.2
0BDB:  GOTO   414
0BDC:  MOVF   4E,W
0BDD:  SUBLW  33
0BDE:  BTFSS  03.2
0BDF:  GOTO   414
....................                                   { 
....................                                        m=0;o=0; 
0BE0:  BCF    54.1
0BE1:  BCF    54.4
....................                                        Y; 
0BE2:  MOVLW  4C
0BE3:  BTFSS  0C.4
0BE4:  GOTO   3E3
0BE5:  MOVWF  19
....................                                        putc('@'); 
0BE6:  MOVLW  40
0BE7:  BTFSS  0C.4
0BE8:  GOTO   3E7
0BE9:  MOVWF  19
....................                                        putc('L'); 
0BEA:  MOVLW  4C
0BEB:  BTFSS  0C.4
0BEC:  GOTO   3EB
0BED:  MOVWF  19
....................                                        command(0x80); 
0BEE:  MOVLW  80
0BEF:  MOVWF  59
0BF0:  BCF    0A.3
0BF1:  CALL   33B
0BF2:  BSF    0A.3
....................                                        data("AMOUNT PAID"); 
0BF3:  CLRF   59
0BF4:  MOVF   59,W
0BF5:  BCF    0A.3
0BF6:  CALL   150
0BF7:  BSF    0A.3
0BF8:  IORLW  00
0BF9:  BTFSC  03.2
0BFA:  GOTO   401
0BFB:  INCF   59,F
0BFC:  MOVWF  5E
0BFD:  BCF    0A.3
0BFE:  CALL   348
0BFF:  BSF    0A.3
0C00:  GOTO   3F4
....................                                        command(0xc0); 
0C01:  MOVLW  C0
0C02:  MOVWF  59
0C03:  BCF    0A.3
0C04:  CALL   33B
0C05:  BSF    0A.3
....................                                        data("BY RAMYA"); 
0C06:  CLRF   59
0C07:  MOVF   59,W
0C08:  BCF    0A.3
0C09:  CALL   17A
0C0A:  BSF    0A.3
0C0B:  IORLW  00
0C0C:  BTFSC  03.2
0C0D:  GOTO   414
0C0E:  INCF   59,F
0C0F:  MOVWF  5E
0C10:  BCF    0A.3
0C11:  CALL   348
0C12:  BSF    0A.3
0C13:  GOTO   407
....................                                                } 
....................                                                  id_flag=0; 
0C14:  BCF    53.0
....................                  } 
.................... if(x=='D')                                                           /////// HOSTEL 
0C15:  MOVF   50,W
0C16:  SUBLW  44
0C17:  BTFSS  03.2
0C18:  GOTO   452
.................... { 
....................             x=0;o=0;glag=0;glag_1=0;glag_2=0;glag_4=0;glag_3=1; 
0C19:  CLRF   50
0C1A:  BCF    54.4
0C1B:  BCF    53.2
0C1C:  BCF    53.3
0C1D:  BCF    53.4
0C1E:  BCF    53.6
0C1F:  BSF    53.5
....................             putc('D'); 
0C20:  MOVLW  44
0C21:  BTFSS  0C.4
0C22:  GOTO   421
0C23:  MOVWF  19
....................             command(0x01); 
0C24:  MOVLW  01
0C25:  MOVWF  59
0C26:  BCF    0A.3
0C27:  CALL   33B
0C28:  BSF    0A.3
0C29:  CLRF   28
0C2A:  BTFSC  0B.7
0C2B:  BSF    28.7
0C2C:  BCF    0B.7
....................             delay_ms(2); 
0C2D:  MOVLW  02
0C2E:  MOVWF  62
0C2F:  BCF    0A.3
0C30:  CALL   29E
0C31:  BSF    0A.3
0C32:  BTFSC  28.7
0C33:  BSF    0B.7
....................             command(0x80); 
0C34:  MOVLW  80
0C35:  MOVWF  59
0C36:  BCF    0A.3
0C37:  CALL   33B
0C38:  BSF    0A.3
....................             data("HOSTEL:"); 
0C39:  CLRF   59
0C3A:  MOVF   59,W
0C3B:  BCF    0A.3
0C3C:  CALL   187
0C3D:  BSF    0A.3
0C3E:  IORLW  00
0C3F:  BTFSC  03.2
0C40:  GOTO   447
0C41:  INCF   59,F
0C42:  MOVWF  5E
0C43:  BCF    0A.3
0C44:  CALL   348
0C45:  BSF    0A.3
0C46:  GOTO   43A
0C47:  CLRF   28
0C48:  BTFSC  0B.7
0C49:  BSF    28.7
0C4A:  BCF    0B.7
....................             delay_ms(100); 
0C4B:  MOVLW  64
0C4C:  MOVWF  62
0C4D:  BCF    0A.3
0C4E:  CALL   29E
0C4F:  BSF    0A.3
0C50:  BTFSC  28.7
0C51:  BSF    0B.7
....................  
.................... } 
....................                if((id_flag==1) && (glag_3==1)) 
0C52:  BTFSS  53.0
0C53:  GOTO   4BF
0C54:  BTFSS  53.5
0C55:  GOTO   4BF
....................                   { 
....................                      if((a[10]=='5') && (a[11]=='1')) 
0C56:  MOVF   4E,W
0C57:  SUBLW  35
0C58:  BTFSS  03.2
0C59:  GOTO   48A
0C5A:  MOVF   4F,W
0C5B:  SUBLW  31
0C5C:  BTFSS  03.2
0C5D:  GOTO   48A
....................                      { 
....................                            n=1;o=0; 
0C5E:  BSF    54.2
0C5F:  BCF    54.4
....................                            Z; 
0C60:  MOVLW  4D
0C61:  BTFSS  0C.4
0C62:  GOTO   461
0C63:  MOVWF  19
....................                            command(0x80); 
0C64:  MOVLW  80
0C65:  MOVWF  59
0C66:  BCF    0A.3
0C67:  CALL   33B
0C68:  BSF    0A.3
....................                            data("AMOUNT PAID"); 
0C69:  CLRF   59
0C6A:  MOVF   59,W
0C6B:  BCF    0A.3
0C6C:  CALL   150
0C6D:  BSF    0A.3
0C6E:  IORLW  00
0C6F:  BTFSC  03.2
0C70:  GOTO   477
0C71:  INCF   59,F
0C72:  MOVWF  5E
0C73:  BCF    0A.3
0C74:  CALL   348
0C75:  BSF    0A.3
0C76:  GOTO   46A
....................                            command(0xc0); 
0C77:  MOVLW  C0
0C78:  MOVWF  59
0C79:  BCF    0A.3
0C7A:  CALL   33B
0C7B:  BSF    0A.3
....................                            data("BY DIVYA"); 
0C7C:  CLRF   59
0C7D:  MOVF   59,W
0C7E:  BCF    0A.3
0C7F:  CALL   16D
0C80:  BSF    0A.3
0C81:  IORLW  00
0C82:  BTFSC  03.2
0C83:  GOTO   48A
0C84:  INCF   59,F
0C85:  MOVWF  5E
0C86:  BCF    0A.3
0C87:  CALL   348
0C88:  BSF    0A.3
0C89:  GOTO   47D
....................                                } 
....................                                   if((a[9]=='5') && (a[10]=='3')) 
0C8A:  MOVF   4D,W
0C8B:  SUBLW  35
0C8C:  BTFSS  03.2
0C8D:  GOTO   4BE
0C8E:  MOVF   4E,W
0C8F:  SUBLW  33
0C90:  BTFSS  03.2
0C91:  GOTO   4BE
....................                                    { 
....................                                        n=0;o=0; 
0C92:  BCF    54.2
0C93:  BCF    54.4
....................                                        Y; 
0C94:  MOVLW  4C
0C95:  BTFSS  0C.4
0C96:  GOTO   495
0C97:  MOVWF  19
....................                                        command(0x80); 
0C98:  MOVLW  80
0C99:  MOVWF  59
0C9A:  BCF    0A.3
0C9B:  CALL   33B
0C9C:  BSF    0A.3
....................                                        data("AMOUNT PAID"); 
0C9D:  CLRF   59
0C9E:  MOVF   59,W
0C9F:  BCF    0A.3
0CA0:  CALL   150
0CA1:  BSF    0A.3
0CA2:  IORLW  00
0CA3:  BTFSC  03.2
0CA4:  GOTO   4AB
0CA5:  INCF   59,F
0CA6:  MOVWF  5E
0CA7:  BCF    0A.3
0CA8:  CALL   348
0CA9:  BSF    0A.3
0CAA:  GOTO   49E
....................                                        command(0xc0); 
0CAB:  MOVLW  C0
0CAC:  MOVWF  59
0CAD:  BCF    0A.3
0CAE:  CALL   33B
0CAF:  BSF    0A.3
....................                                        data("BY RAMYA"); 
0CB0:  CLRF   59
0CB1:  MOVF   59,W
0CB2:  BCF    0A.3
0CB3:  CALL   17A
0CB4:  BSF    0A.3
0CB5:  IORLW  00
0CB6:  BTFSC  03.2
0CB7:  GOTO   4BE
0CB8:  INCF   59,F
0CB9:  MOVWF  5E
0CBA:  BCF    0A.3
0CBB:  CALL   348
0CBC:  BSF    0A.3
0CBD:  GOTO   4B1
....................                                              } 
....................                                                  id_flag=0; 
0CBE:  BCF    53.0
....................                  } 
....................  
.................... if(x=='E')                                                              ////// BANKS 
0CBF:  MOVF   50,W
0CC0:  SUBLW  45
0CC1:  BTFSS  03.2
0CC2:  GOTO   52F
.................... { 
....................          x=0;o=0;glag_4=1;glag_3=0;glag_2=0;glag_1=0;glag=0; 
0CC3:  CLRF   50
0CC4:  BCF    54.4
0CC5:  BSF    53.6
0CC6:  BCF    53.5
0CC7:  BCF    53.4
0CC8:  BCF    53.3
0CC9:  BCF    53.2
....................          putc('E'); 
0CCA:  MOVLW  45
0CCB:  BTFSS  0C.4
0CCC:  GOTO   4CB
0CCD:  MOVWF  19
....................          command(0x01); 
0CCE:  MOVLW  01
0CCF:  MOVWF  59
0CD0:  BCF    0A.3
0CD1:  CALL   33B
0CD2:  BSF    0A.3
0CD3:  CLRF   28
0CD4:  BTFSC  0B.7
0CD5:  BSF    28.7
0CD6:  BCF    0B.7
....................          delay_ms(2); 
0CD7:  MOVLW  02
0CD8:  MOVWF  62
0CD9:  BCF    0A.3
0CDA:  CALL   29E
0CDB:  BSF    0A.3
0CDC:  BTFSC  28.7
0CDD:  BSF    0B.7
....................          command(0x80); 
0CDE:  MOVLW  80
0CDF:  MOVWF  59
0CE0:  BCF    0A.3
0CE1:  CALL   33B
0CE2:  BSF    0A.3
....................          data("BANKS:"); 
0CE3:  CLRF   59
0CE4:  MOVF   59,W
0CE5:  BCF    0A.3
0CE6:  CALL   193
0CE7:  BSF    0A.3
0CE8:  IORLW  00
0CE9:  BTFSC  03.2
0CEA:  GOTO   4F1
0CEB:  INCF   59,F
0CEC:  MOVWF  5E
0CED:  BCF    0A.3
0CEE:  CALL   348
0CEF:  BSF    0A.3
0CF0:  GOTO   4E4
....................          command(0x86); 
0CF1:  MOVLW  86
0CF2:  MOVWF  59
0CF3:  BCF    0A.3
0CF4:  CALL   33B
0CF5:  BSF    0A.3
....................          data("HDFC-K.7"); 
0CF6:  CLRF   59
0CF7:  MOVF   59,W
0CF8:  BCF    0A.3
0CF9:  CALL   19E
0CFA:  BSF    0A.3
0CFB:  IORLW  00
0CFC:  BTFSC  03.2
0CFD:  GOTO   504
0CFE:  INCF   59,F
0CFF:  MOVWF  5E
0D00:  BCF    0A.3
0D01:  CALL   348
0D02:  BSF    0A.3
0D03:  GOTO   4F7
....................          command(0xc0); 
0D04:  MOVLW  C0
0D05:  MOVWF  59
0D06:  BCF    0A.3
0D07:  CALL   33B
0D08:  BSF    0A.3
....................          data("SBI-K.8"); 
0D09:  CLRF   59
0D0A:  MOVF   59,W
0D0B:  BCF    0A.3
0D0C:  CALL   1AB
0D0D:  BSF    0A.3
0D0E:  IORLW  00
0D0F:  BTFSC  03.2
0D10:  GOTO   517
0D11:  INCF   59,F
0D12:  MOVWF  5E
0D13:  BCF    0A.3
0D14:  CALL   348
0D15:  BSF    0A.3
0D16:  GOTO   50A
....................          command(0x94); 
0D17:  MOVLW  94
0D18:  MOVWF  59
0D19:  BCF    0A.3
0D1A:  CALL   33B
0D1B:  BSF    0A.3
....................          data("IB-K.9"); 
0D1C:  CLRF   59
0D1D:  MOVF   59,W
0D1E:  BCF    0A.3
0D1F:  CALL   1B7
0D20:  BSF    0A.3
0D21:  IORLW  00
0D22:  BTFSC  03.2
0D23:  GOTO   52A
0D24:  INCF   59,F
0D25:  MOVWF  5E
0D26:  BCF    0A.3
0D27:  CALL   348
0D28:  BSF    0A.3
0D29:  GOTO   51D
....................          command(0xd4); 
0D2A:  MOVLW  D4
0D2B:  MOVWF  59
0D2C:  BCF    0A.3
0D2D:  CALL   33B
0D2E:  BSF    0A.3
....................  
.................... } 
.................... if((x==7) && (glag_4==1)) 
0D2F:  MOVF   50,W
0D30:  SUBLW  07
0D31:  BTFSS  03.2
0D32:  GOTO   573
0D33:  BTFSS  53.6
0D34:  GOTO   573
.................... { 
....................          t=1;glag_4=0; 
0D35:  MOVLW  01
0D36:  MOVWF  56
0D37:  BCF    53.6
....................          command(0x01); 
0D38:  MOVWF  59
0D39:  BCF    0A.3
0D3A:  CALL   33B
0D3B:  BSF    0A.3
....................          command(0x80); 
0D3C:  MOVLW  80
0D3D:  MOVWF  59
0D3E:  BCF    0A.3
0D3F:  CALL   33B
0D40:  BSF    0A.3
....................          putc('J'); 
0D41:  MOVLW  4A
0D42:  BTFSS  0C.4
0D43:  GOTO   542
0D44:  MOVWF  19
....................          data("HDFC BANK HAS BEEN   "); 
0D45:  CLRF   59
0D46:  MOVF   59,W
0D47:  BCF    0A.3
0D48:  CALL   1C2
0D49:  BSF    0A.3
0D4A:  IORLW  00
0D4B:  BTFSC  03.2
0D4C:  GOTO   553
0D4D:  INCF   59,F
0D4E:  MOVWF  5E
0D4F:  BCF    0A.3
0D50:  CALL   348
0D51:  BSF    0A.3
0D52:  GOTO   546
....................          command(0xc0); 
0D53:  MOVLW  C0
0D54:  MOVWF  59
0D55:  BCF    0A.3
0D56:  CALL   33B
0D57:  BSF    0A.3
....................          data("     SELECTED    "); 
0D58:  CLRF   59
0D59:  MOVF   59,W
0D5A:  BCF    0A.3
0D5B:  CALL   1DC
0D5C:  BSF    0A.3
0D5D:  IORLW  00
0D5E:  BTFSC  03.2
0D5F:  GOTO   566
0D60:  INCF   59,F
0D61:  MOVWF  5E
0D62:  BCF    0A.3
0D63:  CALL   348
0D64:  BSF    0A.3
0D65:  GOTO   559
0D66:  CLRF   28
0D67:  BTFSC  0B.7
0D68:  BSF    28.7
0D69:  BCF    0B.7
....................          delay_ms(2); 
0D6A:  MOVLW  02
0D6B:  MOVWF  62
0D6C:  BCF    0A.3
0D6D:  CALL   29E
0D6E:  BSF    0A.3
0D6F:  BTFSC  28.7
0D70:  BSF    0B.7
....................          RELAY=1; 
0D71:  BSF    07.0
.................... } 
.................... else if((x==8) && (glag_4==1)) 
0D72:  GOTO   5FA
0D73:  MOVF   50,W
0D74:  SUBLW  08
0D75:  BTFSS  03.2
0D76:  GOTO   5B7
0D77:  BTFSS  53.6
0D78:  GOTO   5B7
.................... { 
....................          t=1;glag_4=0; 
0D79:  MOVLW  01
0D7A:  MOVWF  56
0D7B:  BCF    53.6
....................          command(0x01); 
0D7C:  MOVWF  59
0D7D:  BCF    0A.3
0D7E:  CALL   33B
0D7F:  BSF    0A.3
....................          putc('K'); 
0D80:  MOVLW  4B
0D81:  BTFSS  0C.4
0D82:  GOTO   581
0D83:  MOVWF  19
....................          command(0x80); 
0D84:  MOVLW  80
0D85:  MOVWF  59
0D86:  BCF    0A.3
0D87:  CALL   33B
0D88:  BSF    0A.3
....................          data("SBI BANK HAS BEEN   "); 
0D89:  CLRF   59
0D8A:  MOVF   59,W
0D8B:  BCF    0A.3
0D8C:  CALL   1F2
0D8D:  BSF    0A.3
0D8E:  IORLW  00
0D8F:  BTFSC  03.2
0D90:  GOTO   597
0D91:  INCF   59,F
0D92:  MOVWF  5E
0D93:  BCF    0A.3
0D94:  CALL   348
0D95:  BSF    0A.3
0D96:  GOTO   58A
....................          command(0xc0); 
0D97:  MOVLW  C0
0D98:  MOVWF  59
0D99:  BCF    0A.3
0D9A:  CALL   33B
0D9B:  BSF    0A.3
....................          data("     SELECTED    "); 
0D9C:  CLRF   59
0D9D:  MOVF   59,W
0D9E:  BCF    0A.3
0D9F:  CALL   1DC
0DA0:  BSF    0A.3
0DA1:  IORLW  00
0DA2:  BTFSC  03.2
0DA3:  GOTO   5AA
0DA4:  INCF   59,F
0DA5:  MOVWF  5E
0DA6:  BCF    0A.3
0DA7:  CALL   348
0DA8:  BSF    0A.3
0DA9:  GOTO   59D
0DAA:  CLRF   28
0DAB:  BTFSC  0B.7
0DAC:  BSF    28.7
0DAD:  BCF    0B.7
....................          delay_ms(2); 
0DAE:  MOVLW  02
0DAF:  MOVWF  62
0DB0:  BCF    0A.3
0DB1:  CALL   29E
0DB2:  BSF    0A.3
0DB3:  BTFSC  28.7
0DB4:  BSF    0B.7
....................          RELAY=1; 
0DB5:  BSF    07.0
.................... } 
.................... else if((x==9) && (glag_4==1)) 
0DB6:  GOTO   5FA
0DB7:  MOVF   50,W
0DB8:  SUBLW  09
0DB9:  BTFSS  03.2
0DBA:  GOTO   5FA
0DBB:  BTFSS  53.6
0DBC:  GOTO   5FA
.................... { 
....................          t=1;glag_4=0; 
0DBD:  MOVLW  01
0DBE:  MOVWF  56
0DBF:  BCF    53.6
....................          command(0x01); 
0DC0:  MOVWF  59
0DC1:  BCF    0A.3
0DC2:  CALL   33B
0DC3:  BSF    0A.3
....................          putc('O'); 
0DC4:  MOVLW  4F
0DC5:  BTFSS  0C.4
0DC6:  GOTO   5C5
0DC7:  MOVWF  19
....................          command(0x80); 
0DC8:  MOVLW  80
0DC9:  MOVWF  59
0DCA:  BCF    0A.3
0DCB:  CALL   33B
0DCC:  BSF    0A.3
....................          data("IB BANK HAS BEEN   "); 
0DCD:  CLRF   59
0DCE:  MOVF   59,W
0DCF:  BCF    0A.3
0DD0:  CALL   20E
0DD1:  BSF    0A.3
0DD2:  IORLW  00
0DD3:  BTFSC  03.2
0DD4:  GOTO   5DB
0DD5:  INCF   59,F
0DD6:  MOVWF  5E
0DD7:  BCF    0A.3
0DD8:  CALL   348
0DD9:  BSF    0A.3
0DDA:  GOTO   5CE
....................          command(0xc0); 
0DDB:  MOVLW  C0
0DDC:  MOVWF  59
0DDD:  BCF    0A.3
0DDE:  CALL   33B
0DDF:  BSF    0A.3
....................          data("     SELECTED    "); 
0DE0:  CLRF   59
0DE1:  MOVF   59,W
0DE2:  BCF    0A.3
0DE3:  CALL   1DC
0DE4:  BSF    0A.3
0DE5:  IORLW  00
0DE6:  BTFSC  03.2
0DE7:  GOTO   5EE
0DE8:  INCF   59,F
0DE9:  MOVWF  5E
0DEA:  BCF    0A.3
0DEB:  CALL   348
0DEC:  BSF    0A.3
0DED:  GOTO   5E1
0DEE:  CLRF   28
0DEF:  BTFSC  0B.7
0DF0:  BSF    28.7
0DF1:  BCF    0B.7
....................          delay_ms(2); 
0DF2:  MOVLW  02
0DF3:  MOVWF  62
0DF4:  BCF    0A.3
0DF5:  CALL   29E
0DF6:  BSF    0A.3
0DF7:  BTFSC  28.7
0DF8:  BSF    0B.7
....................          RELAY=1; 
0DF9:  BSF    07.0
.................... } 
....................    if((id_flag==1) && ( t==1)) 
0DFA:  BTFSS  53.0
0DFB:  GOTO   67D
0DFC:  DECFSZ 56,W
0DFD:  GOTO   67D
....................       { 
....................  
....................         if((a[10]=='5') && (a[11]=='1')) 
0DFE:  MOVF   4E,W
0DFF:  SUBLW  35
0E00:  BTFSS  03.2
0E01:  GOTO   63E
0E02:  MOVF   4F,W
0E03:  SUBLW  31
0E04:  BTFSS  03.2
0E05:  GOTO   63E
....................               { 
....................          t=0;x=0;p=0;id_flag=0;glag_4=0;r=1;id=0; 
0E06:  CLRF   56
0E07:  CLRF   50
0E08:  BCF    54.3
0E09:  BCF    53.0
0E0A:  BCF    53.6
0E0B:  MOVLW  01
0E0C:  MOVWF  57
0E0D:  BCF    55.5
....................          Z; 
0E0E:  MOVLW  4D
0E0F:  BTFSS  0C.4
0E10:  GOTO   60F
0E11:  MOVWF  19
....................          command(0x01); 
0E12:  MOVLW  01
0E13:  MOVWF  59
0E14:  BCF    0A.3
0E15:  CALL   33B
0E16:  BSF    0A.3
....................          command(0x80); 
0E17:  MOVLW  80
0E18:  MOVWF  59
0E19:  BCF    0A.3
0E1A:  CALL   33B
0E1B:  BSF    0A.3
....................          data("CASH WITHDRA-K.F"); 
0E1C:  CLRF   59
0E1D:  MOVF   59,W
0E1E:  BCF    0A.3
0E1F:  CALL   226
0E20:  BSF    0A.3
0E21:  IORLW  00
0E22:  BTFSC  03.2
0E23:  GOTO   62A
0E24:  INCF   59,F
0E25:  MOVWF  5E
0E26:  BCF    0A.3
0E27:  CALL   348
0E28:  BSF    0A.3
0E29:  GOTO   61D
....................          command(0xc0); 
0E2A:  MOVLW  C0
0E2B:  MOVWF  59
0E2C:  BCF    0A.3
0E2D:  CALL   33B
0E2E:  BSF    0A.3
....................          data("CASH DEPOS-K.G"); 
0E2F:  CLRF   59
0E30:  MOVF   59,W
0E31:  BCF    0A.3
0E32:  CALL   23B
0E33:  BSF    0A.3
0E34:  IORLW  00
0E35:  BTFSC  03.2
0E36:  GOTO   63D
0E37:  INCF   59,F
0E38:  MOVWF  5E
0E39:  BCF    0A.3
0E3A:  CALL   348
0E3B:  BSF    0A.3
0E3C:  GOTO   630
....................               } 
....................         else if((a[9]=='5') && (a[10]=='3')) 
0E3D:  GOTO   67D
0E3E:  MOVF   4D,W
0E3F:  SUBLW  35
0E40:  BTFSS  03.2
0E41:  GOTO   67D
0E42:  MOVF   4E,W
0E43:  SUBLW  33
0E44:  BTFSS  03.2
0E45:  GOTO   67D
....................            { 
....................          t=0;x=0;p=0;id_flag=0;glag_4=0;c=1;id=0; 
0E46:  CLRF   56
0E47:  CLRF   50
0E48:  BCF    54.3
0E49:  BCF    53.0
0E4A:  BCF    53.6
0E4B:  MOVLW  01
0E4C:  MOVWF  58
0E4D:  BCF    55.5
....................          Y; 
0E4E:  MOVLW  4C
0E4F:  BTFSS  0C.4
0E50:  GOTO   64F
0E51:  MOVWF  19
....................          command(0x01); 
0E52:  MOVLW  01
0E53:  MOVWF  59
0E54:  BCF    0A.3
0E55:  CALL   33B
0E56:  BSF    0A.3
....................          command(0x80); 
0E57:  MOVLW  80
0E58:  MOVWF  59
0E59:  BCF    0A.3
0E5A:  CALL   33B
0E5B:  BSF    0A.3
....................          data("CASH WITHDRA-K.F"); 
0E5C:  CLRF   59
0E5D:  MOVF   59,W
0E5E:  BCF    0A.3
0E5F:  CALL   226
0E60:  BSF    0A.3
0E61:  IORLW  00
0E62:  BTFSC  03.2
0E63:  GOTO   66A
0E64:  INCF   59,F
0E65:  MOVWF  5E
0E66:  BCF    0A.3
0E67:  CALL   348
0E68:  BSF    0A.3
0E69:  GOTO   65D
....................          command(0xc0); 
0E6A:  MOVLW  C0
0E6B:  MOVWF  59
0E6C:  BCF    0A.3
0E6D:  CALL   33B
0E6E:  BSF    0A.3
....................          data("CASH DEPOS-K.G"); 
0E6F:  CLRF   59
0E70:  MOVF   59,W
0E71:  BCF    0A.3
0E72:  CALL   23B
0E73:  BSF    0A.3
0E74:  IORLW  00
0E75:  BTFSC  03.2
0E76:  GOTO   67D
0E77:  INCF   59,F
0E78:  MOVWF  5E
0E79:  BCF    0A.3
0E7A:  CALL   348
0E7B:  BSF    0A.3
0E7C:  GOTO   670
....................                           } 
....................      } 
.................... if((x=='F') && (r==1)) 
0E7D:  MOVF   50,W
0E7E:  SUBLW  46
0E7F:  BTFSS  03.2
0E80:  GOTO   6CB
0E81:  DECFSZ 57,W
0E82:  GOTO   6CB
.................... { 
....................          x=0;r=0; 
0E83:  CLRF   50
0E84:  CLRF   57
....................          putc('@'); 
0E85:  MOVLW  40
0E86:  BTFSS  0C.4
0E87:  GOTO   686
0E88:  MOVWF  19
....................          putc('M'); 
0E89:  MOVLW  4D
0E8A:  BTFSS  0C.4
0E8B:  GOTO   68A
0E8C:  MOVWF  19
0E8D:  CLRF   28
0E8E:  BTFSC  0B.7
0E8F:  BSF    28.7
0E90:  BCF    0B.7
....................          delay_ms(2); 
0E91:  MOVLW  02
0E92:  MOVWF  62
0E93:  BCF    0A.3
0E94:  CALL   29E
0E95:  BSF    0A.3
0E96:  BTFSC  28.7
0E97:  BSF    0B.7
....................          command(0x01); 
0E98:  MOVLW  01
0E99:  MOVWF  59
0E9A:  BCF    0A.3
0E9B:  CALL   33B
0E9C:  BSF    0A.3
....................          command(0x80); 
0E9D:  MOVLW  80
0E9E:  MOVWF  59
0E9F:  BCF    0A.3
0EA0:  CALL   33B
0EA1:  BSF    0A.3
....................          data("CASH WITHDRAWAL  "); 
0EA2:  CLRF   59
0EA3:  MOVF   59,W
0EA4:  BCF    0A.3
0EA5:  CALL   24E
0EA6:  BSF    0A.3
0EA7:  IORLW  00
0EA8:  BTFSC  03.2
0EA9:  GOTO   6B0
0EAA:  INCF   59,F
0EAB:  MOVWF  5E
0EAC:  BCF    0A.3
0EAD:  CALL   348
0EAE:  BSF    0A.3
0EAF:  GOTO   6A3
....................          command(0xc0); 
0EB0:  MOVLW  C0
0EB1:  MOVWF  59
0EB2:  BCF    0A.3
0EB3:  CALL   33B
0EB4:  BSF    0A.3
....................          data("BALANCE AMOUNT:"); 
0EB5:  CLRF   59
0EB6:  MOVF   59,W
0EB7:  BCF    0A.3
0EB8:  CALL   264
0EB9:  BSF    0A.3
0EBA:  IORLW  00
0EBB:  BTFSC  03.2
0EBC:  GOTO   6C3
0EBD:  INCF   59,F
0EBE:  MOVWF  5E
0EBF:  BCF    0A.3
0EC0:  CALL   348
0EC1:  BSF    0A.3
0EC2:  GOTO   6B6
....................          display(total_amt); 
0EC3:  MOVF   2D,W
0EC4:  MOVWF  5A
0EC5:  MOVF   2C,W
0EC6:  MOVWF  59
0EC7:  BCF    0A.3
0EC8:  CALL   3B5
0EC9:  BSF    0A.3
....................  
.................... } 
.................... else if((x=='G') && (r==1)) 
0ECA:  GOTO   718
0ECB:  MOVF   50,W
0ECC:  SUBLW  47
0ECD:  BTFSS  03.2
0ECE:  GOTO   718
0ECF:  DECFSZ 57,W
0ED0:  GOTO   718
.................... { 
....................          x=0;r=0; 
0ED1:  CLRF   50
0ED2:  CLRF   57
....................          putc('*'); 
0ED3:  MOVLW  2A
0ED4:  BTFSS  0C.4
0ED5:  GOTO   6D4
0ED6:  MOVWF  19
....................          putc('M'); 
0ED7:  MOVLW  4D
0ED8:  BTFSS  0C.4
0ED9:  GOTO   6D8
0EDA:  MOVWF  19
0EDB:  CLRF   28
0EDC:  BTFSC  0B.7
0EDD:  BSF    28.7
0EDE:  BCF    0B.7
....................          delay_ms(2); 
0EDF:  MOVLW  02
0EE0:  MOVWF  62
0EE1:  BCF    0A.3
0EE2:  CALL   29E
0EE3:  BSF    0A.3
0EE4:  BTFSC  28.7
0EE5:  BSF    0B.7
....................          command(0x01); 
0EE6:  MOVLW  01
0EE7:  MOVWF  59
0EE8:  BCF    0A.3
0EE9:  CALL   33B
0EEA:  BSF    0A.3
....................          command(0x80); 
0EEB:  MOVLW  80
0EEC:  MOVWF  59
0EED:  BCF    0A.3
0EEE:  CALL   33B
0EEF:  BSF    0A.3
....................          data("CASH DEPOSITED "); 
0EF0:  CLRF   59
0EF1:  MOVF   59,W
0EF2:  BCF    0A.3
0EF3:  CALL   278
0EF4:  BSF    0A.3
0EF5:  IORLW  00
0EF6:  BTFSC  03.2
0EF7:  GOTO   6FE
0EF8:  INCF   59,F
0EF9:  MOVWF  5E
0EFA:  BCF    0A.3
0EFB:  CALL   348
0EFC:  BSF    0A.3
0EFD:  GOTO   6F1
....................          command(0xc0); 
0EFE:  MOVLW  C0
0EFF:  MOVWF  59
0F00:  BCF    0A.3
0F01:  CALL   33B
0F02:  BSF    0A.3
....................          data("TOTAL AMOUNT:"); 
0F03:  CLRF   59
0F04:  MOVF   59,W
0F05:  BCF    0A.3
0F06:  CALL   28C
0F07:  BSF    0A.3
0F08:  IORLW  00
0F09:  BTFSC  03.2
0F0A:  GOTO   711
0F0B:  INCF   59,F
0F0C:  MOVWF  5E
0F0D:  BCF    0A.3
0F0E:  CALL   348
0F0F:  BSF    0A.3
0F10:  GOTO   704
....................          display(total_amt); 
0F11:  MOVF   2D,W
0F12:  MOVWF  5A
0F13:  MOVF   2C,W
0F14:  MOVWF  59
0F15:  BCF    0A.3
0F16:  CALL   3B5
0F17:  BSF    0A.3
.................... } 
....................  
.................... if((x=='F') && (c==1)) 
0F18:  MOVF   50,W
0F19:  SUBLW  46
0F1A:  BTFSS  03.2
0F1B:  GOTO   766
0F1C:  DECFSZ 58,W
0F1D:  GOTO   766
.................... { 
....................          x=0;c=0; 
0F1E:  CLRF   50
0F1F:  CLRF   58
....................          putc('@'); 
0F20:  MOVLW  40
0F21:  BTFSS  0C.4
0F22:  GOTO   721
0F23:  MOVWF  19
....................          putc('L'); 
0F24:  MOVLW  4C
0F25:  BTFSS  0C.4
0F26:  GOTO   725
0F27:  MOVWF  19
0F28:  CLRF   28
0F29:  BTFSC  0B.7
0F2A:  BSF    28.7
0F2B:  BCF    0B.7
....................          delay_ms(2); 
0F2C:  MOVLW  02
0F2D:  MOVWF  62
0F2E:  BCF    0A.3
0F2F:  CALL   29E
0F30:  BSF    0A.3
0F31:  BTFSC  28.7
0F32:  BSF    0B.7
....................          command(0x01); 
0F33:  MOVLW  01
0F34:  MOVWF  59
0F35:  BCF    0A.3
0F36:  CALL   33B
0F37:  BSF    0A.3
....................          command(0x80); 
0F38:  MOVLW  80
0F39:  MOVWF  59
0F3A:  BCF    0A.3
0F3B:  CALL   33B
0F3C:  BSF    0A.3
....................          data("CASH WITHDRAWAL  "); 
0F3D:  CLRF   59
0F3E:  MOVF   59,W
0F3F:  BCF    0A.3
0F40:  CALL   24E
0F41:  BSF    0A.3
0F42:  IORLW  00
0F43:  BTFSC  03.2
0F44:  GOTO   74B
0F45:  INCF   59,F
0F46:  MOVWF  5E
0F47:  BCF    0A.3
0F48:  CALL   348
0F49:  BSF    0A.3
0F4A:  GOTO   73E
....................          command(0xc0); 
0F4B:  MOVLW  C0
0F4C:  MOVWF  59
0F4D:  BCF    0A.3
0F4E:  CALL   33B
0F4F:  BSF    0A.3
....................          data("BALANCE AMOUNT:"); 
0F50:  CLRF   59
0F51:  MOVF   59,W
0F52:  BCF    0A.3
0F53:  CALL   264
0F54:  BSF    0A.3
0F55:  IORLW  00
0F56:  BTFSC  03.2
0F57:  GOTO   75E
0F58:  INCF   59,F
0F59:  MOVWF  5E
0F5A:  BCF    0A.3
0F5B:  CALL   348
0F5C:  BSF    0A.3
0F5D:  GOTO   751
....................          display(total_amt); 
0F5E:  MOVF   2D,W
0F5F:  MOVWF  5A
0F60:  MOVF   2C,W
0F61:  MOVWF  59
0F62:  BCF    0A.3
0F63:  CALL   3B5
0F64:  BSF    0A.3
.................... } 
.................... else if((x=='G') && (c==1)) 
0F65:  GOTO   7B3
0F66:  MOVF   50,W
0F67:  SUBLW  47
0F68:  BTFSS  03.2
0F69:  GOTO   7B3
0F6A:  DECFSZ 58,W
0F6B:  GOTO   7B3
.................... { 
....................          x=0;c=0; 
0F6C:  CLRF   50
0F6D:  CLRF   58
....................          putc('*'); 
0F6E:  MOVLW  2A
0F6F:  BTFSS  0C.4
0F70:  GOTO   76F
0F71:  MOVWF  19
....................          putc('L'); 
0F72:  MOVLW  4C
0F73:  BTFSS  0C.4
0F74:  GOTO   773
0F75:  MOVWF  19
0F76:  CLRF   28
0F77:  BTFSC  0B.7
0F78:  BSF    28.7
0F79:  BCF    0B.7
....................          delay_ms(2); 
0F7A:  MOVLW  02
0F7B:  MOVWF  62
0F7C:  BCF    0A.3
0F7D:  CALL   29E
0F7E:  BSF    0A.3
0F7F:  BTFSC  28.7
0F80:  BSF    0B.7
....................          command(0x01); 
0F81:  MOVLW  01
0F82:  MOVWF  59
0F83:  BCF    0A.3
0F84:  CALL   33B
0F85:  BSF    0A.3
....................          command(0x80); 
0F86:  MOVLW  80
0F87:  MOVWF  59
0F88:  BCF    0A.3
0F89:  CALL   33B
0F8A:  BSF    0A.3
....................          data("CASH DEPOSITED "); 
0F8B:  CLRF   59
0F8C:  MOVF   59,W
0F8D:  BCF    0A.3
0F8E:  CALL   278
0F8F:  BSF    0A.3
0F90:  IORLW  00
0F91:  BTFSC  03.2
0F92:  GOTO   799
0F93:  INCF   59,F
0F94:  MOVWF  5E
0F95:  BCF    0A.3
0F96:  CALL   348
0F97:  BSF    0A.3
0F98:  GOTO   78C
....................          command(0xc0); 
0F99:  MOVLW  C0
0F9A:  MOVWF  59
0F9B:  BCF    0A.3
0F9C:  CALL   33B
0F9D:  BSF    0A.3
....................          data("TOTAL AMOUNT:"); 
0F9E:  CLRF   59
0F9F:  MOVF   59,W
0FA0:  BCF    0A.3
0FA1:  CALL   28C
0FA2:  BSF    0A.3
0FA3:  IORLW  00
0FA4:  BTFSC  03.2
0FA5:  GOTO   7AC
0FA6:  INCF   59,F
0FA7:  MOVWF  5E
0FA8:  BCF    0A.3
0FA9:  CALL   348
0FAA:  BSF    0A.3
0FAB:  GOTO   79F
....................          display(total_amt); 
0FAC:  MOVF   2D,W
0FAD:  MOVWF  5A
0FAE:  MOVF   2C,W
0FAF:  MOVWF  59
0FB0:  BCF    0A.3
0FB1:  CALL   3B5
0FB2:  BSF    0A.3
.................... } 
.................... } 
0FB3:  GOTO   0D7
.................... } 
.................... void display(unsigned int16 m) 
.................... { 
0FB4:  SLEEP
....................       int u ; 
....................  
....................       for(u=0;u<=4;u++) 
*
03B5:  CLRF   5B
03B6:  MOVF   5B,W
03B7:  SUBLW  04
03B8:  BTFSS  03.0
03B9:  GOTO   3D9
....................       { 
....................          w[u] = m%10; 
03BA:  BCF    03.0
03BB:  RLF    5B,W
03BC:  ADDLW  3A
03BD:  MOVWF  04
03BE:  MOVF   5A,W
03BF:  MOVWF  5E
03C0:  MOVF   59,W
03C1:  MOVWF  5D
03C2:  CLRF   60
03C3:  MOVLW  0A
03C4:  MOVWF  5F
03C5:  CALL   38F
03C6:  MOVF   77,W
03C7:  MOVWF  00
03C8:  INCF   04,F
03C9:  MOVF   7A,W
03CA:  MOVWF  00
....................          m = m/10; 
03CB:  MOVF   5A,W
03CC:  MOVWF  5E
03CD:  MOVF   59,W
03CE:  MOVWF  5D
03CF:  CLRF   60
03D0:  MOVLW  0A
03D1:  MOVWF  5F
03D2:  CALL   38F
03D3:  MOVF   79,W
03D4:  MOVWF  5A
03D5:  MOVF   78,W
03D6:  MOVWF  59
....................       } 
03D7:  INCF   5B,F
03D8:  GOTO   3B6
....................       data(w[4]|0x30); 
03D9:  MOVF   42,W
03DA:  IORLW  30
03DB:  MOVWF  5C
03DC:  MOVF   43,W
03DD:  MOVWF  5D
03DE:  MOVF   5C,W
03DF:  MOVWF  5E
03E0:  CALL   348
....................       data(w[3]|0x30); 
03E1:  MOVF   40,W
03E2:  IORLW  30
03E3:  MOVWF  5C
03E4:  MOVF   41,W
03E5:  MOVWF  5D
03E6:  MOVF   5C,W
03E7:  MOVWF  5E
03E8:  CALL   348
....................       data(w[2]|0x30); 
03E9:  MOVF   3E,W
03EA:  IORLW  30
03EB:  MOVWF  5C
03EC:  MOVF   3F,W
03ED:  MOVWF  5D
03EE:  MOVF   5C,W
03EF:  MOVWF  5E
03F0:  CALL   348
....................       data(w[1]|0x30); 
03F1:  MOVF   3C,W
03F2:  IORLW  30
03F3:  MOVWF  5C
03F4:  MOVF   3D,W
03F5:  MOVWF  5D
03F6:  MOVF   5C,W
03F7:  MOVWF  5E
03F8:  CALL   348
....................       data(w[0]|0x30); 
03F9:  MOVF   3A,W
03FA:  IORLW  30
03FB:  MOVWF  5C
03FC:  MOVF   3B,W
03FD:  MOVWF  5D
03FE:  MOVF   5C,W
03FF:  MOVWF  5E
0400:  CALL   348
.................... } 
0401:  RETLW  00

Configuration Fuses:
   Word  1: 3F32   HS NOWDT PUT NODEBUG NOPROTECT NOBROWNOUT NOLVP NOCPD NOWRT
