
ROM used: 4120 (13%)
          4120 (13%) including unused fragments

          2 Average locations per line
          13 Average locations per statement

RAM used: 78 (5%) at main() level
          116 (8%) worst case

Lines Stmts  %   Files
----- ----- ---  -----
  268   181  56  E:\Ganesh Potti\Ganesh Projects\Engineers Projects\CAN PROJECT_SRI GURU\CAN_RX_SRIGURU(19-03-14)_final_code\RX_FINAL(19-03-14)\can_rx.c
   64     0   0  E:\Ganesh Potti\Ganesh Projects\Engineers Projects\CAN PROJECT_SRI GURU\CAN_RX_SRIGURU(19-03-14)_final_code\RX_FINAL(19-03-14)\rx_header.h
  388     0   0  C:\Program Files\PICC\devices\18F458.h
   93     0   0  E:\Ganesh Potti\Ganesh Projects\Engineers Projects\CAN PROJECT_SRI GURU\CAN_RX_SRIGURU(19-03-14)_final_code\RX_FINAL(19-03-14)\pic18_f_reg.h
  440   134  27  E:\Ganesh Potti\Ganesh Projects\Engineers Projects\CAN PROJECT_SRI GURU\CAN_RX_SRIGURU(19-03-14)_final_code\RX_FINAL(19-03-14)\can-18xxx8_own.h
  370     0   0  C:\Program Files\PICC\drivers\can-18xxx8.h
   27     8   1  E:\Ganesh Potti\Ganesh Projects\Engineers Projects\CAN PROJECT_SRI GURU\CAN_RX_SRIGURU(19-03-14)_final_code\RX_FINAL(19-03-14)\reg.h
----- -----
 3300   646 Total

Page ROM  %  RAM  Functions:
---- --- --- ---  ----------
0     38   0   1  @delay_ms1
0    216   3   2  can_init
0     48   1   0  can_set_baud
0     26   0   1  can_set_mode
0    304   4  14  can_set_id
0    478   6  18  can_get_id
0    268   3   0  CANRX0_isr
0     20   0   1  command
0     20   0   1  data
0   1472  18   8  main
0     36   0   0  @const10173
0     44   1   0  @const10182
0     42   1   0  @const10191
0     44   1   0  @const10196
0     30   0   0  @const10211
0     30   0   5  @MUL1616
0     30   0   0  @const10235
0     30   0   0  @const10253
0     30   0   0  @const10271
0    144   2   2  gsm
0     48   1   0  @const10312
0     32   0   0  @const10320
0    144   2   2  gsm1
0     32   0   0  @const10346
0    146   2   2  gsm2
0     36   0   0  @const10372
0    144   2   2  gsm3
0     36   0   0  @const10398

 Segment   Used  Free
---------  ----  ----
00000-00002     4  0  
00004-00006     0  4  
00008-0009A   148  0  
0009C-07FFE  3968  28644  

