
ROM used: 935 (11%)
          935 (11%) including unused fragments

          2 Average locations per line
          6 Average locations per statement

RAM used: 33 (19%) at main() level
          42 (24%) worst case

Lines Stmts  %   Files
----- ----- ---  -----
  284   159 100  E:\Ganesh Potti\Ganesh Projects\Engineers Projects\Smart Host microcontroller_skcet(finished)\final simulation_solar tracking\pro.c
  306     0   0  C:\Program Files\PICC\devices\16F877A.h
----- -----
 1180   318 Total

Page ROM  %  RAM  Functions:
---- --- --- ---  ----------
0     19   2   1  @delay_ms1
0     10   1   1  command
0     10   1   1  data
0     12   1   0  TIMER0_isr
0    623  67   4  main
0     19   2   0  @const10047
0      8   1   0  @const10101
0      8   1   0  @const10106
0      8   1   0  @const10111
0      8   1   0  @const10116
0     15   2   0  @const10124
0     15   2   0  @const10129
0     85   9   8  display
0     38   4   5  @DIV1616
0      6   1   0  @const10195

 Segment   Used  Free
---------  ----  ----
00000-00003     4  0  
00004-00032    47  0  
00033-007FF   884  1113  
00800-00FFF     0  2048  
01000-017FF     0  2048  
01800-01FFF     0  2048  

