
ROM used: 848 (10%)
          848 (10%) including unused fragments

          2 Average locations per line
          6 Average locations per statement

RAM used: 29 (17%) at main() level
          39 (22%) worst case

Lines Stmts  %   Files
----- ----- ---  -----
  257   150 100  D:\KARTHIK_kg\final simulation\Smart host.c
  306     0   0  C:\Program Files\PICC\devices\16f877a.h
----- -----
 1126   300 Total

Page ROM  %  RAM  Functions:
---- --- --- ---  ----------
0     19   2   1  @delay_ms1
0    148  17   2  rb_isr
0     23   3   0  @const10045
0     21   2   0  @const10064
0     21   2   0  @const10083
0     23   3   0  @const10102
0     25   3   0  timer0_isr
0     10   1   1  command
0     10   1   1  data
0    304  36   2  main
0     19   2   0  @const10138
0     11   1   0  @const10155
0     13   2   0  @const10170
0     61   7   5  display_solar
0     21   2   3  @DIV88
0     61   7   5  display_battery

 Segment   Used  Free
---------  ----  ----
00000-00003     4  0  
00004-00039    54  0  
0003A-007FF   790  1200  
00800-00FFF     0  2048  
01000-017FF     0  2048  
01800-01FFF     0  2048  

