CCS PCM C Compiler, Version 3.249, 33340               03-Oct-13 15:30

               Filename: I:\WELCOME BACK GK\Confidential\R & D division\ROBO KIT(pic16f876a)\PROGRAMS\KEY\KEY.lst

               ROM used: 63 words (1%)
                         Largest free fragment is 2048
               RAM used: 6 (3%) at main() level
                         7 (4%) worst case
               Stack:    1 locations

*
0000:  MOVLW  00
0001:  MOVWF  0A
0002:  GOTO   017
0003:  NOP
.................... /////////////////////////////////////////////////////////////////////////////// 
.................... /////////////////////////////////////////////////////////////////////////////// 
.................... /////////////////////////////////////////////////////////////////////////////// 
.................... ////////////// ************* GRT EMBEDDED SOLUITIONS ************ ///////////// 
.................... //***************************************************************************// 
....................              //THIS PROGRAM IS DEVELOPED USING CCS COMPILER DEMO VERSION// 
.................... //***************************************************************************/// 
.................... //////////////////////////////////////////////////////////////////////////////// 
....................  
....................  
.................... #INCLUDE<16F876A.H>                          ////////////// HEADER FILE///////// 
.................... //////// Standard Header file for the PIC16F876A device //////////////// 
.................... #device PIC16F876A 
.................... #list 
....................  
.................... #USE DELAY(CLOCK=11059200)                   /// DELAY FUNCTION (PRE DEFINED) // 
0004:  MOVLW  22
0005:  MOVWF  04
0006:  MOVF   00,W
0007:  BTFSC  03.2
0008:  GOTO   016
0009:  MOVLW  03
000A:  MOVWF  78
000B:  CLRF   77
000C:  DECFSZ 77,F
000D:  GOTO   00C
000E:  DECFSZ 78,F
000F:  GOTO   00B
0010:  MOVLW  95
0011:  MOVWF  77
0012:  DECFSZ 77,F
0013:  GOTO   012
0014:  DECFSZ 00,F
0015:  GOTO   009
0016:  RETLW  00
....................  
....................  
.................... //////////////////////////////////////////////// 
.................... //////////////////////////////////////////////// 
.................... ///////  REFERING THE REGISTER ADDRESS ///////// 
.................... //////////////////////////////////////////////// 
.................... //////////////////////////////////////////////// 
....................  
.................... #BYTE TRISA=0X85 
.................... #BYTE TRISB=0X86 
.................... #BYTE TRISC=0X87 
....................  
.................... #BYTE PORTA=0X05 
.................... #BYTE PORTB=0X06 
.................... #BYTE PORTC=0X07 
....................  
.................... //////////////////////////////////////////////// 
.................... //////////////////////////////////////////////// 
.................... ///////  LED,KEY PIN ON THE ROBO KIT       ///////// 
.................... //////////////////////////////////////////////// 
.................... //////////////////////////////////////////////// 
....................  
.................... #BIT LED=PORTB.0 
.................... #BIT KEY1=PORTB.1 
.................... #BIT KEY2=PORTB.2 
.................... #byte option_reg=0x81 
....................  
.................... //////////////////////////////////////////////// 
.................... //////////////////////////////////////////////// 
.................... ///////          MAIN PROGRAM          ///////// 
.................... //////////////////////////////////////////////// 
.................... //////////////////////////////////////////////// 
....................  
....................  
.................... VOID MAIN() 
.................... { 
0017:  CLRF   04
0018:  MOVLW  1F
0019:  ANDWF  03,F
001A:  BSF    03.5
001B:  BSF    1F.0
001C:  BSF    1F.1
001D:  BSF    1F.2
001E:  BCF    1F.3
001F:  MOVLW  07
0020:  MOVWF  1C
....................          //76543210// RESPECTIVE PINS IN THE PORT// 0B REFERS TO BINARY// 0X REFERS TO HEX 
....................    TRISB=0B00000110;                 /// PIN 1,2 IS REQUIRED TO BE I/P, ALL OTHERS ARE O/P 
0021:  MOVLW  06
0022:  MOVWF  06
....................    PORTB=0B00000000;                 /// INITILA STATUS OF PIN IS MADE TO BE 0 
0023:  BCF    03.5
0024:  CLRF   06
....................    option_reg=0x00; 
0025:  BSF    03.5
0026:  CLRF   01
....................    WHILE(1) 
....................    { 
....................  
.................... //////////////////////////////////////////////// 
.................... //////////////////////////////////////////////// 
.................... ///////          LED ON/OFF CONTROL   ///////// 
.................... //////////////////////////////////////////////// 
.................... //////////////////////////////////////////////// 
....................  
....................       IF(KEY1==0) 
0027:  BCF    03.5
0028:  BTFSC  06.1
0029:  GOTO   032
....................       { 
....................       DELAY_MS(300);//////////INBUILT DELAY FUNCTION, MS REFERS TO MILLI SECONDS 
002A:  MOVLW  02
002B:  MOVWF  21
002C:  MOVLW  96
002D:  MOVWF  22
002E:  CALL   004
002F:  DECFSZ 21,F
0030:  GOTO   02C
....................       LED=1;        //////////WE CAN ASLO REFER IN MICRO SECONDS USING US 
0031:  BSF    06.0
....................       } 
....................  
....................       IF(KEY2==0) 
0032:  BTFSC  06.2
0033:  GOTO   03C
....................       { 
....................       DELAY_MS(300); 
0034:  MOVLW  02
0035:  MOVWF  21
0036:  MOVLW  96
0037:  MOVWF  22
0038:  CALL   004
0039:  DECFSZ 21,F
003A:  GOTO   036
....................       LED=0; 
003B:  BCF    06.0
....................       } 
....................  
....................    } 
003C:  BSF    03.5
003D:  GOTO   027
.................... } 
....................  
003E:  SLEEP
