
ROM used: 63 (1%)
          63 (1%) including unused fragments

          0 Average locations per line
          5 Average locations per statement

RAM used: 6 (3%) at main() level
          7 (4%) worst case

Lines Stmts  %   Files
----- ----- ---  -----
   77    13 100  I:\WELCOME BACK GK\Confidential\R & D division\ROBO KIT(pic16f876a)\PROGRAMS\KEY\KEY.c
  270     0   0  C:\Program Files (x86)\PICC\devices\16F876A.H
----- -----
  694    26 Total

Page ROM  %  RAM  Functions:
---- --- --- ---  ----------
0     19  30   1  @delay_ms1
0     40  63   1  MAIN

 Segment   Used  Free
---------  ----  ----
00000-00003     4  0  
00004-007FF    59  1985  
00800-00FFF     0  2048  
01000-017FF     0  2048  
01800-01FFF     0  2048  

