
ROM used: 48 (1%)
          48 (1%) including unused fragments

          0 Average locations per line
          5 Average locations per statement

RAM used: 5 (3%) at main() level
          6 (3%) worst case

Lines Stmts  %   Files
----- ----- ---  -----
   46    10 100  I:\WELCOME BACK GK\Confidential\R & D division\ROBO KIT(pic16f876a)\motor.c
  270     0   0  C:\Program Files (x86)\PICC\devices\16F876A.H
----- -----
  632    20 Total

Page ROM  %  RAM  Functions:
---- --- --- ---  ----------
0     19  40   1  @delay_ms1
0     25  52   0  main

 Segment   Used  Free
---------  ----  ----
00000-00003     4  0  
00004-007FF    44  2000  
00800-00FFF     0  2048  
01000-017FF     0  2048  
01800-01FFF     0  2048  

