
ROM used: 288 (4%)
          288 (4%) including unused fragments

          1 Average locations per line
          6 Average locations per statement

RAM used: 36 (21%) at main() level
          39 (22%) worst case

Lines Stmts  %   Files
----- ----- ---  -----
   89    46 100  E:\Ganesh Potti\Ganesh Projects\Engineers Projects\ARRAY_LED_DISPALY\array led display.c
  306     0   0  C:\Program Files\PICC\devices\16f877a.h
----- -----
  790    92 Total

Page ROM  %  RAM  Functions:
---- --- --- ---  ----------
0     19   7   1  @delay_ms1
0     18   6   1  rda_isr
0     10   3   1  command
0     10   3   1  data
0    133  46   1  main
0     17   6   0  @const10042
0     14   5   0  @const10047
0     14   5   0  @const10074

 Segment   Used  Free
---------  ----  ----
00000-00003     4  0  
00004-00034    49  0  
00035-007FF   235  1760  
00800-00FFF     0  2048  
01000-017FF     0  2048  
01800-01FFF     0  2048  

