
ROM used: 126 (2%)
          126 (2%) including unused fragments

          0 Average locations per line
          7 Average locations per statement

RAM used: 16 (9%) at main() level
          17 (10%) worst case

Lines Stmts  %   Files
----- ----- ---  -----
   44    17 100  \\GRT-EMBEDDED-PC\Users\Public\GRT SHARE_DOC\2013 Projects Programs\Ganesh_tr\Led using lat and lon\lat and lon.c
  306     0   0  C:\Program Files\PICC\devices\16f877a.h
----- -----
  700    34 Total

Page ROM  %  RAM  Functions:
---- --- --- ---  ----------
0     22  17   1  @delay_ms1
0     12  10   0  timer0_isr
0     41  33   0  main

 Segment   Used  Free
---------  ----  ----
00000-00003     4  0  
00004-00032    47  0  
00033-007FF    75  1922  
00800-00FFF     0  2048  
01000-017FF     0  2048  
01800-01FFF     0  2048  

