
ROM used:   554/8192 (7%)
            554/8192 (7%) including unused fragments

            0.6 Average locations per line
            4.6 Average locations per statement

RAM used:   7/368 (2%) at main() level
            31/368 (8%) worst case

Stack used: 3 worst case (3 in main + 0 for interrupts)
Stack size: 8

Lines Stmts  %   Files
----- ----- ---  -----
  184    59  49  touch_GLCD.c
  661     0   0  ..\..\..\..\..\Program Files\PICC\Devices\16F877A.h
  102    62  51  Header_Touch.h
----- -----
  947   121 Total

Page ROM  %  RAM   Vol Diff  Functions:
---- --- --- ---   --- ----  ----------
0     20   4    1             @delay_ms1
0    291  53   24  2693  9.9  read_touch
0     21   4    3   127  1.8  @DIV88
 Inline         2   127  1.8  @MUL88
0     10   2    1   127  1.8  command
0     10   2    1   127  1.8  data
0    101  18    1   649  3.8  MAIN
0      9   2    0   474  5.6  @const664
0     75  14    4   474  5.6  @PSTRINGC7_639
0      9   2    0   474  5.6  @const666
0      2   0    0   474  5.6  @const672
0      2   0    0             @const675
 Inline         0             @cinit1

Program metrics:
    Functions               10
    Statements              121
    Comments                151
    Volume (V)              8308
    Difficulty (D)          43.2
    Effort to implement (E) 358562
    Time to implement (T)   5 hours, 32 minutes
    Est Delivered Bugs (B)  2
    Cyclomatic Complexity   18
    Maintainability (MI)    82

 Segment     Used  Free
-----------  ----  ----
00000-00003     4  0  
00004-007FF   550  1494  
00800-00FFF     0  2048  
01000-017FF     0  2048  
01800-01FFF     0  2048  



