
ROM used: 266 (3%)
          266 (3%) including unused fragments

          1 Average locations per line
          5 Average locations per statement

RAM used: 7 (4%) at main() level
          27 (15%) worst case

Lines Stmts  %   Files
----- ----- ---  -----
   97    53 100  E:\Ganesh\RFID Projects\1.c
  306     0   0  C:\Program Files\PICC\devices\16f877a.h
----- -----
  806   106 Total

Page ROM  %  RAM  Functions:
---- --- --- ---  ----------
0     19   7   1  @delay_ms1
0     10   4   1  command
0     10   4   1  data
0     98  37  16  display
0     38  14   5  @DIV1616
0     75  28   1  main
0     12   5   0  @const10055

 Segment   Used  Free
---------  ----  ----
00000-00003     4  0  
00004-007FF   262  1782  
00800-00FFF     0  2048  
01000-017FF     0  2048  
01800-01FFF     0  2048  

