
ROM used: 3459 (42%)
          4034 (49%) including unused fragments

          4 Average locations per line
          7 Average locations per statement

RAM used: 64 (37%) at main() level
          76 (43%) worst case

Lines Stmts  %   Files
----- ----- ---  -----
  571   521 100  E:\Ganesh Potti\Ganesh Projects\Engineers Projects\universal atm\25-03-14\smart.c
  306     0   0  C:\Program Files\PICC\devices\16F877A.h
----- -----
 1754  1042 Total

Page ROM  %  RAM  Functions:
---- --- --- ---  ----------
0     19   1   1  @delay_ms1
0     12   0   0  @GETCH_BIU_1
0     86   2   1  rb_isr
0     40   1   2  rda_isr
0     13   0   1  command
0     13   0   1  data
1   1986  57   5  main
0     22   1   0  @const10171
0     24   1   0  @const10176
0     21   1   5  @MUL1616
0     37   1   2  @MUL88
0      9   0   0  @const10209
0     15   0   0  @const10214
0      9   0   0  @const10219
0     12   0   0  @const10224
0      9   0   0  @const10229
0     12   0   0  @const10234
0      9   0   0  @const10239
0     11   0   0  @const10244
0      9   0   0  @const10249
0     10   0   0  @const10254
0     16   0   0  @const10268
0     21   1   0  @const10289
0     27   1   0  @const10301
0     13   0   0  @const10312
0     16   0   0  @const10333
0     16   0   0  @const10338
0     18   1   0  @const10343
0     16   0   0  @const10355
0     16   0   0  @const10360
0     13   0   0  @const10371
0     13   0   0  @const10404
0     13   0   0  @const10428
0     12   0   0  @const10439
0     11   0   0  @const10503
0     13   0   0  @const10508
0     12   0   0  @const10513
0     11   0   0  @const10518
0     26   1   0  @const10532
0     25   1   0  @const10537
0     25   1   0  @const10552
0     24   1   0  @const10572
0     21   1   0  @const10596
0     19   1   0  @const10601
0    248   7   5  withdrawal_amount
0     20   1   0  @const10706
0     19   1   0  @const10720
0    222   6   5  deposite_amount
0     77   2   5  display
0     38   1   5  @DIV1616

 Segment   Used  Free
---------  ----  ----
00000-00003     4  0  
00004-0003B    56  0  
0003C-007FF  1413  575  
00800-00FFF  1986  62  
01000-017FF     0  2048  
01800-01FFF     0  2048  

