CCS PCM C Compiler, Version 3.249, 33340               24-Mar-14 22:43

               Filename: E:\Ganesh Potti\Ganesh Projects\Engineers Projects\universal atm\universal_final_2(18-03-14)_final_code\final_2(18-03-14).lst

               ROM used: 3492 words (43%)
                         Largest free fragment is 2048
               RAM used: 66 (38%) at main() level
                         78 (45%) worst case
               Stack:    6 worst case (4 in main + 2 for interrupts)

*
0000:  MOVLW  08
0001:  MOVWF  0A
0002:  GOTO   000
0003:  NOP
0004:  MOVWF  7F
0005:  SWAPF  03,W
0006:  CLRF   03
0007:  MOVWF  21
0008:  MOVF   0A,W
0009:  MOVWF  20
000A:  CLRF   0A
000B:  MOVF   04,W
000C:  MOVWF  22
000D:  MOVF   77,W
000E:  MOVWF  23
000F:  MOVF   78,W
0010:  MOVWF  24
0011:  MOVF   79,W
0012:  MOVWF  25
0013:  MOVF   7A,W
0014:  MOVWF  26
0015:  MOVF   7B,W
0016:  MOVWF  27
0017:  BCF    03.7
0018:  BCF    03.5
0019:  BTFSS  0B.3
001A:  GOTO   01D
001B:  BTFSC  0B.0
001C:  GOTO   036
001D:  MOVLW  8C
001E:  MOVWF  04
001F:  BTFSS  00.5
0020:  GOTO   023
0021:  BTFSC  0C.5
0022:  GOTO   039
0023:  MOVF   22,W
0024:  MOVWF  04
0025:  MOVF   23,W
0026:  MOVWF  77
0027:  MOVF   24,W
0028:  MOVWF  78
0029:  MOVF   25,W
002A:  MOVWF  79
002B:  MOVF   26,W
002C:  MOVWF  7A
002D:  MOVF   27,W
002E:  MOVWF  7B
002F:  MOVF   20,W
0030:  MOVWF  0A
0031:  SWAPF  21,W
0032:  MOVWF  03
0033:  SWAPF  7F,F
0034:  SWAPF  7F,W
0035:  RETFIE
0036:  BCF    0A.3
0037:  BCF    0A.4
0038:  GOTO   2B5
0039:  BCF    0A.3
003A:  BCF    0A.4
003B:  GOTO   317
.................... #include <16F877A.h> 
.................... //////// Standard Header file for the PIC16F877A device //////////////// 
.................... #device PIC16F877A 
.................... #list 
....................  
.................... #use delay(clock=11059200) 
*
02A2:  MOVLW  67
02A3:  MOVWF  04
02A4:  MOVF   00,W
02A5:  BTFSC  03.2
02A6:  GOTO   2B4
02A7:  MOVLW  03
02A8:  MOVWF  78
02A9:  CLRF   77
02AA:  DECFSZ 77,F
02AB:  GOTO   2AA
02AC:  DECFSZ 78,F
02AD:  GOTO   2A9
02AE:  MOVLW  95
02AF:  MOVWF  77
02B0:  DECFSZ 77,F
02B1:  GOTO   2B0
02B2:  DECFSZ 00,F
02B3:  GOTO   2A7
02B4:  RETLW  00
.................... #use rs232(baud=9600, xmit=PIN_c6,rcv=PIN_c7, bits=8, errors) 
*
030B:  BTFSS  0C.5
030C:  GOTO   30B
030D:  MOVF   18,W
030E:  MOVWF  29
030F:  MOVF   1A,W
0310:  MOVWF  78
0311:  BTFSS  29.1
0312:  GOTO   315
0313:  BCF    18.4
0314:  BSF    18.4
0315:  NOP
0316:  RETLW  00
*
0812:  BCF    03.5
0813:  CLRF   29
.................... #fuses NOWDT,HS, PUT, NOPROTECT,NOBROWNOUT, NOLVP, NOCPD, NOWRT 
....................  
.................... #byte trisb=0x86 
.................... #byte portb=0x06 
....................  
.................... #byte trisd=0x88 
.................... #byte portd=0x08 
....................  
.................... #byte trisc=0x87 
.................... #byte portc=0x07 
....................  
.................... #bit RELAY = portc.0 
....................  
.................... #byte trise=0x89 
.................... #byte porte=0x09 
....................  
.................... #byte intcon=0x0b 
.................... #byte option_reg=0x81 
.................... #byte rcreg=0x1a 
....................  
.................... #bit c1=portb.7 
.................... #bit c2=portb.6 
.................... #bit c3=portb.5 
.................... #bit c4=portb.4 
....................  
.................... #bit r4=portb.0 
.................... #bit r3=portb.1 
.................... #bit r2=portb.2 
.................... #bit r1=portb.3 
....................  
.................... #bit reg=porte.0 
.................... #bit rw=porte.1 
.................... #bit en=porte.2 
....................  
.................... #define Z PUTC('M') 
.................... #define Y PUTC('L') 
....................  
.................... unsigned int16 enter_amt = 0 , total_amt = 0 , amount = 0 , total_no[5]={0} , w[6] = {0}; 
0814:  CLRF   2A
0815:  CLRF   2B
0816:  CLRF   2C
0817:  CLRF   2D
0818:  CLRF   2E
0819:  CLRF   2F
081A:  CLRF   30
081B:  CLRF   31
081C:  CLRF   32
081D:  CLRF   33
081E:  CLRF   34
081F:  CLRF   35
0820:  CLRF   36
0821:  CLRF   37
0822:  CLRF   38
0823:  CLRF   39
0824:  CLRF   3A
0825:  CLRF   3B
0826:  CLRF   3C
0827:  CLRF   3D
0828:  CLRF   3E
0829:  CLRF   3F
082A:  CLRF   40
082B:  CLRF   41
082C:  CLRF   42
082D:  CLRF   43
082E:  CLRF   44
082F:  CLRF   45
.................... unsigned int a[12]={0,0,0,0,0,0,0,0,0,0,0,0}, x=0, i=0, i1=0 ; 
0830:  CLRF   46
0831:  CLRF   47
0832:  CLRF   48
0833:  CLRF   49
0834:  CLRF   4A
0835:  CLRF   4B
0836:  CLRF   4C
0837:  CLRF   4D
0838:  CLRF   4E
0839:  CLRF   4F
083A:  CLRF   50
083B:  CLRF   51
083C:  CLRF   52
083D:  CLRF   53
083E:  CLRF   54
.................... int1 id_flag=0,flag_1=1,glag=0,glag_1=0,glag_2=0,glag_3=0,glag_4=0,k=0,l=0,m=1,n=1,p=1,o=1,t=0,q=1,r=0, s=0 ,receiver=0,c=0,rb_flag=0 , amt_flag=0 , id=0; 
083F:  BCF    55.0
0840:  BSF    55.1
0841:  BCF    55.2
0842:  BCF    55.3
0843:  BCF    55.4
0844:  BCF    55.5
0845:  BCF    55.6
0846:  BCF    55.7
0847:  BCF    56.0
0848:  BSF    56.1
0849:  BSF    56.2
084A:  BSF    56.3
084B:  BSF    56.4
084C:  BCF    56.5
084D:  BSF    56.6
084E:  BCF    56.7
084F:  BCF    57.0
0850:  BCF    57.1
0851:  BCF    57.2
0852:  BCF    57.3
0853:  BCF    57.4
0854:  BCF    57.5
.................... void display(unsigned int16 m); 
.................... void display1(unsigned int16 n); 
.................... void withdrawal_amount(); 
.................... void deposite_amount(); 
.................... void display(unsigned int16 m); 
....................  
.................... #int_rb 
.................... rb_isr() 
.................... { 
....................       portb=0xf0; 
*
02B5:  MOVLW  F0
02B6:  MOVWF  06
....................       r1=0; if(c1==0) {x=0;} if(c2==0){x=1;} if(c3==0){x=2;} if(c4==0){x=3;}r1=1; 
02B7:  BCF    06.3
02B8:  BTFSC  06.7
02B9:  GOTO   2BB
02BA:  CLRF   52
02BB:  BTFSC  06.6
02BC:  GOTO   2BF
02BD:  MOVLW  01
02BE:  MOVWF  52
02BF:  BTFSC  06.5
02C0:  GOTO   2C3
02C1:  MOVLW  02
02C2:  MOVWF  52
02C3:  BTFSC  06.4
02C4:  GOTO   2C7
02C5:  MOVLW  03
02C6:  MOVWF  52
02C7:  BSF    06.3
....................  
....................       r2=0; if(c1==0) {x=4; }if(c2==0){x=5;} if(c3==0){x=6;} if(c4==0){x=7;}r2=1; 
02C8:  BCF    06.2
02C9:  BTFSC  06.7
02CA:  GOTO   2CD
02CB:  MOVLW  04
02CC:  MOVWF  52
02CD:  BTFSC  06.6
02CE:  GOTO   2D1
02CF:  MOVLW  05
02D0:  MOVWF  52
02D1:  BTFSC  06.5
02D2:  GOTO   2D5
02D3:  MOVLW  06
02D4:  MOVWF  52
02D5:  BTFSC  06.4
02D6:  GOTO   2D9
02D7:  MOVLW  07
02D8:  MOVWF  52
02D9:  BSF    06.2
....................  
....................       r3=0; if(c1==0) {x=8;} if(c2==0){x='A';} if(c3==0){x='B';} if(c4==0){x='C';}r3=1; 
02DA:  BCF    06.1
02DB:  BTFSC  06.7
02DC:  GOTO   2DF
02DD:  MOVLW  08
02DE:  MOVWF  52
02DF:  BTFSC  06.6
02E0:  GOTO   2E3
02E1:  MOVLW  41
02E2:  MOVWF  52
02E3:  BTFSC  06.5
02E4:  GOTO   2E7
02E5:  MOVLW  42
02E6:  MOVWF  52
02E7:  BTFSC  06.4
02E8:  GOTO   2EB
02E9:  MOVLW  43
02EA:  MOVWF  52
02EB:  BSF    06.1
....................  
....................       r4=0; if(c1==0) {x='D';} if(c2==0){x='E';} if(c3==0){x='F';} if(c4==0){x='G';}r4=1; 
02EC:  BCF    06.0
02ED:  BTFSC  06.7
02EE:  GOTO   2F1
02EF:  MOVLW  44
02F0:  MOVWF  52
02F1:  BTFSC  06.6
02F2:  GOTO   2F5
02F3:  MOVLW  45
02F4:  MOVWF  52
02F5:  BTFSC  06.5
02F6:  GOTO   2F9
02F7:  MOVLW  46
02F8:  MOVWF  52
02F9:  BTFSC  06.4
02FA:  GOTO   2FD
02FB:  MOVLW  47
02FC:  MOVWF  52
02FD:  BSF    06.0
....................       portb=0x00; 
02FE:  CLRF   06
....................       while(!(portb==0xf0)); 
02FF:  MOVF   06,W
0300:  SUBLW  F0
0301:  BTFSS  03.2
0302:  GOTO   2FF
....................       rb_flag=1; 
0303:  BSF    57.3
....................       delay_ms(10); 
0304:  MOVLW  0A
0305:  MOVWF  67
0306:  CALL   2A2
.................... } 
....................  
0307:  BCF    0B.0
0308:  BCF    0A.3
0309:  BCF    0A.4
030A:  GOTO   023
.................... #int_rda 
.................... rda_isr() 
.................... { 
....................       if(id==0) 
*
0317:  BTFSC  57.5
0318:  GOTO   329
....................         { 
....................          a[i1]=fgetc(); 
0319:  MOVLW  46
031A:  ADDWF  54,W
031B:  MOVWF  04
031C:  MOVWF  68
031D:  CALL   30B
031E:  MOVF   68,W
031F:  MOVWF  04
0320:  MOVF   78,W
0321:  MOVWF  00
....................          i1++; 
0322:  INCF   54,F
....................             if(i1>=5) 
0323:  MOVF   54,W
0324:  SUBLW  04
0325:  BTFSC  03.0
0326:  GOTO   329
....................              { 
....................                i1=0; 
0327:  CLRF   54
....................                amt_flag=1; 
0328:  BSF    57.4
....................              } 
....................         } 
....................       if(id==1) 
0329:  BTFSS  57.5
032A:  GOTO   33B
....................       { 
....................          a[i1]=fgetc(); 
032B:  MOVLW  46
032C:  ADDWF  54,W
032D:  MOVWF  04
032E:  MOVWF  68
032F:  CALL   30B
0330:  MOVF   68,W
0331:  MOVWF  04
0332:  MOVF   78,W
0333:  MOVWF  00
....................          i1++; 
0334:  INCF   54,F
....................             if(i1>=12) 
0335:  MOVF   54,W
0336:  SUBLW  0B
0337:  BTFSC  03.0
0338:  GOTO   33B
....................              { 
....................                i1=0; 
0339:  CLRF   54
....................                id_flag=1; 
033A:  BSF    55.0
....................              } 
....................       } 
.................... } 
033B:  BCF    0C.5
033C:  BCF    0A.3
033D:  BCF    0A.4
033E:  GOTO   023
.................... void command(unsigned int com) 
.................... { 
....................       portd=com; 
033F:  MOVF   5E,W
0340:  MOVWF  08
....................       reg=0; 
0341:  BCF    09.0
....................       rw=0; 
0342:  BCF    09.1
....................       en=1; 
0343:  BSF    09.2
0344:  CLRF   28
0345:  BTFSC  0B.7
0346:  BSF    28.7
0347:  BCF    0B.7
....................       delay_ms(1); 
0348:  MOVLW  01
0349:  MOVWF  67
034A:  CALL   2A2
034B:  BTFSC  28.7
034C:  BSF    0B.7
....................       en=0; 
034D:  BCF    09.2
.................... } 
034E:  RETLW  00
.................... void data(unsigned int dat) 
.................... { 
....................       portd=dat; 
034F:  MOVF   63,W
0350:  MOVWF  08
....................       reg=1; 
0351:  BSF    09.0
....................       rw=0; 
0352:  BCF    09.1
....................       en=1; 
0353:  BSF    09.2
0354:  CLRF   28
0355:  BTFSC  0B.7
0356:  BSF    28.7
0357:  BCF    0B.7
....................       delay_ms(1); 
0358:  MOVLW  01
0359:  MOVWF  67
035A:  CALL   2A2
035B:  BTFSC  28.7
035C:  BSF    0B.7
....................       en=0; 
035D:  BCF    09.2
.................... } 
035E:  RETLW  00
....................  
.................... void main() 
.................... { 
*
0800:  CLRF   04
0801:  MOVLW  1F
0802:  ANDWF  03,F
0803:  MOVLW  11
0804:  BSF    03.5
0805:  MOVWF  19
0806:  MOVLW  22
0807:  MOVWF  18
0808:  MOVLW  90
0809:  BCF    03.5
080A:  MOVWF  18
080B:  BSF    03.5
080C:  BSF    1F.0
080D:  BSF    1F.1
080E:  BSF    1F.2
080F:  BCF    1F.3
0810:  MOVLW  07
0811:  MOVWF  1C
....................       int t,r,c; 
....................  
....................       trisb=0xf0; 
*
0855:  MOVLW  F0
0856:  BSF    03.5
0857:  MOVWF  06
....................       portb=0x00; 
0858:  BCF    03.5
0859:  CLRF   06
....................  
....................       trisd=0x00; 
085A:  BSF    03.5
085B:  CLRF   08
....................       portd=0x00; 
085C:  BCF    03.5
085D:  CLRF   08
....................  
....................       trisc=0x80; 
085E:  MOVLW  80
085F:  BSF    03.5
0860:  MOVWF  07
....................       portc=0x00; 
0861:  BCF    03.5
0862:  CLRF   07
....................  
....................       trise=0x00; 
0863:  BSF    03.5
0864:  CLRF   09
....................       porte=0x00; 
0865:  BCF    03.5
0866:  CLRF   09
....................  
....................       option_reg=0x00; 
0867:  BSF    03.5
0868:  CLRF   01
....................       intcon=0xc8; 
0869:  MOVLW  C8
086A:  BCF    03.5
086B:  MOVWF  0B
....................  
....................       enable_interrupts(global); 
086C:  MOVLW  C0
086D:  IORWF  0B,F
....................       enable_interrupts(int_rda); 
086E:  BSF    03.5
086F:  BSF    0C.5
....................  
....................       command(0x38); 
0870:  MOVLW  38
0871:  BCF    03.5
0872:  MOVWF  5E
0873:  BCF    0A.3
0874:  CALL   33F
0875:  BSF    0A.3
....................       command(0x0c); 
0876:  MOVLW  0C
0877:  MOVWF  5E
0878:  BCF    0A.3
0879:  CALL   33F
087A:  BSF    0A.3
....................       command(0x06); 
087B:  MOVLW  06
087C:  MOVWF  5E
087D:  BCF    0A.3
087E:  CALL   33F
087F:  BSF    0A.3
....................       command(0x01); 
0880:  MOVLW  01
0881:  MOVWF  5E
0882:  BCF    0A.3
0883:  CALL   33F
0884:  BSF    0A.3
0885:  CLRF   28
0886:  BTFSC  0B.7
0887:  BSF    28.7
0888:  BCF    0B.7
....................  
....................       delay_ms(1); 
0889:  MOVLW  01
088A:  MOVWF  67
088B:  BCF    0A.3
088C:  CALL   2A2
088D:  BSF    0A.3
088E:  BTFSC  28.7
088F:  BSF    0B.7
....................       command(0x80); 
0890:  MOVLW  80
0891:  MOVWF  5E
0892:  BCF    0A.3
0893:  CALL   33F
0894:  BSF    0A.3
....................       data("   PLEASE ENTER  "); 
0895:  CLRF   5B
0896:  MOVF   5B,W
0897:  BCF    0A.3
0898:  CALL   03C
0899:  BSF    0A.3
089A:  IORLW  00
089B:  BTFSC  03.2
089C:  GOTO   0A3
089D:  INCF   5B,F
089E:  MOVWF  63
089F:  BCF    0A.3
08A0:  CALL   34F
08A1:  BSF    0A.3
08A2:  GOTO   096
....................       command(0xc0); 
08A3:  MOVLW  C0
08A4:  MOVWF  5E
08A5:  BCF    0A.3
08A6:  CALL   33F
08A7:  BSF    0A.3
....................       data("   YOUR CHOICES    "); 
08A8:  CLRF   5B
08A9:  MOVF   5B,W
08AA:  BCF    0A.3
08AB:  CALL   052
08AC:  BSF    0A.3
08AD:  IORLW  00
08AE:  BTFSC  03.2
08AF:  GOTO   0B6
08B0:  INCF   5B,F
08B1:  MOVWF  63
08B2:  BCF    0A.3
08B3:  CALL   34F
08B4:  BSF    0A.3
08B5:  GOTO   0A9
....................       delay_ms(1000); 
08B6:  MOVLW  04
08B7:  MOVWF  5B
08B8:  CLRF   28
08B9:  BTFSC  0B.7
08BA:  BSF    28.7
08BB:  BCF    0B.7
08BC:  MOVLW  FA
08BD:  MOVWF  67
08BE:  BCF    0A.3
08BF:  CALL   2A2
08C0:  BSF    0A.3
08C1:  BTFSC  28.7
08C2:  BSF    0B.7
08C3:  DECFSZ 5B,F
08C4:  GOTO   0B8
....................       command(0x01); 
08C5:  MOVLW  01
08C6:  MOVWF  5E
08C7:  BCF    0A.3
08C8:  CALL   33F
08C9:  BSF    0A.3
08CA:  CLRF   28
08CB:  BTFSC  0B.7
08CC:  BSF    28.7
08CD:  BCF    0B.7
....................       delay_ms(100); 
08CE:  MOVLW  64
08CF:  MOVWF  67
08D0:  BCF    0A.3
08D1:  CALL   2A2
08D2:  BSF    0A.3
08D3:  BTFSC  28.7
08D4:  BSF    0B.7
....................       putc('M'); 
08D5:  MOVLW  4D
08D6:  BTFSS  0C.4
08D7:  GOTO   0D6
08D8:  MOVWF  19
....................       putc('1'); 
08D9:  MOVLW  31
08DA:  BTFSS  0C.4
08DB:  GOTO   0DA
08DC:  MOVWF  19
....................       delay_ms(2000); 
08DD:  MOVLW  08
08DE:  MOVWF  5B
08DF:  CLRF   28
08E0:  BTFSC  0B.7
08E1:  BSF    28.7
08E2:  BCF    0B.7
08E3:  MOVLW  FA
08E4:  MOVWF  67
08E5:  BCF    0A.3
08E6:  CALL   2A2
08E7:  BSF    0A.3
08E8:  BTFSC  28.7
08E9:  BSF    0B.7
08EA:  DECFSZ 5B,F
08EB:  GOTO   0DF
....................       
.................... while(1) 
.................... { 
.................... if(amt_flag==1) 
08EC:  BTFSS  57.4
08ED:  GOTO   154
.................... { 
....................       RELAY = 0; 
08EE:  BCF    07.0
....................       s=1; 
08EF:  BSF    57.0
....................       amt_flag=0; 
08F0:  BCF    57.4
....................       command(0x01); 
08F1:  MOVLW  01
08F2:  MOVWF  5E
08F3:  BCF    0A.3
08F4:  CALL   33F
08F5:  BSF    0A.3
08F6:  CLRF   28
08F7:  BTFSC  0B.7
08F8:  BSF    28.7
08F9:  BCF    0B.7
....................       delay_ms(2); 
08FA:  MOVLW  02
08FB:  MOVWF  67
08FC:  BCF    0A.3
08FD:  CALL   2A2
08FE:  BSF    0A.3
08FF:  BTFSC  28.7
0900:  BSF    0B.7
0901:  CLRF   28
0902:  BTFSC  0B.7
0903:  BSF    28.7
0904:  BCF    0B.7
....................       /*command(0xcf); 
....................       data(a[0]|0x30); 
....................       data(a[1]|0x30); 
....................       data(a[2]|0x30); 
....................       data(a[3]|0x30); 
....................       data(a[4]|0x30);*/ 
....................       delay_ms(200); 
0905:  MOVLW  C8
0906:  MOVWF  67
0907:  BCF    0A.3
0908:  CALL   2A2
0909:  BSF    0A.3
090A:  BTFSC  28.7
090B:  BSF    0B.7
....................  
....................       total_amt = 0; 
090C:  CLRF   2D
090D:  CLRF   2C
....................       total_amt += (a[0]-'0')*10000; 
090E:  MOVLW  30
090F:  SUBWF  46,W
0910:  MOVWF  5C
0911:  CLRF   61
0912:  MOVF   5C,W
0913:  MOVWF  60
0914:  MOVLW  27
0915:  MOVWF  63
0916:  MOVLW  10
0917:  MOVWF  62
0918:  BCF    0A.3
0919:  CALL   35F
091A:  BSF    0A.3
091B:  MOVF   78,W
091C:  ADDWF  2C,F
091D:  MOVF   79,W
091E:  BTFSC  03.0
091F:  INCFSZ 79,W
0920:  ADDWF  2D,F
....................       total_amt += (a[1]-'0')*1000; 
0921:  MOVLW  30
0922:  SUBWF  47,W
0923:  MOVWF  5C
0924:  CLRF   61
0925:  MOVF   5C,W
0926:  MOVWF  60
0927:  MOVLW  03
0928:  MOVWF  63
0929:  MOVLW  E8
092A:  MOVWF  62
092B:  BCF    0A.3
092C:  CALL   35F
092D:  BSF    0A.3
092E:  MOVF   78,W
092F:  ADDWF  2C,F
0930:  MOVF   79,W
0931:  BTFSC  03.0
0932:  INCFSZ 79,W
0933:  ADDWF  2D,F
....................       total_amt += (a[2]-'0')*100; 
0934:  MOVLW  30
0935:  SUBWF  48,W
0936:  MOVWF  5C
0937:  MOVWF  5D
0938:  MOVLW  64
0939:  MOVWF  5E
093A:  BCF    0A.3
093B:  CALL   374
093C:  BSF    0A.3
093D:  MOVF   78,W
093E:  ADDWF  2C,F
093F:  BTFSC  03.0
0940:  INCF   2D,F
....................       total_amt += (a[3]-'0')*10; 
0941:  MOVLW  30
0942:  SUBWF  49,W
0943:  MOVWF  5C
0944:  MOVWF  5D
0945:  MOVLW  0A
0946:  MOVWF  5E
0947:  BCF    0A.3
0948:  CALL   374
0949:  BSF    0A.3
094A:  MOVF   78,W
094B:  ADDWF  2C,F
094C:  BTFSC  03.0
094D:  INCF   2D,F
....................       total_amt += (a[4]-'0')*1; 
094E:  MOVLW  30
094F:  SUBWF  4A,W
0950:  ADDWF  2C,F
0951:  BTFSC  03.0
0952:  INCF   2D,F
....................  
....................       id=1; 
0953:  BSF    57.5
.................... } 
.................... if((x==0) && (o==1)) 
0954:  MOVF   52,F
0955:  BTFSS  03.2
0956:  GOTO   251
0957:  BTFSS  56.4
0958:  GOTO   251
.................... { 
....................       s=0; 
0959:  BCF    57.0
....................       k=1; 
095A:  BSF    55.7
095B:  CLRF   28
095C:  BTFSC  0B.7
095D:  BSF    28.7
095E:  BCF    0B.7
....................       delay_ms(2); 
095F:  MOVLW  02
0960:  MOVWF  67
0961:  BCF    0A.3
0962:  CALL   2A2
0963:  BSF    0A.3
0964:  BTFSC  28.7
0965:  BSF    0B.7
....................       command(0x80); 
0966:  MOVLW  80
0967:  MOVWF  5E
0968:  BCF    0A.3
0969:  CALL   33F
096A:  BSF    0A.3
....................       data("K.A:"); 
096B:  CLRF   5B
096C:  MOVF   5B,W
096D:  BCF    0A.3
096E:  CALL   06A
096F:  BSF    0A.3
0970:  IORLW  00
0971:  BTFSC  03.2
0972:  GOTO   179
0973:  INCF   5B,F
0974:  MOVWF  63
0975:  BCF    0A.3
0976:  CALL   34F
0977:  BSF    0A.3
0978:  GOTO   16C
....................       command(0x84); 
0979:  MOVLW  84
097A:  MOVWF  5E
097B:  BCF    0A.3
097C:  CALL   33F
097D:  BSF    0A.3
....................       data("CLASS ROOM"); 
097E:  CLRF   5B
097F:  MOVF   5B,W
0980:  BCF    0A.3
0981:  CALL   073
0982:  BSF    0A.3
0983:  IORLW  00
0984:  BTFSC  03.2
0985:  GOTO   18C
0986:  INCF   5B,F
0987:  MOVWF  63
0988:  BCF    0A.3
0989:  CALL   34F
098A:  BSF    0A.3
098B:  GOTO   17F
098C:  CLRF   28
098D:  BTFSC  0B.7
098E:  BSF    28.7
098F:  BCF    0B.7
....................       delay_ms(10); 
0990:  MOVLW  0A
0991:  MOVWF  67
0992:  BCF    0A.3
0993:  CALL   2A2
0994:  BSF    0A.3
0995:  BTFSC  28.7
0996:  BSF    0B.7
....................       command(0xc0); 
0997:  MOVLW  C0
0998:  MOVWF  5E
0999:  BCF    0A.3
099A:  CALL   33F
099B:  BSF    0A.3
....................       data("K.B:"); 
099C:  CLRF   5B
099D:  MOVF   5B,W
099E:  BCF    0A.3
099F:  CALL   082
09A0:  BSF    0A.3
09A1:  IORLW  00
09A2:  BTFSC  03.2
09A3:  GOTO   1AA
09A4:  INCF   5B,F
09A5:  MOVWF  63
09A6:  BCF    0A.3
09A7:  CALL   34F
09A8:  BSF    0A.3
09A9:  GOTO   19D
....................       command(0xc4); 
09AA:  MOVLW  C4
09AB:  MOVWF  5E
09AC:  BCF    0A.3
09AD:  CALL   33F
09AE:  BSF    0A.3
....................       data("LIBRARY"); 
09AF:  CLRF   5B
09B0:  MOVF   5B,W
09B1:  BCF    0A.3
09B2:  CALL   08B
09B3:  BSF    0A.3
09B4:  IORLW  00
09B5:  BTFSC  03.2
09B6:  GOTO   1BD
09B7:  INCF   5B,F
09B8:  MOVWF  63
09B9:  BCF    0A.3
09BA:  CALL   34F
09BB:  BSF    0A.3
09BC:  GOTO   1B0
09BD:  CLRF   28
09BE:  BTFSC  0B.7
09BF:  BSF    28.7
09C0:  BCF    0B.7
....................       delay_ms(10); 
09C1:  MOVLW  0A
09C2:  MOVWF  67
09C3:  BCF    0A.3
09C4:  CALL   2A2
09C5:  BSF    0A.3
09C6:  BTFSC  28.7
09C7:  BSF    0B.7
....................       command(0x94); 
09C8:  MOVLW  94
09C9:  MOVWF  5E
09CA:  BCF    0A.3
09CB:  CALL   33F
09CC:  BSF    0A.3
....................       data("K.C:"); 
09CD:  CLRF   5B
09CE:  MOVF   5B,W
09CF:  BCF    0A.3
09D0:  CALL   097
09D1:  BSF    0A.3
09D2:  IORLW  00
09D3:  BTFSC  03.2
09D4:  GOTO   1DB
09D5:  INCF   5B,F
09D6:  MOVWF  63
09D7:  BCF    0A.3
09D8:  CALL   34F
09D9:  BSF    0A.3
09DA:  GOTO   1CE
....................       command(0x98); 
09DB:  MOVLW  98
09DC:  MOVWF  5E
09DD:  BCF    0A.3
09DE:  CALL   33F
09DF:  BSF    0A.3
....................       data("CANTEEN"); 
09E0:  CLRF   5B
09E1:  MOVF   5B,W
09E2:  BCF    0A.3
09E3:  CALL   0A0
09E4:  BSF    0A.3
09E5:  IORLW  00
09E6:  BTFSC  03.2
09E7:  GOTO   1EE
09E8:  INCF   5B,F
09E9:  MOVWF  63
09EA:  BCF    0A.3
09EB:  CALL   34F
09EC:  BSF    0A.3
09ED:  GOTO   1E1
09EE:  CLRF   28
09EF:  BTFSC  0B.7
09F0:  BSF    28.7
09F1:  BCF    0B.7
....................       delay_ms(1); 
09F2:  MOVLW  01
09F3:  MOVWF  67
09F4:  BCF    0A.3
09F5:  CALL   2A2
09F6:  BSF    0A.3
09F7:  BTFSC  28.7
09F8:  BSF    0B.7
....................       command(0xd4); 
09F9:  MOVLW  D4
09FA:  MOVWF  5E
09FB:  BCF    0A.3
09FC:  CALL   33F
09FD:  BSF    0A.3
....................       data("K.D:"); 
09FE:  CLRF   5B
09FF:  MOVF   5B,W
0A00:  BCF    0A.3
0A01:  CALL   0AC
0A02:  BSF    0A.3
0A03:  IORLW  00
0A04:  BTFSC  03.2
0A05:  GOTO   20C
0A06:  INCF   5B,F
0A07:  MOVWF  63
0A08:  BCF    0A.3
0A09:  CALL   34F
0A0A:  BSF    0A.3
0A0B:  GOTO   1FF
....................       command(0xd8); 
0A0C:  MOVLW  D8
0A0D:  MOVWF  5E
0A0E:  BCF    0A.3
0A0F:  CALL   33F
0A10:  BSF    0A.3
....................       data("HOSTEL"); 
0A11:  CLRF   5B
0A12:  MOVF   5B,W
0A13:  BCF    0A.3
0A14:  CALL   0B5
0A15:  BSF    0A.3
0A16:  IORLW  00
0A17:  BTFSC  03.2
0A18:  GOTO   21F
0A19:  INCF   5B,F
0A1A:  MOVWF  63
0A1B:  BCF    0A.3
0A1C:  CALL   34F
0A1D:  BSF    0A.3
0A1E:  GOTO   212
0A1F:  CLRF   28
0A20:  BTFSC  0B.7
0A21:  BSF    28.7
0A22:  BCF    0B.7
....................       delay_ms(10); 
0A23:  MOVLW  0A
0A24:  MOVWF  67
0A25:  BCF    0A.3
0A26:  CALL   2A2
0A27:  BSF    0A.3
0A28:  BTFSC  28.7
0A29:  BSF    0B.7
....................       command(0xdf); 
0A2A:  MOVLW  DF
0A2B:  MOVWF  5E
0A2C:  BCF    0A.3
0A2D:  CALL   33F
0A2E:  BSF    0A.3
....................       data("K.E:"); 
0A2F:  CLRF   5B
0A30:  MOVF   5B,W
0A31:  BCF    0A.3
0A32:  CALL   0C0
0A33:  BSF    0A.3
0A34:  IORLW  00
0A35:  BTFSC  03.2
0A36:  GOTO   23D
0A37:  INCF   5B,F
0A38:  MOVWF  63
0A39:  BCF    0A.3
0A3A:  CALL   34F
0A3B:  BSF    0A.3
0A3C:  GOTO   230
....................       command(0xe3); 
0A3D:  MOVLW  E3
0A3E:  MOVWF  5E
0A3F:  BCF    0A.3
0A40:  CALL   33F
0A41:  BSF    0A.3
....................       data("BANKS"); 
0A42:  CLRF   5B
0A43:  MOVF   5B,W
0A44:  BCF    0A.3
0A45:  CALL   0C9
0A46:  BSF    0A.3
0A47:  IORLW  00
0A48:  BTFSC  03.2
0A49:  GOTO   250
0A4A:  INCF   5B,F
0A4B:  MOVWF  63
0A4C:  BCF    0A.3
0A4D:  CALL   34F
0A4E:  BSF    0A.3
0A4F:  GOTO   243
....................  
....................       RELAY = 1; 
0A50:  BSF    07.0
....................  
.................... } 
.................... if((x=='A') && (k==1))                                              ////// CLASS ROOM 
0A51:  MOVF   52,W
0A52:  SUBLW  41
0A53:  BTFSS  03.2
0A54:  GOTO   285
0A55:  BTFSS  55.7
0A56:  GOTO   285
.................... { 
....................       x=0;o=0;glag=1;glag_2=0;glag_1=0;glag_3=0;glag_4=0; 
0A57:  CLRF   52
0A58:  BCF    56.4
0A59:  BSF    55.2
0A5A:  BCF    55.4
0A5B:  BCF    55.3
0A5C:  BCF    55.5
0A5D:  BCF    55.6
....................       putc('A'); 
0A5E:  MOVLW  41
0A5F:  BTFSS  0C.4
0A60:  GOTO   25F
0A61:  MOVWF  19
....................       command(0x01); 
0A62:  MOVLW  01
0A63:  MOVWF  5E
0A64:  BCF    0A.3
0A65:  CALL   33F
0A66:  BSF    0A.3
....................       command(0x80); 
0A67:  MOVLW  80
0A68:  MOVWF  5E
0A69:  BCF    0A.3
0A6A:  CALL   33F
0A6B:  BSF    0A.3
....................       data("CLASS ROOM:"); 
0A6C:  CLRF   5B
0A6D:  MOVF   5B,W
0A6E:  BCF    0A.3
0A6F:  CALL   0D3
0A70:  BSF    0A.3
0A71:  IORLW  00
0A72:  BTFSC  03.2
0A73:  GOTO   27A
0A74:  INCF   5B,F
0A75:  MOVWF  63
0A76:  BCF    0A.3
0A77:  CALL   34F
0A78:  BSF    0A.3
0A79:  GOTO   26D
0A7A:  CLRF   28
0A7B:  BTFSC  0B.7
0A7C:  BSF    28.7
0A7D:  BCF    0B.7
....................       delay_ms(200); 
0A7E:  MOVLW  C8
0A7F:  MOVWF  67
0A80:  BCF    0A.3
0A81:  CALL   2A2
0A82:  BSF    0A.3
0A83:  BTFSC  28.7
0A84:  BSF    0B.7
....................             } 
....................                if((id_flag==1) && (glag==1)) 
0A85:  BTFSS  55.0
0A86:  GOTO   2CC
0A87:  BTFSS  55.2
0A88:  GOTO   2CC
....................                { 
....................                   if((a[10]=='5') && (a[11]=='1')) 
0A89:  MOVF   50,W
0A8A:  SUBLW  35
0A8B:  BTFSS  03.2
0A8C:  GOTO   2AA
0A8D:  MOVF   51,W
0A8E:  SUBLW  31
0A8F:  BTFSS  03.2
0A90:  GOTO   2AA
....................                   { 
....................                            receiver=1;o=0; 
0A91:  BSF    57.1
0A92:  BCF    56.4
....................                            Z; 
0A93:  MOVLW  4D
0A94:  BTFSS  0C.4
0A95:  GOTO   294
0A96:  MOVWF  19
....................                            command(0x80); 
0A97:  MOVLW  80
0A98:  MOVWF  5E
0A99:  BCF    0A.3
0A9A:  CALL   33F
0A9B:  BSF    0A.3
....................                            data("DIVYA IS PRESENT"); 
0A9C:  CLRF   5B
0A9D:  MOVF   5B,W
0A9E:  BCF    0A.3
0A9F:  CALL   0E3
0AA0:  BSF    0A.3
0AA1:  IORLW  00
0AA2:  BTFSC  03.2
0AA3:  GOTO   2AA
0AA4:  INCF   5B,F
0AA5:  MOVWF  63
0AA6:  BCF    0A.3
0AA7:  CALL   34F
0AA8:  BSF    0A.3
0AA9:  GOTO   29D
....................                                  } 
....................                                     if((a[9]=='5') && (a[10]=='3')) 
0AAA:  MOVF   4F,W
0AAB:  SUBLW  35
0AAC:  BTFSS  03.2
0AAD:  GOTO   2CB
0AAE:  MOVF   50,W
0AAF:  SUBLW  33
0AB0:  BTFSS  03.2
0AB1:  GOTO   2CB
....................                                     { 
....................                                        receiver=0;o=0; 
0AB2:  BCF    57.1
0AB3:  BCF    56.4
....................                                        Y; 
0AB4:  MOVLW  4C
0AB5:  BTFSS  0C.4
0AB6:  GOTO   2B5
0AB7:  MOVWF  19
....................                                        command(0xc0); 
0AB8:  MOVLW  C0
0AB9:  MOVWF  5E
0ABA:  BCF    0A.3
0ABB:  CALL   33F
0ABC:  BSF    0A.3
....................                                        data("RAMYA IS PRESENT"); 
0ABD:  CLRF   5B
0ABE:  MOVF   5B,W
0ABF:  BCF    0A.3
0AC0:  CALL   0F8
0AC1:  BSF    0A.3
0AC2:  IORLW  00
0AC3:  BTFSC  03.2
0AC4:  GOTO   2CB
0AC5:  INCF   5B,F
0AC6:  MOVWF  63
0AC7:  BCF    0A.3
0AC8:  CALL   34F
0AC9:  BSF    0A.3
0ACA:  GOTO   2BE
....................                                           } 
....................                                              id_flag=0; 
0ACB:  BCF    55.0
....................  
....................                } 
....................  
.................... if(x=='B')                                                            ////// LIBRARY 
0ACC:  MOVF   52,W
0ACD:  SUBLW  42
0ACE:  BTFSS  03.2
0ACF:  GOTO   2FE
.................... { 
....................          x=0;o=0;glag=0;glag_2=0;glag_1=1;glag_3=0;glag_4=0; 
0AD0:  CLRF   52
0AD1:  BCF    56.4
0AD2:  BCF    55.2
0AD3:  BCF    55.4
0AD4:  BSF    55.3
0AD5:  BCF    55.5
0AD6:  BCF    55.6
....................          putc('B'); 
0AD7:  MOVLW  42
0AD8:  BTFSS  0C.4
0AD9:  GOTO   2D8
0ADA:  MOVWF  19
....................          command(0x01); 
0ADB:  MOVLW  01
0ADC:  MOVWF  5E
0ADD:  BCF    0A.3
0ADE:  CALL   33F
0ADF:  BSF    0A.3
....................          command(0x80); 
0AE0:  MOVLW  80
0AE1:  MOVWF  5E
0AE2:  BCF    0A.3
0AE3:  CALL   33F
0AE4:  BSF    0A.3
....................          data("LIBRARY:"); 
0AE5:  CLRF   5B
0AE6:  MOVF   5B,W
0AE7:  BCF    0A.3
0AE8:  CALL   113
0AE9:  BSF    0A.3
0AEA:  IORLW  00
0AEB:  BTFSC  03.2
0AEC:  GOTO   2F3
0AED:  INCF   5B,F
0AEE:  MOVWF  63
0AEF:  BCF    0A.3
0AF0:  CALL   34F
0AF1:  BSF    0A.3
0AF2:  GOTO   2E6
0AF3:  CLRF   28
0AF4:  BTFSC  0B.7
0AF5:  BSF    28.7
0AF6:  BCF    0B.7
....................          delay_ms(200); 
0AF7:  MOVLW  C8
0AF8:  MOVWF  67
0AF9:  BCF    0A.3
0AFA:  CALL   2A2
0AFB:  BSF    0A.3
0AFC:  BTFSC  28.7
0AFD:  BSF    0B.7
.................... } 
....................                  if((id_flag==1) && (glag_1==1)) 
0AFE:  BTFSS  55.0
0AFF:  GOTO   36E
0B00:  BTFSS  55.3
0B01:  GOTO   36E
....................                   { 
....................                      if((a[10]=='5') && (a[11]=='1')) 
0B02:  MOVF   50,W
0B03:  SUBLW  35
0B04:  BTFSS  03.2
0B05:  GOTO   339
0B06:  MOVF   51,W
0B07:  SUBLW  31
0B08:  BTFSS  03.2
0B09:  GOTO   339
....................                      { 
....................                               o=0;l=1; 
0B0A:  BCF    56.4
0B0B:  BSF    56.0
....................                               Z; 
0B0C:  MOVLW  4D
0B0D:  BTFSS  0C.4
0B0E:  GOTO   30D
0B0F:  MOVWF  19
....................                               command(0x80); 
0B10:  MOVLW  80
0B11:  MOVWF  5E
0B12:  BCF    0A.3
0B13:  CALL   33F
0B14:  BSF    0A.3
....................                               data("DUES:RS.100"); 
0B15:  CLRF   5B
0B16:  MOVF   5B,W
0B17:  BCF    0A.3
0B18:  CALL   120
0B19:  BSF    0A.3
0B1A:  IORLW  00
0B1B:  BTFSC  03.2
0B1C:  GOTO   323
0B1D:  INCF   5B,F
0B1E:  MOVWF  63
0B1F:  BCF    0A.3
0B20:  CALL   34F
0B21:  BSF    0A.3
0B22:  GOTO   316
....................                               command(0xc0); 
0B23:  MOVLW  C0
0B24:  MOVWF  5E
0B25:  BCF    0A.3
0B26:  CALL   33F
0B27:  BSF    0A.3
....................                               data("WANT TO PAY"); 
0B28:  CLRF   5B
0B29:  MOVF   5B,W
0B2A:  BCF    0A.3
0B2B:  CALL   130
0B2C:  BSF    0A.3
0B2D:  IORLW  00
0B2E:  BTFSC  03.2
0B2F:  GOTO   336
0B30:  INCF   5B,F
0B31:  MOVWF  63
0B32:  BCF    0A.3
0B33:  CALL   34F
0B34:  BSF    0A.3
0B35:  GOTO   329
....................                               withdrawal_amount(); 
0B36:  BCF    0A.3
0B37:  CALL   414
0B38:  BSF    0A.3
....................                                } 
....................                                   if((a[9]=='5') && (a[10]=='3')) 
0B39:  MOVF   4F,W
0B3A:  SUBLW  35
0B3B:  BTFSS  03.2
0B3C:  GOTO   36D
0B3D:  MOVF   50,W
0B3E:  SUBLW  33
0B3F:  BTFSS  03.2
0B40:  GOTO   36D
....................                                   { 
....................                                        l=0;o=0; 
0B41:  BCF    56.0
0B42:  BCF    56.4
....................                                        Y; 
0B43:  MOVLW  4C
0B44:  BTFSS  0C.4
0B45:  GOTO   344
0B46:  MOVWF  19
....................                                        command(0x80); 
0B47:  MOVLW  80
0B48:  MOVWF  5E
0B49:  BCF    0A.3
0B4A:  CALL   33F
0B4B:  BSF    0A.3
....................                                        data("  NO DUES  "); 
0B4C:  CLRF   5B
0B4D:  MOVF   5B,W
0B4E:  BCF    0A.3
0B4F:  CALL   140
0B50:  BSF    0A.3
0B51:  IORLW  00
0B52:  BTFSC  03.2
0B53:  GOTO   35A
0B54:  INCF   5B,F
0B55:  MOVWF  63
0B56:  BCF    0A.3
0B57:  CALL   34F
0B58:  BSF    0A.3
0B59:  GOTO   34D
....................                                        command(0xc0); 
0B5A:  MOVLW  C0
0B5B:  MOVWF  5E
0B5C:  BCF    0A.3
0B5D:  CALL   33F
0B5E:  BSF    0A.3
....................                                        data("AMOUNT PAID"); 
0B5F:  CLRF   5B
0B60:  MOVF   5B,W
0B61:  BCF    0A.3
0B62:  CALL   150
0B63:  BSF    0A.3
0B64:  IORLW  00
0B65:  BTFSC  03.2
0B66:  GOTO   36D
0B67:  INCF   5B,F
0B68:  MOVWF  63
0B69:  BCF    0A.3
0B6A:  CALL   34F
0B6B:  BSF    0A.3
0B6C:  GOTO   360
....................                                         } 
....................                                            id_flag=0; 
0B6D:  BCF    55.0
....................                 } 
.................... if(x=='C')                                                           ////// CANTEEN 
0B6E:  MOVF   52,W
0B6F:  SUBLW  43
0B70:  BTFSS  03.2
0B71:  GOTO   3A0
.................... { 
....................          x=0;o=0;glag_1=0;glag=0;glag_2=1;glag_3=0;glag_4=0; 
0B72:  CLRF   52
0B73:  BCF    56.4
0B74:  BCF    55.3
0B75:  BCF    55.2
0B76:  BSF    55.4
0B77:  BCF    55.5
0B78:  BCF    55.6
....................          putc('C'); 
0B79:  MOVLW  43
0B7A:  BTFSS  0C.4
0B7B:  GOTO   37A
0B7C:  MOVWF  19
....................          command(0x01); 
0B7D:  MOVLW  01
0B7E:  MOVWF  5E
0B7F:  BCF    0A.3
0B80:  CALL   33F
0B81:  BSF    0A.3
....................          command(0x80); 
0B82:  MOVLW  80
0B83:  MOVWF  5E
0B84:  BCF    0A.3
0B85:  CALL   33F
0B86:  BSF    0A.3
....................          data("CANTEEN:"); 
0B87:  CLRF   5B
0B88:  MOVF   5B,W
0B89:  BCF    0A.3
0B8A:  CALL   160
0B8B:  BSF    0A.3
0B8C:  IORLW  00
0B8D:  BTFSC  03.2
0B8E:  GOTO   395
0B8F:  INCF   5B,F
0B90:  MOVWF  63
0B91:  BCF    0A.3
0B92:  CALL   34F
0B93:  BSF    0A.3
0B94:  GOTO   388
0B95:  CLRF   28
0B96:  BTFSC  0B.7
0B97:  BSF    28.7
0B98:  BCF    0B.7
....................          delay_ms(200); 
0B99:  MOVLW  C8
0B9A:  MOVWF  67
0B9B:  BCF    0A.3
0B9C:  CALL   2A2
0B9D:  BSF    0A.3
0B9E:  BTFSC  28.7
0B9F:  BSF    0B.7
.................... } 
....................                 if((id_flag==1) && (glag_2==1)) 
0BA0:  BTFSS  55.0
0BA1:  GOTO   428
0BA2:  BTFSS  55.4
0BA3:  GOTO   428
....................                  { 
....................                     if((a[10]=='5') && (a[11]=='1')) 
0BA4:  MOVF   50,W
0BA5:  SUBLW  35
0BA6:  BTFSS  03.2
0BA7:  GOTO   3E3
0BA8:  MOVF   51,W
0BA9:  SUBLW  31
0BAA:  BTFSS  03.2
0BAB:  GOTO   3E3
....................                     { 
....................                            m=1;o=0; 
0BAC:  BSF    56.1
0BAD:  BCF    56.4
....................                            Z; 
0BAE:  MOVLW  4D
0BAF:  BTFSS  0C.4
0BB0:  GOTO   3AF
0BB1:  MOVWF  19
....................                            putc('@'); 
0BB2:  MOVLW  40
0BB3:  BTFSS  0C.4
0BB4:  GOTO   3B3
0BB5:  MOVWF  19
....................                            putc('M'); 
0BB6:  MOVLW  4D
0BB7:  BTFSS  0C.4
0BB8:  GOTO   3B7
0BB9:  MOVWF  19
....................                            withdrawal_amount(); 
0BBA:  BCF    0A.3
0BBB:  CALL   414
0BBC:  BSF    0A.3
....................                            command(0x80); 
0BBD:  MOVLW  80
0BBE:  MOVWF  5E
0BBF:  BCF    0A.3
0BC0:  CALL   33F
0BC1:  BSF    0A.3
....................                            data("AMOUNT PAID"); 
0BC2:  CLRF   5B
0BC3:  MOVF   5B,W
0BC4:  BCF    0A.3
0BC5:  CALL   150
0BC6:  BSF    0A.3
0BC7:  IORLW  00
0BC8:  BTFSC  03.2
0BC9:  GOTO   3D0
0BCA:  INCF   5B,F
0BCB:  MOVWF  63
0BCC:  BCF    0A.3
0BCD:  CALL   34F
0BCE:  BSF    0A.3
0BCF:  GOTO   3C3
....................                            command(0xc0); 
0BD0:  MOVLW  C0
0BD1:  MOVWF  5E
0BD2:  BCF    0A.3
0BD3:  CALL   33F
0BD4:  BSF    0A.3
....................                            data("BY DIVYA"); 
0BD5:  CLRF   5B
0BD6:  MOVF   5B,W
0BD7:  BCF    0A.3
0BD8:  CALL   16D
0BD9:  BSF    0A.3
0BDA:  IORLW  00
0BDB:  BTFSC  03.2
0BDC:  GOTO   3E3
0BDD:  INCF   5B,F
0BDE:  MOVWF  63
0BDF:  BCF    0A.3
0BE0:  CALL   34F
0BE1:  BSF    0A.3
0BE2:  GOTO   3D6
....................  
....................                                } 
....................                                   if((a[9]=='5') && (a[10]=='3')) 
0BE3:  MOVF   4F,W
0BE4:  SUBLW  35
0BE5:  BTFSS  03.2
0BE6:  GOTO   427
0BE7:  MOVF   50,W
0BE8:  SUBLW  33
0BE9:  BTFSS  03.2
0BEA:  GOTO   427
....................                                   { 
....................                                        m=0;o=0; 
0BEB:  BCF    56.1
0BEC:  BCF    56.4
....................                                        Y; 
0BED:  MOVLW  4C
0BEE:  BTFSS  0C.4
0BEF:  GOTO   3EE
0BF0:  MOVWF  19
....................                                        putc('@'); 
0BF1:  MOVLW  40
0BF2:  BTFSS  0C.4
0BF3:  GOTO   3F2
0BF4:  MOVWF  19
....................                                        putc('L'); 
0BF5:  MOVLW  4C
0BF6:  BTFSS  0C.4
0BF7:  GOTO   3F6
0BF8:  MOVWF  19
....................                                        command(0x80); 
0BF9:  MOVLW  80
0BFA:  MOVWF  5E
0BFB:  BCF    0A.3
0BFC:  CALL   33F
0BFD:  BSF    0A.3
....................                                        withdrawal_amount(); 
0BFE:  BCF    0A.3
0BFF:  CALL   414
0C00:  BSF    0A.3
....................                                        command(0x80); 
0C01:  MOVLW  80
0C02:  MOVWF  5E
0C03:  BCF    0A.3
0C04:  CALL   33F
0C05:  BSF    0A.3
....................                                        data("AMOUNT PAID"); 
0C06:  CLRF   5B
0C07:  MOVF   5B,W
0C08:  BCF    0A.3
0C09:  CALL   150
0C0A:  BSF    0A.3
0C0B:  IORLW  00
0C0C:  BTFSC  03.2
0C0D:  GOTO   414
0C0E:  INCF   5B,F
0C0F:  MOVWF  63
0C10:  BCF    0A.3
0C11:  CALL   34F
0C12:  BSF    0A.3
0C13:  GOTO   407
....................                                        command(0xc0); 
0C14:  MOVLW  C0
0C15:  MOVWF  5E
0C16:  BCF    0A.3
0C17:  CALL   33F
0C18:  BSF    0A.3
....................                                        data("BY RAMYA"); 
0C19:  CLRF   5B
0C1A:  MOVF   5B,W
0C1B:  BCF    0A.3
0C1C:  CALL   17A
0C1D:  BSF    0A.3
0C1E:  IORLW  00
0C1F:  BTFSC  03.2
0C20:  GOTO   427
0C21:  INCF   5B,F
0C22:  MOVWF  63
0C23:  BCF    0A.3
0C24:  CALL   34F
0C25:  BSF    0A.3
0C26:  GOTO   41A
....................                                                } 
....................                                                  id_flag=0; 
0C27:  BCF    55.0
....................                  } 
.................... if(x=='D')                                                           /////// HOSTEL 
0C28:  MOVF   52,W
0C29:  SUBLW  44
0C2A:  BTFSS  03.2
0C2B:  GOTO   45A
.................... { 
....................             x=0;o=0;glag=0;glag_1=0;glag_2=0;glag_4=0;glag_3=1; 
0C2C:  CLRF   52
0C2D:  BCF    56.4
0C2E:  BCF    55.2
0C2F:  BCF    55.3
0C30:  BCF    55.4
0C31:  BCF    55.6
0C32:  BSF    55.5
....................             putc('D'); 
0C33:  MOVLW  44
0C34:  BTFSS  0C.4
0C35:  GOTO   434
0C36:  MOVWF  19
....................             command(0x01); 
0C37:  MOVLW  01
0C38:  MOVWF  5E
0C39:  BCF    0A.3
0C3A:  CALL   33F
0C3B:  BSF    0A.3
....................             command(0x80); 
0C3C:  MOVLW  80
0C3D:  MOVWF  5E
0C3E:  BCF    0A.3
0C3F:  CALL   33F
0C40:  BSF    0A.3
....................             data("HOSTEL:"); 
0C41:  CLRF   5B
0C42:  MOVF   5B,W
0C43:  BCF    0A.3
0C44:  CALL   187
0C45:  BSF    0A.3
0C46:  IORLW  00
0C47:  BTFSC  03.2
0C48:  GOTO   44F
0C49:  INCF   5B,F
0C4A:  MOVWF  63
0C4B:  BCF    0A.3
0C4C:  CALL   34F
0C4D:  BSF    0A.3
0C4E:  GOTO   442
0C4F:  CLRF   28
0C50:  BTFSC  0B.7
0C51:  BSF    28.7
0C52:  BCF    0B.7
....................             delay_ms(200); 
0C53:  MOVLW  C8
0C54:  MOVWF  67
0C55:  BCF    0A.3
0C56:  CALL   2A2
0C57:  BSF    0A.3
0C58:  BTFSC  28.7
0C59:  BSF    0B.7
.................... } 
....................                if((id_flag==1) && (glag_3==1)) 
0C5A:  BTFSS  55.0
0C5B:  GOTO   4CD
0C5C:  BTFSS  55.5
0C5D:  GOTO   4CD
....................                   { 
....................                      if((a[10]=='5') && (a[11]=='1')) 
0C5E:  MOVF   50,W
0C5F:  SUBLW  35
0C60:  BTFSS  03.2
0C61:  GOTO   495
0C62:  MOVF   51,W
0C63:  SUBLW  31
0C64:  BTFSS  03.2
0C65:  GOTO   495
....................                      { 
....................                            n=1;o=0; 
0C66:  BSF    56.2
0C67:  BCF    56.4
....................                            Z; 
0C68:  MOVLW  4D
0C69:  BTFSS  0C.4
0C6A:  GOTO   469
0C6B:  MOVWF  19
....................                            withdrawal_amount(); 
0C6C:  BCF    0A.3
0C6D:  CALL   414
0C6E:  BSF    0A.3
....................                            command(0x80); 
0C6F:  MOVLW  80
0C70:  MOVWF  5E
0C71:  BCF    0A.3
0C72:  CALL   33F
0C73:  BSF    0A.3
....................                            data("AMOUNT PAID"); 
0C74:  CLRF   5B
0C75:  MOVF   5B,W
0C76:  BCF    0A.3
0C77:  CALL   150
0C78:  BSF    0A.3
0C79:  IORLW  00
0C7A:  BTFSC  03.2
0C7B:  GOTO   482
0C7C:  INCF   5B,F
0C7D:  MOVWF  63
0C7E:  BCF    0A.3
0C7F:  CALL   34F
0C80:  BSF    0A.3
0C81:  GOTO   475
....................                            command(0xc0); 
0C82:  MOVLW  C0
0C83:  MOVWF  5E
0C84:  BCF    0A.3
0C85:  CALL   33F
0C86:  BSF    0A.3
....................                            data("BY DIVYA"); 
0C87:  CLRF   5B
0C88:  MOVF   5B,W
0C89:  BCF    0A.3
0C8A:  CALL   16D
0C8B:  BSF    0A.3
0C8C:  IORLW  00
0C8D:  BTFSC  03.2
0C8E:  GOTO   495
0C8F:  INCF   5B,F
0C90:  MOVWF  63
0C91:  BCF    0A.3
0C92:  CALL   34F
0C93:  BSF    0A.3
0C94:  GOTO   488
....................                                } 
....................                                   if((a[9]=='5') && (a[10]=='3')) 
0C95:  MOVF   4F,W
0C96:  SUBLW  35
0C97:  BTFSS  03.2
0C98:  GOTO   4CC
0C99:  MOVF   50,W
0C9A:  SUBLW  33
0C9B:  BTFSS  03.2
0C9C:  GOTO   4CC
....................                                    { 
....................                                        n=0;o=0; 
0C9D:  BCF    56.2
0C9E:  BCF    56.4
....................                                        Y; 
0C9F:  MOVLW  4C
0CA0:  BTFSS  0C.4
0CA1:  GOTO   4A0
0CA2:  MOVWF  19
....................                                        withdrawal_amount();                                        
0CA3:  BCF    0A.3
0CA4:  CALL   414
0CA5:  BSF    0A.3
....................                                        command(0x80); 
0CA6:  MOVLW  80
0CA7:  MOVWF  5E
0CA8:  BCF    0A.3
0CA9:  CALL   33F
0CAA:  BSF    0A.3
....................                                        data("AMOUNT PAID"); 
0CAB:  CLRF   5B
0CAC:  MOVF   5B,W
0CAD:  BCF    0A.3
0CAE:  CALL   150
0CAF:  BSF    0A.3
0CB0:  IORLW  00
0CB1:  BTFSC  03.2
0CB2:  GOTO   4B9
0CB3:  INCF   5B,F
0CB4:  MOVWF  63
0CB5:  BCF    0A.3
0CB6:  CALL   34F
0CB7:  BSF    0A.3
0CB8:  GOTO   4AC
....................                                        command(0xc0); 
0CB9:  MOVLW  C0
0CBA:  MOVWF  5E
0CBB:  BCF    0A.3
0CBC:  CALL   33F
0CBD:  BSF    0A.3
....................                                        data("BY RAMYA"); 
0CBE:  CLRF   5B
0CBF:  MOVF   5B,W
0CC0:  BCF    0A.3
0CC1:  CALL   17A
0CC2:  BSF    0A.3
0CC3:  IORLW  00
0CC4:  BTFSC  03.2
0CC5:  GOTO   4CC
0CC6:  INCF   5B,F
0CC7:  MOVWF  63
0CC8:  BCF    0A.3
0CC9:  CALL   34F
0CCA:  BSF    0A.3
0CCB:  GOTO   4BF
....................                                              } 
....................                                                  id_flag=0; 
0CCC:  BCF    55.0
....................                  } 
....................  
.................... if(x=='E')                                                              ////// BANKS 
0CCD:  MOVF   52,W
0CCE:  SUBLW  45
0CCF:  BTFSS  03.2
0CD0:  GOTO   532
.................... { 
....................          x=0;o=0;glag_4=1;glag_3=0;glag_2=0;glag_1=0;glag=0; 
0CD1:  CLRF   52
0CD2:  BCF    56.4
0CD3:  BSF    55.6
0CD4:  BCF    55.5
0CD5:  BCF    55.4
0CD6:  BCF    55.3
0CD7:  BCF    55.2
....................          putc('E'); 
0CD8:  MOVLW  45
0CD9:  BTFSS  0C.4
0CDA:  GOTO   4D9
0CDB:  MOVWF  19
....................          command(0x01); 
0CDC:  MOVLW  01
0CDD:  MOVWF  5E
0CDE:  BCF    0A.3
0CDF:  CALL   33F
0CE0:  BSF    0A.3
....................          command(0x80); 
0CE1:  MOVLW  80
0CE2:  MOVWF  5E
0CE3:  BCF    0A.3
0CE4:  CALL   33F
0CE5:  BSF    0A.3
....................          data("BANKS:"); 
0CE6:  CLRF   5B
0CE7:  MOVF   5B,W
0CE8:  BCF    0A.3
0CE9:  CALL   193
0CEA:  BSF    0A.3
0CEB:  IORLW  00
0CEC:  BTFSC  03.2
0CED:  GOTO   4F4
0CEE:  INCF   5B,F
0CEF:  MOVWF  63
0CF0:  BCF    0A.3
0CF1:  CALL   34F
0CF2:  BSF    0A.3
0CF3:  GOTO   4E7
....................          command(0x86); 
0CF4:  MOVLW  86
0CF5:  MOVWF  5E
0CF6:  BCF    0A.3
0CF7:  CALL   33F
0CF8:  BSF    0A.3
....................          data("HDFC"); 
0CF9:  CLRF   5B
0CFA:  MOVF   5B,W
0CFB:  BCF    0A.3
0CFC:  CALL   19E
0CFD:  BSF    0A.3
0CFE:  IORLW  00
0CFF:  BTFSC  03.2
0D00:  GOTO   507
0D01:  INCF   5B,F
0D02:  MOVWF  63
0D03:  BCF    0A.3
0D04:  CALL   34F
0D05:  BSF    0A.3
0D06:  GOTO   4FA
....................          command(0xc0); 
0D07:  MOVLW  C0
0D08:  MOVWF  5E
0D09:  BCF    0A.3
0D0A:  CALL   33F
0D0B:  BSF    0A.3
....................          data("SBI"); 
0D0C:  CLRF   5B
0D0D:  MOVF   5B,W
0D0E:  BCF    0A.3
0D0F:  CALL   1A7
0D10:  BSF    0A.3
0D11:  IORLW  00
0D12:  BTFSC  03.2
0D13:  GOTO   51A
0D14:  INCF   5B,F
0D15:  MOVWF  63
0D16:  BCF    0A.3
0D17:  CALL   34F
0D18:  BSF    0A.3
0D19:  GOTO   50D
....................          command(0x94); 
0D1A:  MOVLW  94
0D1B:  MOVWF  5E
0D1C:  BCF    0A.3
0D1D:  CALL   33F
0D1E:  BSF    0A.3
....................          data("IB"); 
0D1F:  CLRF   5B
0D20:  MOVF   5B,W
0D21:  BCF    0A.3
0D22:  CALL   1AF
0D23:  BSF    0A.3
0D24:  IORLW  00
0D25:  BTFSC  03.2
0D26:  GOTO   52D
0D27:  INCF   5B,F
0D28:  MOVWF  63
0D29:  BCF    0A.3
0D2A:  CALL   34F
0D2B:  BSF    0A.3
0D2C:  GOTO   520
....................          command(0xd4); 
0D2D:  MOVLW  D4
0D2E:  MOVWF  5E
0D2F:  BCF    0A.3
0D30:  CALL   33F
0D31:  BSF    0A.3
....................  
.................... } 
.................... if((x==7) && (glag_4==1)) 
0D32:  MOVF   52,W
0D33:  SUBLW  07
0D34:  BTFSS  03.2
0D35:  GOTO   579
0D36:  BTFSS  55.6
0D37:  GOTO   579
.................... { 
....................          t=1;glag_4=0; 
0D38:  MOVLW  01
0D39:  MOVWF  58
0D3A:  BCF    55.6
....................          command(0x01); 
0D3B:  MOVWF  5E
0D3C:  BCF    0A.3
0D3D:  CALL   33F
0D3E:  BSF    0A.3
....................          command(0x80); 
0D3F:  MOVLW  80
0D40:  MOVWF  5E
0D41:  BCF    0A.3
0D42:  CALL   33F
0D43:  BSF    0A.3
....................          putc('J'); 
0D44:  MOVLW  4A
0D45:  BTFSS  0C.4
0D46:  GOTO   545
0D47:  MOVWF  19
....................          data("HDFC BANK HAS BEEN   "); 
0D48:  CLRF   5B
0D49:  MOVF   5B,W
0D4A:  BCF    0A.3
0D4B:  CALL   1B6
0D4C:  BSF    0A.3
0D4D:  IORLW  00
0D4E:  BTFSC  03.2
0D4F:  GOTO   556
0D50:  INCF   5B,F
0D51:  MOVWF  63
0D52:  BCF    0A.3
0D53:  CALL   34F
0D54:  BSF    0A.3
0D55:  GOTO   549
....................          command(0xc0); 
0D56:  MOVLW  C0
0D57:  MOVWF  5E
0D58:  BCF    0A.3
0D59:  CALL   33F
0D5A:  BSF    0A.3
....................          data("     SELECTED    "); 
0D5B:  CLRF   5B
0D5C:  MOVF   5B,W
0D5D:  BCF    0A.3
0D5E:  CALL   1D0
0D5F:  BSF    0A.3
0D60:  IORLW  00
0D61:  BTFSC  03.2
0D62:  GOTO   569
0D63:  INCF   5B,F
0D64:  MOVWF  63
0D65:  BCF    0A.3
0D66:  CALL   34F
0D67:  BSF    0A.3
0D68:  GOTO   55C
....................          delay_ms(500); 
0D69:  MOVLW  02
0D6A:  MOVWF  5B
0D6B:  CLRF   28
0D6C:  BTFSC  0B.7
0D6D:  BSF    28.7
0D6E:  BCF    0B.7
0D6F:  MOVLW  FA
0D70:  MOVWF  67
0D71:  BCF    0A.3
0D72:  CALL   2A2
0D73:  BSF    0A.3
0D74:  BTFSC  28.7
0D75:  BSF    0B.7
0D76:  DECFSZ 5B,F
0D77:  GOTO   56B
.................... } 
.................... else if((x==8) && (glag_4==1)) 
0D78:  GOTO   606
0D79:  MOVF   52,W
0D7A:  SUBLW  08
0D7B:  BTFSS  03.2
0D7C:  GOTO   5C0
0D7D:  BTFSS  55.6
0D7E:  GOTO   5C0
.................... { 
....................          t=1;glag_4=0; 
0D7F:  MOVLW  01
0D80:  MOVWF  58
0D81:  BCF    55.6
....................          command(0x01); 
0D82:  MOVWF  5E
0D83:  BCF    0A.3
0D84:  CALL   33F
0D85:  BSF    0A.3
....................          putc('K'); 
0D86:  MOVLW  4B
0D87:  BTFSS  0C.4
0D88:  GOTO   587
0D89:  MOVWF  19
....................          command(0x80); 
0D8A:  MOVLW  80
0D8B:  MOVWF  5E
0D8C:  BCF    0A.3
0D8D:  CALL   33F
0D8E:  BSF    0A.3
....................          data("SBI BANK HAS BEEN   "); 
0D8F:  CLRF   5B
0D90:  MOVF   5B,W
0D91:  BCF    0A.3
0D92:  CALL   1E6
0D93:  BSF    0A.3
0D94:  IORLW  00
0D95:  BTFSC  03.2
0D96:  GOTO   59D
0D97:  INCF   5B,F
0D98:  MOVWF  63
0D99:  BCF    0A.3
0D9A:  CALL   34F
0D9B:  BSF    0A.3
0D9C:  GOTO   590
....................          command(0xc0); 
0D9D:  MOVLW  C0
0D9E:  MOVWF  5E
0D9F:  BCF    0A.3
0DA0:  CALL   33F
0DA1:  BSF    0A.3
....................          data("     SELECTED    "); 
0DA2:  CLRF   5B
0DA3:  MOVF   5B,W
0DA4:  BCF    0A.3
0DA5:  CALL   1D0
0DA6:  BSF    0A.3
0DA7:  IORLW  00
0DA8:  BTFSC  03.2
0DA9:  GOTO   5B0
0DAA:  INCF   5B,F
0DAB:  MOVWF  63
0DAC:  BCF    0A.3
0DAD:  CALL   34F
0DAE:  BSF    0A.3
0DAF:  GOTO   5A3
....................          delay_ms(500); 
0DB0:  MOVLW  02
0DB1:  MOVWF  5B
0DB2:  CLRF   28
0DB3:  BTFSC  0B.7
0DB4:  BSF    28.7
0DB5:  BCF    0B.7
0DB6:  MOVLW  FA
0DB7:  MOVWF  67
0DB8:  BCF    0A.3
0DB9:  CALL   2A2
0DBA:  BSF    0A.3
0DBB:  BTFSC  28.7
0DBC:  BSF    0B.7
0DBD:  DECFSZ 5B,F
0DBE:  GOTO   5B2
.................... } 
.................... else if((x==9) && (glag_4==1)) 
0DBF:  GOTO   606
0DC0:  MOVF   52,W
0DC1:  SUBLW  09
0DC2:  BTFSS  03.2
0DC3:  GOTO   606
0DC4:  BTFSS  55.6
0DC5:  GOTO   606
.................... { 
....................          t=1;glag_4=0; 
0DC6:  MOVLW  01
0DC7:  MOVWF  58
0DC8:  BCF    55.6
....................          command(0x01); 
0DC9:  MOVWF  5E
0DCA:  BCF    0A.3
0DCB:  CALL   33F
0DCC:  BSF    0A.3
....................          putc('O'); 
0DCD:  MOVLW  4F
0DCE:  BTFSS  0C.4
0DCF:  GOTO   5CE
0DD0:  MOVWF  19
....................          command(0x80); 
0DD1:  MOVLW  80
0DD2:  MOVWF  5E
0DD3:  BCF    0A.3
0DD4:  CALL   33F
0DD5:  BSF    0A.3
....................          data("IB BANK HAS BEEN   "); 
0DD6:  CLRF   5B
0DD7:  MOVF   5B,W
0DD8:  BCF    0A.3
0DD9:  CALL   1FF
0DDA:  BSF    0A.3
0DDB:  IORLW  00
0DDC:  BTFSC  03.2
0DDD:  GOTO   5E4
0DDE:  INCF   5B,F
0DDF:  MOVWF  63
0DE0:  BCF    0A.3
0DE1:  CALL   34F
0DE2:  BSF    0A.3
0DE3:  GOTO   5D7
....................          command(0xc0); 
0DE4:  MOVLW  C0
0DE5:  MOVWF  5E
0DE6:  BCF    0A.3
0DE7:  CALL   33F
0DE8:  BSF    0A.3
....................          data("     SELECTED    "); 
0DE9:  CLRF   5B
0DEA:  MOVF   5B,W
0DEB:  BCF    0A.3
0DEC:  CALL   1D0
0DED:  BSF    0A.3
0DEE:  IORLW  00
0DEF:  BTFSC  03.2
0DF0:  GOTO   5F7
0DF1:  INCF   5B,F
0DF2:  MOVWF  63
0DF3:  BCF    0A.3
0DF4:  CALL   34F
0DF5:  BSF    0A.3
0DF6:  GOTO   5EA
....................          delay_ms(500); 
0DF7:  MOVLW  02
0DF8:  MOVWF  5B
0DF9:  CLRF   28
0DFA:  BTFSC  0B.7
0DFB:  BSF    28.7
0DFC:  BCF    0B.7
0DFD:  MOVLW  FA
0DFE:  MOVWF  67
0DFF:  BCF    0A.3
0E00:  CALL   2A2
0E01:  BSF    0A.3
0E02:  BTFSC  28.7
0E03:  BSF    0B.7
0E04:  DECFSZ 5B,F
0E05:  GOTO   5F9
.................... } 
....................    if((id_flag==1) && ( t==1)) 
0E06:  BTFSS  55.0
0E07:  GOTO   689
0E08:  DECFSZ 58,W
0E09:  GOTO   689
....................       { 
....................  
....................         if((a[10]=='5') && (a[11]=='1')) 
0E0A:  MOVF   50,W
0E0B:  SUBLW  35
0E0C:  BTFSS  03.2
0E0D:  GOTO   64A
0E0E:  MOVF   51,W
0E0F:  SUBLW  31
0E10:  BTFSS  03.2
0E11:  GOTO   64A
....................               { 
....................          t=0;x=0;p=0;id_flag=0;glag_4=0;r=1;id=0; 
0E12:  CLRF   58
0E13:  CLRF   52
0E14:  BCF    56.3
0E15:  BCF    55.0
0E16:  BCF    55.6
0E17:  MOVLW  01
0E18:  MOVWF  59
0E19:  BCF    57.5
....................          Z; 
0E1A:  MOVLW  4D
0E1B:  BTFSS  0C.4
0E1C:  GOTO   61B
0E1D:  MOVWF  19
....................          command(0x01); 
0E1E:  MOVLW  01
0E1F:  MOVWF  5E
0E20:  BCF    0A.3
0E21:  CALL   33F
0E22:  BSF    0A.3
....................          command(0x80); 
0E23:  MOVLW  80
0E24:  MOVWF  5E
0E25:  BCF    0A.3
0E26:  CALL   33F
0E27:  BSF    0A.3
....................          data("CASH WITHDRA-K.F"); 
0E28:  CLRF   5B
0E29:  MOVF   5B,W
0E2A:  BCF    0A.3
0E2B:  CALL   217
0E2C:  BSF    0A.3
0E2D:  IORLW  00
0E2E:  BTFSC  03.2
0E2F:  GOTO   636
0E30:  INCF   5B,F
0E31:  MOVWF  63
0E32:  BCF    0A.3
0E33:  CALL   34F
0E34:  BSF    0A.3
0E35:  GOTO   629
....................          command(0xc0); 
0E36:  MOVLW  C0
0E37:  MOVWF  5E
0E38:  BCF    0A.3
0E39:  CALL   33F
0E3A:  BSF    0A.3
....................          data("CASH DEPOS-K.G"); 
0E3B:  CLRF   5B
0E3C:  MOVF   5B,W
0E3D:  BCF    0A.3
0E3E:  CALL   22C
0E3F:  BSF    0A.3
0E40:  IORLW  00
0E41:  BTFSC  03.2
0E42:  GOTO   649
0E43:  INCF   5B,F
0E44:  MOVWF  63
0E45:  BCF    0A.3
0E46:  CALL   34F
0E47:  BSF    0A.3
0E48:  GOTO   63C
....................               } 
....................         else if((a[9]=='5') && (a[10]=='3')) 
0E49:  GOTO   689
0E4A:  MOVF   4F,W
0E4B:  SUBLW  35
0E4C:  BTFSS  03.2
0E4D:  GOTO   689
0E4E:  MOVF   50,W
0E4F:  SUBLW  33
0E50:  BTFSS  03.2
0E51:  GOTO   689
....................            { 
....................          t=0;x=0;p=0;id_flag=0;glag_4=0;c=1;id=0; 
0E52:  CLRF   58
0E53:  CLRF   52
0E54:  BCF    56.3
0E55:  BCF    55.0
0E56:  BCF    55.6
0E57:  MOVLW  01
0E58:  MOVWF  5A
0E59:  BCF    57.5
....................          Y; 
0E5A:  MOVLW  4C
0E5B:  BTFSS  0C.4
0E5C:  GOTO   65B
0E5D:  MOVWF  19
....................          command(0x01); 
0E5E:  MOVLW  01
0E5F:  MOVWF  5E
0E60:  BCF    0A.3
0E61:  CALL   33F
0E62:  BSF    0A.3
....................          command(0x80); 
0E63:  MOVLW  80
0E64:  MOVWF  5E
0E65:  BCF    0A.3
0E66:  CALL   33F
0E67:  BSF    0A.3
....................          data("CASH WITHDRA-K.F"); 
0E68:  CLRF   5B
0E69:  MOVF   5B,W
0E6A:  BCF    0A.3
0E6B:  CALL   217
0E6C:  BSF    0A.3
0E6D:  IORLW  00
0E6E:  BTFSC  03.2
0E6F:  GOTO   676
0E70:  INCF   5B,F
0E71:  MOVWF  63
0E72:  BCF    0A.3
0E73:  CALL   34F
0E74:  BSF    0A.3
0E75:  GOTO   669
....................          command(0xc0); 
0E76:  MOVLW  C0
0E77:  MOVWF  5E
0E78:  BCF    0A.3
0E79:  CALL   33F
0E7A:  BSF    0A.3
....................          data("CASH DEPOS-K.G"); 
0E7B:  CLRF   5B
0E7C:  MOVF   5B,W
0E7D:  BCF    0A.3
0E7E:  CALL   22C
0E7F:  BSF    0A.3
0E80:  IORLW  00
0E81:  BTFSC  03.2
0E82:  GOTO   689
0E83:  INCF   5B,F
0E84:  MOVWF  63
0E85:  BCF    0A.3
0E86:  CALL   34F
0E87:  BSF    0A.3
0E88:  GOTO   67C
....................                           } 
....................      } 
.................... if((x=='F') && (r==1)) 
0E89:  MOVF   52,W
0E8A:  SUBLW  46
0E8B:  BTFSS  03.2
0E8C:  GOTO   6D3
0E8D:  DECFSZ 59,W
0E8E:  GOTO   6D3
.................... { 
....................          x=0;r=0;   
0E8F:  CLRF   52
0E90:  CLRF   59
....................          putc('@'); 
0E91:  MOVLW  40
0E92:  BTFSS  0C.4
0E93:  GOTO   692
0E94:  MOVWF  19
....................          putc('M'); 
0E95:  MOVLW  4D
0E96:  BTFSS  0C.4
0E97:  GOTO   696
0E98:  MOVWF  19
0E99:  CLRF   28
0E9A:  BTFSC  0B.7
0E9B:  BSF    28.7
0E9C:  BCF    0B.7
....................          delay_ms(200); 
0E9D:  MOVLW  C8
0E9E:  MOVWF  67
0E9F:  BCF    0A.3
0EA0:  CALL   2A2
0EA1:  BSF    0A.3
0EA2:  BTFSC  28.7
0EA3:  BSF    0B.7
....................          command(0x01); 
0EA4:  MOVLW  01
0EA5:  MOVWF  5E
0EA6:  BCF    0A.3
0EA7:  CALL   33F
0EA8:  BSF    0A.3
....................          command(0x80); 
0EA9:  MOVLW  80
0EAA:  MOVWF  5E
0EAB:  BCF    0A.3
0EAC:  CALL   33F
0EAD:  BSF    0A.3
....................          data("CASH WITHDRAWAL  "); 
0EAE:  CLRF   5B
0EAF:  MOVF   5B,W
0EB0:  BCF    0A.3
0EB1:  CALL   23F
0EB2:  BSF    0A.3
0EB3:  IORLW  00
0EB4:  BTFSC  03.2
0EB5:  GOTO   6BC
0EB6:  INCF   5B,F
0EB7:  MOVWF  63
0EB8:  BCF    0A.3
0EB9:  CALL   34F
0EBA:  BSF    0A.3
0EBB:  GOTO   6AF
....................          command(0xC0); 
0EBC:  MOVLW  C0
0EBD:  MOVWF  5E
0EBE:  BCF    0A.3
0EBF:  CALL   33F
0EC0:  BSF    0A.3
....................          data("ENTER AMOUNT:"); 
0EC1:  CLRF   5B
0EC2:  MOVF   5B,W
0EC3:  BCF    0A.3
0EC4:  CALL   255
0EC5:  BSF    0A.3
0EC6:  IORLW  00
0EC7:  BTFSC  03.2
0EC8:  GOTO   6CF
0EC9:  INCF   5B,F
0ECA:  MOVWF  63
0ECB:  BCF    0A.3
0ECC:  CALL   34F
0ECD:  BSF    0A.3
0ECE:  GOTO   6C2
....................          withdrawal_amount(); 
0ECF:  BCF    0A.3
0ED0:  CALL   414
0ED1:  BSF    0A.3
.................... } 
.................... else if((x=='G') && (r==1)) 
0ED2:  GOTO   71C
0ED3:  MOVF   52,W
0ED4:  SUBLW  47
0ED5:  BTFSS  03.2
0ED6:  GOTO   71C
0ED7:  DECFSZ 59,W
0ED8:  GOTO   71C
.................... { 
....................          x=0;r=0; 
0ED9:  CLRF   52
0EDA:  CLRF   59
....................          putc('*'); 
0EDB:  MOVLW  2A
0EDC:  BTFSS  0C.4
0EDD:  GOTO   6DC
0EDE:  MOVWF  19
....................          putc('M'); 
0EDF:  MOVLW  4D
0EE0:  BTFSS  0C.4
0EE1:  GOTO   6E0
0EE2:  MOVWF  19
0EE3:  CLRF   28
0EE4:  BTFSC  0B.7
0EE5:  BSF    28.7
0EE6:  BCF    0B.7
....................          delay_ms(200); 
0EE7:  MOVLW  C8
0EE8:  MOVWF  67
0EE9:  BCF    0A.3
0EEA:  CALL   2A2
0EEB:  BSF    0A.3
0EEC:  BTFSC  28.7
0EED:  BSF    0B.7
....................          command(0x01); 
0EEE:  MOVLW  01
0EEF:  MOVWF  5E
0EF0:  BCF    0A.3
0EF1:  CALL   33F
0EF2:  BSF    0A.3
....................          command(0x80); 
0EF3:  MOVLW  80
0EF4:  MOVWF  5E
0EF5:  BCF    0A.3
0EF6:  CALL   33F
0EF7:  BSF    0A.3
....................          data("CASH DEPOSITED "); 
0EF8:  CLRF   5B
0EF9:  MOVF   5B,W
0EFA:  BCF    0A.3
0EFB:  CALL   267
0EFC:  BSF    0A.3
0EFD:  IORLW  00
0EFE:  BTFSC  03.2
0EFF:  GOTO   706
0F00:  INCF   5B,F
0F01:  MOVWF  63
0F02:  BCF    0A.3
0F03:  CALL   34F
0F04:  BSF    0A.3
0F05:  GOTO   6F9
....................          command(0xC0); 
0F06:  MOVLW  C0
0F07:  MOVWF  5E
0F08:  BCF    0A.3
0F09:  CALL   33F
0F0A:  BSF    0A.3
....................          data("ENTER AMOUNT:"); 
0F0B:  CLRF   5B
0F0C:  MOVF   5B,W
0F0D:  BCF    0A.3
0F0E:  CALL   255
0F0F:  BSF    0A.3
0F10:  IORLW  00
0F11:  BTFSC  03.2
0F12:  GOTO   719
0F13:  INCF   5B,F
0F14:  MOVWF  63
0F15:  BCF    0A.3
0F16:  CALL   34F
0F17:  BSF    0A.3
0F18:  GOTO   70C
....................          deposite_amount(); 
0F19:  BCF    0A.3
0F1A:  CALL   50C
0F1B:  BSF    0A.3
.................... } 
....................  
.................... if((x=='F') && (c==1)) 
0F1C:  MOVF   52,W
0F1D:  SUBLW  46
0F1E:  BTFSS  03.2
0F1F:  GOTO   766
0F20:  DECFSZ 5A,W
0F21:  GOTO   766
.................... { 
....................          x=0;c=0; 
0F22:  CLRF   52
0F23:  CLRF   5A
....................          putc('@'); 
0F24:  MOVLW  40
0F25:  BTFSS  0C.4
0F26:  GOTO   725
0F27:  MOVWF  19
....................          putc('L'); 
0F28:  MOVLW  4C
0F29:  BTFSS  0C.4
0F2A:  GOTO   729
0F2B:  MOVWF  19
0F2C:  CLRF   28
0F2D:  BTFSC  0B.7
0F2E:  BSF    28.7
0F2F:  BCF    0B.7
....................          delay_ms(200); 
0F30:  MOVLW  C8
0F31:  MOVWF  67
0F32:  BCF    0A.3
0F33:  CALL   2A2
0F34:  BSF    0A.3
0F35:  BTFSC  28.7
0F36:  BSF    0B.7
....................          command(0x01); 
0F37:  MOVLW  01
0F38:  MOVWF  5E
0F39:  BCF    0A.3
0F3A:  CALL   33F
0F3B:  BSF    0A.3
....................          command(0x80); 
0F3C:  MOVLW  80
0F3D:  MOVWF  5E
0F3E:  BCF    0A.3
0F3F:  CALL   33F
0F40:  BSF    0A.3
....................          data("CASH WITHDRAWAL  "); 
0F41:  CLRF   5B
0F42:  MOVF   5B,W
0F43:  BCF    0A.3
0F44:  CALL   23F
0F45:  BSF    0A.3
0F46:  IORLW  00
0F47:  BTFSC  03.2
0F48:  GOTO   74F
0F49:  INCF   5B,F
0F4A:  MOVWF  63
0F4B:  BCF    0A.3
0F4C:  CALL   34F
0F4D:  BSF    0A.3
0F4E:  GOTO   742
....................          command(0xC0); 
0F4F:  MOVLW  C0
0F50:  MOVWF  5E
0F51:  BCF    0A.3
0F52:  CALL   33F
0F53:  BSF    0A.3
....................          data("ENTER AMOUNT:"); 
0F54:  CLRF   5B
0F55:  MOVF   5B,W
0F56:  BCF    0A.3
0F57:  CALL   255
0F58:  BSF    0A.3
0F59:  IORLW  00
0F5A:  BTFSC  03.2
0F5B:  GOTO   762
0F5C:  INCF   5B,F
0F5D:  MOVWF  63
0F5E:  BCF    0A.3
0F5F:  CALL   34F
0F60:  BSF    0A.3
0F61:  GOTO   755
....................          withdrawal_amount(); 
0F62:  BCF    0A.3
0F63:  CALL   414
0F64:  BSF    0A.3
.................... } 
.................... else if((x=='G') && (c==1)) 
0F65:  GOTO   7AF
0F66:  MOVF   52,W
0F67:  SUBLW  47
0F68:  BTFSS  03.2
0F69:  GOTO   7AF
0F6A:  DECFSZ 5A,W
0F6B:  GOTO   7AF
.................... { 
....................          x=0;c=0; 
0F6C:  CLRF   52
0F6D:  CLRF   5A
....................          putc('*'); 
0F6E:  MOVLW  2A
0F6F:  BTFSS  0C.4
0F70:  GOTO   76F
0F71:  MOVWF  19
....................          putc('L'); 
0F72:  MOVLW  4C
0F73:  BTFSS  0C.4
0F74:  GOTO   773
0F75:  MOVWF  19
0F76:  CLRF   28
0F77:  BTFSC  0B.7
0F78:  BSF    28.7
0F79:  BCF    0B.7
....................          delay_ms(200); 
0F7A:  MOVLW  C8
0F7B:  MOVWF  67
0F7C:  BCF    0A.3
0F7D:  CALL   2A2
0F7E:  BSF    0A.3
0F7F:  BTFSC  28.7
0F80:  BSF    0B.7
....................          command(0x01); 
0F81:  MOVLW  01
0F82:  MOVWF  5E
0F83:  BCF    0A.3
0F84:  CALL   33F
0F85:  BSF    0A.3
....................          command(0x80); 
0F86:  MOVLW  80
0F87:  MOVWF  5E
0F88:  BCF    0A.3
0F89:  CALL   33F
0F8A:  BSF    0A.3
....................          data("CASH DEPOSITED "); 
0F8B:  CLRF   5B
0F8C:  MOVF   5B,W
0F8D:  BCF    0A.3
0F8E:  CALL   267
0F8F:  BSF    0A.3
0F90:  IORLW  00
0F91:  BTFSC  03.2
0F92:  GOTO   799
0F93:  INCF   5B,F
0F94:  MOVWF  63
0F95:  BCF    0A.3
0F96:  CALL   34F
0F97:  BSF    0A.3
0F98:  GOTO   78C
....................          command(0xC0); 
0F99:  MOVLW  C0
0F9A:  MOVWF  5E
0F9B:  BCF    0A.3
0F9C:  CALL   33F
0F9D:  BSF    0A.3
....................          data("ENTER AMOUNT:"); 
0F9E:  CLRF   5B
0F9F:  MOVF   5B,W
0FA0:  BCF    0A.3
0FA1:  CALL   255
0FA2:  BSF    0A.3
0FA3:  IORLW  00
0FA4:  BTFSC  03.2
0FA5:  GOTO   7AC
0FA6:  INCF   5B,F
0FA7:  MOVWF  63
0FA8:  BCF    0A.3
0FA9:  CALL   34F
0FAA:  BSF    0A.3
0FAB:  GOTO   79F
....................          deposite_amount(); 
0FAC:  BCF    0A.3
0FAD:  CALL   50C
0FAE:  BSF    0A.3
.................... } 
....................  
.................... } 
0FAF:  GOTO   0EC
....................  
.................... } 
.................... void withdrawal_amount() 
.................... { 
0FB0:  SLEEP
....................       int1 amount_flag=0; 
*
0414:  BCF    5B.0
....................       int16 count=0; 
0415:  CLRF   5C
0416:  CLRF   5D
0417:  CLRF   28
0418:  BTFSC  0B.7
0419:  BSF    28.7
041A:  BCF    0B.7
....................       delay_ms(2); 
041B:  MOVLW  02
041C:  MOVWF  67
041D:  CALL   2A2
041E:  BTFSC  28.7
041F:  BSF    0B.7
....................       count=0; 
0420:  CLRF   5D
0421:  CLRF   5C
....................       rb_flag=0; 
0422:  BCF    57.3
....................                while(count<5) 
....................                { 
0423:  MOVF   5D,F
0424:  BTFSS  03.2
0425:  GOTO   44F
0426:  MOVF   5C,W
0427:  SUBLW  04
0428:  BTFSS  03.0
0429:  GOTO   44F
....................                   if(rb_flag==1) 
042A:  BTFSS  57.3
042B:  GOTO   44E
....................                    { 
....................                      rb_flag=0; 
042C:  BCF    57.3
....................                      total_no[count]=x|0x30; 
042D:  BCF    03.0
042E:  RLF    5C,W
042F:  MOVWF  79
0430:  RLF    5D,W
0431:  MOVWF  7A
0432:  MOVF   79,W
0433:  ADDLW  30
0434:  MOVWF  04
0435:  MOVF   52,W
0436:  IORLW  30
0437:  INCF   04,F
0438:  CLRF   00
0439:  DECF   04,F
043A:  MOVWF  00
....................                      data(total_no[count]); 
043B:  BCF    03.0
043C:  RLF    5C,W
043D:  MOVWF  79
043E:  RLF    5D,W
043F:  MOVWF  7A
0440:  MOVF   79,W
0441:  ADDLW  30
0442:  MOVWF  04
0443:  INCF   04,F
0444:  MOVF   00,W
0445:  MOVWF  5F
0446:  DECF   04,F
0447:  MOVF   00,W
0448:  MOVWF  5E
0449:  MOVWF  63
044A:  CALL   34F
....................                      count++; 
044B:  INCF   5C,F
044C:  BTFSC  03.2
044D:  INCF   5D,F
....................                    } 
....................                } 
044E:  GOTO   423
....................                      if(count>=5) 
044F:  MOVF   5D,F
0450:  BTFSS  03.2
0451:  GOTO   456
0452:  MOVF   5C,W
0453:  SUBLW  04
0454:  BTFSC  03.0
0455:  GOTO   4C8
....................                         { 
....................                            count=0; 
0456:  CLRF   5D
0457:  CLRF   5C
....................                            amount_flag=1; 
0458:  BSF    5B.0
....................                            enter_amt = 0; 
0459:  CLRF   2B
045A:  CLRF   2A
....................                            enter_amt += (total_no[0]-'0')*10000; 
045B:  MOVLW  30
045C:  SUBWF  30,W
045D:  MOVWF  5E
045E:  MOVF   31,W
045F:  MOVWF  5F
0460:  MOVLW  00
0461:  BTFSS  03.0
0462:  MOVLW  01
0463:  SUBWF  5F,F
0464:  MOVF   5F,W
0465:  MOVWF  61
0466:  MOVF   5E,W
0467:  MOVWF  60
0468:  MOVLW  27
0469:  MOVWF  63
046A:  MOVLW  10
046B:  MOVWF  62
046C:  CALL   35F
046D:  MOVF   78,W
046E:  ADDWF  2A,F
046F:  MOVF   79,W
0470:  BTFSC  03.0
0471:  INCFSZ 79,W
0472:  ADDWF  2B,F
....................                            enter_amt += (total_no[1]-'0')*1000; 
0473:  MOVLW  30
0474:  SUBWF  32,W
0475:  MOVWF  5E
0476:  MOVF   33,W
0477:  MOVWF  5F
0478:  MOVLW  00
0479:  BTFSS  03.0
047A:  MOVLW  01
047B:  SUBWF  5F,F
047C:  MOVF   5F,W
047D:  MOVWF  61
047E:  MOVF   5E,W
047F:  MOVWF  60
0480:  MOVLW  03
0481:  MOVWF  63
0482:  MOVLW  E8
0483:  MOVWF  62
0484:  CALL   35F
0485:  MOVF   78,W
0486:  ADDWF  2A,F
0487:  MOVF   79,W
0488:  BTFSC  03.0
0489:  INCFSZ 79,W
048A:  ADDWF  2B,F
....................                            enter_amt += (total_no[2]-'0')*100; 
048B:  MOVLW  30
048C:  SUBWF  34,W
048D:  MOVWF  5E
048E:  MOVF   35,W
048F:  MOVWF  5F
0490:  MOVLW  00
0491:  BTFSS  03.0
0492:  MOVLW  01
0493:  SUBWF  5F,F
0494:  MOVF   5F,W
0495:  MOVWF  61
0496:  MOVF   5E,W
0497:  MOVWF  60
0498:  CLRF   63
0499:  MOVLW  64
049A:  MOVWF  62
049B:  CALL   35F
049C:  MOVF   78,W
049D:  ADDWF  2A,F
049E:  MOVF   79,W
049F:  BTFSC  03.0
04A0:  INCFSZ 79,W
04A1:  ADDWF  2B,F
....................                            enter_amt += (total_no[3]-'0')*10; 
04A2:  MOVLW  30
04A3:  SUBWF  36,W
04A4:  MOVWF  5E
04A5:  MOVF   37,W
04A6:  MOVWF  5F
04A7:  MOVLW  00
04A8:  BTFSS  03.0
04A9:  MOVLW  01
04AA:  SUBWF  5F,F
04AB:  MOVF   5F,W
04AC:  MOVWF  61
04AD:  MOVF   5E,W
04AE:  MOVWF  60
04AF:  CLRF   63
04B0:  MOVLW  0A
04B1:  MOVWF  62
04B2:  CALL   35F
04B3:  MOVF   78,W
04B4:  ADDWF  2A,F
04B5:  MOVF   79,W
04B6:  BTFSC  03.0
04B7:  INCFSZ 79,W
04B8:  ADDWF  2B,F
....................                            enter_amt += (total_no[4]-'0')*1; 
04B9:  MOVLW  30
04BA:  SUBWF  38,W
04BB:  MOVWF  5E
04BC:  MOVF   39,W
04BD:  MOVWF  5F
04BE:  MOVLW  00
04BF:  BTFSS  03.0
04C0:  MOVLW  01
04C1:  SUBWF  5F,F
04C2:  MOVF   5E,W
04C3:  ADDWF  2A,F
04C4:  MOVF   5F,W
04C5:  BTFSC  03.0
04C6:  INCFSZ 5F,W
04C7:  ADDWF  2B,F
....................  
....................                        } 
....................                               if((amount_flag==1) && (total_amt>enter_amt)) 
04C8:  BTFSS  5B.0
04C9:  GOTO   4F1
04CA:  MOVF   2B,W
04CB:  SUBWF  2D,W
04CC:  BTFSS  03.0
04CD:  GOTO   4F1
04CE:  BTFSS  03.2
04CF:  GOTO   4D4
04D0:  MOVF   2C,W
04D1:  SUBWF  2A,W
04D2:  BTFSC  03.0
04D3:  GOTO   4F1
....................                               { 
....................                                  amount_flag=0; 
04D4:  BCF    5B.0
....................  
....................                                  amount = (total_amt) - (enter_amt) ; 
04D5:  MOVF   2A,W
04D6:  SUBWF  2C,W
04D7:  MOVWF  2E
04D8:  MOVF   2D,W
04D9:  MOVWF  2F
04DA:  MOVF   2B,W
04DB:  BTFSS  03.0
04DC:  INCFSZ 2B,W
04DD:  SUBWF  2F,F
....................                                  command(0x94); 
04DE:  MOVLW  94
04DF:  MOVWF  5E
04E0:  CALL   33F
....................                                  data("BALANCE AMOUNT:"); 
04E1:  CLRF   5E
04E2:  MOVF   5E,W
04E3:  CALL   27B
04E4:  IORLW  00
04E5:  BTFSC  03.2
04E6:  GOTO   4EB
04E7:  INCF   5E,F
04E8:  MOVWF  63
04E9:  CALL   34F
04EA:  GOTO   4E2
....................                                  display(amount); 
04EB:  MOVF   2F,W
04EC:  MOVWF  5F
04ED:  MOVF   2E,W
04EE:  MOVWF  5E
04EF:  CALL   3BF
....................  
....................                               } 
....................                                     else if((amount_flag==1) && (total_amt<enter_amt)) 
04F0:  GOTO   50B
04F1:  BTFSS  5B.0
04F2:  GOTO   50B
04F3:  MOVF   2D,W
04F4:  SUBWF  2B,W
04F5:  BTFSS  03.0
04F6:  GOTO   50B
04F7:  BTFSS  03.2
04F8:  GOTO   4FD
04F9:  MOVF   2A,W
04FA:  SUBWF  2C,W
04FB:  BTFSC  03.0
04FC:  GOTO   50B
....................                                     { 
....................                                        amount_flag=0; 
04FD:  BCF    5B.0
....................                                        command(0x94); 
04FE:  MOVLW  94
04FF:  MOVWF  5E
0500:  CALL   33F
....................                                        data("INVALID AMOUNT"); 
0501:  CLRF   5E
0502:  MOVF   5E,W
0503:  CALL   28F
0504:  IORLW  00
0505:  BTFSC  03.2
0506:  GOTO   50B
0507:  INCF   5E,F
0508:  MOVWF  63
0509:  CALL   34F
050A:  GOTO   502
....................                                     } 
.................... } 
050B:  RETLW  00
.................... void deposite_amount() 
.................... { 
....................       int1 amount_flag=0; 
050C:  BCF    5B.0
....................       int16 count = 0; 
050D:  CLRF   5C
050E:  CLRF   5D
050F:  CLRF   28
0510:  BTFSC  0B.7
0511:  BSF    28.7
0512:  BCF    0B.7
....................       delay_ms(2); 
0513:  MOVLW  02
0514:  MOVWF  67
0515:  CALL   2A2
0516:  BTFSC  28.7
0517:  BSF    0B.7
....................       count=0; 
0518:  CLRF   5D
0519:  CLRF   5C
....................       rb_flag=0; 
051A:  BCF    57.3
....................                while(count<5) 
....................                { 
051B:  MOVF   5D,F
051C:  BTFSS  03.2
051D:  GOTO   547
051E:  MOVF   5C,W
051F:  SUBLW  04
0520:  BTFSS  03.0
0521:  GOTO   547
....................                   if(rb_flag==1) 
0522:  BTFSS  57.3
0523:  GOTO   546
....................                   { 
....................                      rb_flag=0; 
0524:  BCF    57.3
....................                      total_no[count]=x|0x30; 
0525:  BCF    03.0
0526:  RLF    5C,W
0527:  MOVWF  79
0528:  RLF    5D,W
0529:  MOVWF  7A
052A:  MOVF   79,W
052B:  ADDLW  30
052C:  MOVWF  04
052D:  MOVF   52,W
052E:  IORLW  30
052F:  INCF   04,F
0530:  CLRF   00
0531:  DECF   04,F
0532:  MOVWF  00
....................                      data(total_no[count]); 
0533:  BCF    03.0
0534:  RLF    5C,W
0535:  MOVWF  79
0536:  RLF    5D,W
0537:  MOVWF  7A
0538:  MOVF   79,W
0539:  ADDLW  30
053A:  MOVWF  04
053B:  INCF   04,F
053C:  MOVF   00,W
053D:  MOVWF  5F
053E:  DECF   04,F
053F:  MOVF   00,W
0540:  MOVWF  5E
0541:  MOVWF  63
0542:  CALL   34F
....................                      count++; 
0543:  INCF   5C,F
0544:  BTFSC  03.2
0545:  INCF   5D,F
....................                   } 
....................                } 
0546:  GOTO   51B
....................                         if(count>=5) 
0547:  MOVF   5D,F
0548:  BTFSS  03.2
0549:  GOTO   54E
054A:  MOVF   5C,W
054B:  SUBLW  04
054C:  BTFSC  03.0
054D:  GOTO   5C0
....................                         { 
....................                            count=0; 
054E:  CLRF   5D
054F:  CLRF   5C
....................                            amount_flag=1; 
0550:  BSF    5B.0
....................                            enter_amt = 0; 
0551:  CLRF   2B
0552:  CLRF   2A
....................                            enter_amt += (total_no[0]-'0')*10000; 
0553:  MOVLW  30
0554:  SUBWF  30,W
0555:  MOVWF  5E
0556:  MOVF   31,W
0557:  MOVWF  5F
0558:  MOVLW  00
0559:  BTFSS  03.0
055A:  MOVLW  01
055B:  SUBWF  5F,F
055C:  MOVF   5F,W
055D:  MOVWF  61
055E:  MOVF   5E,W
055F:  MOVWF  60
0560:  MOVLW  27
0561:  MOVWF  63
0562:  MOVLW  10
0563:  MOVWF  62
0564:  CALL   35F
0565:  MOVF   78,W
0566:  ADDWF  2A,F
0567:  MOVF   79,W
0568:  BTFSC  03.0
0569:  INCFSZ 79,W
056A:  ADDWF  2B,F
....................                            enter_amt += (total_no[1]-'0')*1000; 
056B:  MOVLW  30
056C:  SUBWF  32,W
056D:  MOVWF  5E
056E:  MOVF   33,W
056F:  MOVWF  5F
0570:  MOVLW  00
0571:  BTFSS  03.0
0572:  MOVLW  01
0573:  SUBWF  5F,F
0574:  MOVF   5F,W
0575:  MOVWF  61
0576:  MOVF   5E,W
0577:  MOVWF  60
0578:  MOVLW  03
0579:  MOVWF  63
057A:  MOVLW  E8
057B:  MOVWF  62
057C:  CALL   35F
057D:  MOVF   78,W
057E:  ADDWF  2A,F
057F:  MOVF   79,W
0580:  BTFSC  03.0
0581:  INCFSZ 79,W
0582:  ADDWF  2B,F
....................                            enter_amt += (total_no[2]-'0')*100; 
0583:  MOVLW  30
0584:  SUBWF  34,W
0585:  MOVWF  5E
0586:  MOVF   35,W
0587:  MOVWF  5F
0588:  MOVLW  00
0589:  BTFSS  03.0
058A:  MOVLW  01
058B:  SUBWF  5F,F
058C:  MOVF   5F,W
058D:  MOVWF  61
058E:  MOVF   5E,W
058F:  MOVWF  60
0590:  CLRF   63
0591:  MOVLW  64
0592:  MOVWF  62
0593:  CALL   35F
0594:  MOVF   78,W
0595:  ADDWF  2A,F
0596:  MOVF   79,W
0597:  BTFSC  03.0
0598:  INCFSZ 79,W
0599:  ADDWF  2B,F
....................                            enter_amt += (total_no[3]-'0')*10; 
059A:  MOVLW  30
059B:  SUBWF  36,W
059C:  MOVWF  5E
059D:  MOVF   37,W
059E:  MOVWF  5F
059F:  MOVLW  00
05A0:  BTFSS  03.0
05A1:  MOVLW  01
05A2:  SUBWF  5F,F
05A3:  MOVF   5F,W
05A4:  MOVWF  61
05A5:  MOVF   5E,W
05A6:  MOVWF  60
05A7:  CLRF   63
05A8:  MOVLW  0A
05A9:  MOVWF  62
05AA:  CALL   35F
05AB:  MOVF   78,W
05AC:  ADDWF  2A,F
05AD:  MOVF   79,W
05AE:  BTFSC  03.0
05AF:  INCFSZ 79,W
05B0:  ADDWF  2B,F
....................                            enter_amt += (total_no[4]-'0')*1; 
05B1:  MOVLW  30
05B2:  SUBWF  38,W
05B3:  MOVWF  5E
05B4:  MOVF   39,W
05B5:  MOVWF  5F
05B6:  MOVLW  00
05B7:  BTFSS  03.0
05B8:  MOVLW  01
05B9:  SUBWF  5F,F
05BA:  MOVF   5E,W
05BB:  ADDWF  2A,F
05BC:  MOVF   5F,W
05BD:  BTFSC  03.0
05BE:  INCFSZ 5F,W
05BF:  ADDWF  2B,F
....................                         } 
....................                                  if((amount_flag==1) && (total_amt>enter_amt) || (total_amt<enter_amt)) 
05C0:  BTFSS  5B.0
05C1:  GOTO   5CC
05C2:  MOVF   2B,W
05C3:  SUBWF  2D,W
05C4:  BTFSS  03.0
05C5:  GOTO   5CC
05C6:  BTFSS  03.2
05C7:  GOTO   5D6
05C8:  MOVF   2C,W
05C9:  SUBWF  2A,W
05CA:  BTFSS  03.0
05CB:  GOTO   5D6
05CC:  MOVF   2D,W
05CD:  SUBWF  2B,W
05CE:  BTFSS  03.0
05CF:  GOTO   5F2
05D0:  BTFSS  03.2
05D1:  GOTO   5D6
05D2:  MOVF   2A,W
05D3:  SUBWF  2C,W
05D4:  BTFSC  03.0
05D5:  GOTO   5F2
....................                                { 
....................                                  amount_flag=0; 
05D6:  BCF    5B.0
....................  
....................                                  amount = (total_amt) + (enter_amt) ; 
05D7:  MOVF   2A,W
05D8:  ADDWF  2C,W
05D9:  MOVWF  2E
05DA:  MOVF   2D,W
05DB:  MOVWF  2F
05DC:  MOVF   2B,W
05DD:  BTFSC  03.0
05DE:  INCFSZ 2B,W
05DF:  ADDWF  2F,F
....................                                  command(0x94); 
05E0:  MOVLW  94
05E1:  MOVWF  5E
05E2:  CALL   33F
....................                                  data("BALANCE AMOUNT:"); 
05E3:  CLRF   5E
05E4:  MOVF   5E,W
05E5:  CALL   27B
05E6:  IORLW  00
05E7:  BTFSC  03.2
05E8:  GOTO   5ED
05E9:  INCF   5E,F
05EA:  MOVWF  63
05EB:  CALL   34F
05EC:  GOTO   5E4
....................                                  display(amount); 
05ED:  MOVF   2F,W
05EE:  MOVWF  5F
05EF:  MOVF   2E,W
05F0:  MOVWF  5E
05F1:  CALL   3BF
....................  
....................                                } 
....................  
.................... } 
05F2:  RETLW  00
....................  
.................... void display(unsigned int16 m) 
.................... { 
....................       int u ; 
....................  
....................       for(u=0;u<=5;u++) 
*
03BF:  CLRF   60
03C0:  MOVF   60,W
03C1:  SUBLW  05
03C2:  BTFSS  03.0
03C3:  GOTO   3E3
....................       { 
....................       w[u] = m%10; 
03C4:  BCF    03.0
03C5:  RLF    60,W
03C6:  ADDLW  3A
03C7:  MOVWF  04
03C8:  MOVF   5F,W
03C9:  MOVWF  63
03CA:  MOVF   5E,W
03CB:  MOVWF  62
03CC:  CLRF   65
03CD:  MOVLW  0A
03CE:  MOVWF  64
03CF:  CALL   399
03D0:  MOVF   77,W
03D1:  MOVWF  00
03D2:  INCF   04,F
03D3:  MOVF   7A,W
03D4:  MOVWF  00
....................       m = m/10; 
03D5:  MOVF   5F,W
03D6:  MOVWF  63
03D7:  MOVF   5E,W
03D8:  MOVWF  62
03D9:  CLRF   65
03DA:  MOVLW  0A
03DB:  MOVWF  64
03DC:  CALL   399
03DD:  MOVF   79,W
03DE:  MOVWF  5F
03DF:  MOVF   78,W
03E0:  MOVWF  5E
....................       } 
03E1:  INCF   60,F
03E2:  GOTO   3C0
....................       data(w[5]|0x30); 
03E3:  MOVF   44,W
03E4:  IORLW  30
03E5:  MOVWF  61
03E6:  MOVF   45,W
03E7:  MOVWF  62
03E8:  MOVF   61,W
03E9:  MOVWF  63
03EA:  CALL   34F
....................       data(w[4]|0x30); 
03EB:  MOVF   42,W
03EC:  IORLW  30
03ED:  MOVWF  61
03EE:  MOVF   43,W
03EF:  MOVWF  62
03F0:  MOVF   61,W
03F1:  MOVWF  63
03F2:  CALL   34F
....................       data(w[3]|0x30); 
03F3:  MOVF   40,W
03F4:  IORLW  30
03F5:  MOVWF  61
03F6:  MOVF   41,W
03F7:  MOVWF  62
03F8:  MOVF   61,W
03F9:  MOVWF  63
03FA:  CALL   34F
....................       data(w[2]|0x30); 
03FB:  MOVF   3E,W
03FC:  IORLW  30
03FD:  MOVWF  61
03FE:  MOVF   3F,W
03FF:  MOVWF  62
0400:  MOVF   61,W
0401:  MOVWF  63
0402:  CALL   34F
....................       data(w[1]|0x30); 
0403:  MOVF   3C,W
0404:  IORLW  30
0405:  MOVWF  61
0406:  MOVF   3D,W
0407:  MOVWF  62
0408:  MOVF   61,W
0409:  MOVWF  63
040A:  CALL   34F
....................       data(w[0]|0x30); 
040B:  MOVF   3A,W
040C:  IORLW  30
040D:  MOVWF  61
040E:  MOVF   3B,W
040F:  MOVWF  62
0410:  MOVF   61,W
0411:  MOVWF  63
0412:  CALL   34F
.................... } 
0413:  RETLW  00

Configuration Fuses:
   Word  1: 3F32   HS NOWDT PUT NODEBUG NOPROTECT NOBROWNOUT NOLVP NOCPD NOWRT
