
ROM used: 2250 (27%)
          3292 (40%) including unused fragments

          2 Average locations per line
          7 Average locations per statement

RAM used: 66 (38%) at main() level
          77 (44%) worst case

Lines Stmts  %   Files
----- ----- ---  -----
  594   322 100  E:\Ganesh Potti\Ganesh Projects\Engineers Projects\Smart Host microcontroller_Ssiet\final_tracking(23-03-14)\23-03-14.c
  306     0   0  C:\Program Files\PICC\devices\16F877A.h
----- -----
 1800   644 Total

Page ROM  %  RAM  Functions:
---- --- --- ---  ----------
0     19   1   1  @delay_ms1
0     14   1   0  @GETCH_BIU_1
0      9   0   0  RDA_ISR
0     10   0   1  command
0     10   0   1  data
0     11   0   0  TIMER0_isr
1   1244  55   2  main
0     19   1   0  @const10066
0     32   1   2  @ITOF
0    120   5  13  @MULFF
0     34   2   4  @SFTOI
0      8   0   1  @SPRINTF
0    117   5   8  @PRINTF_LD_383
0      8   0   0  @const10189
0      8   0   0  @const10194
0      8   0   0  @const10199
0      8   0   0  @const10204
0     11   0   0  @const10212
0     11   0   0  @const10217
0      8   0   0  @const10225
0      8   0   0  @const10234
0     79   4   8  display4
0     38   2   5  @DIV1616
0      6   0   0  @const10428
0     78   3   8  display5
0     68   3   8  display
0     68   3   8  display1
0     68   3   8  display2
0     68   3   8  display3

 Segment   Used  Free
---------  ----  ----
00000-00003     4  0  
00004-0003B    56  0  
0003C-007FF   946  1042  
00800-00FFF  1244  804  
01000-017FF     0  2048  
01800-01FFF     0  2048  

