
ROM used: 363 (4%)
          363 (4%) including unused fragments

          1 Average locations per line
          5 Average locations per statement

RAM used: 7 (4%) at main() level
          17 (10%) worst case

Lines Stmts  %   Files
----- ----- ---  -----
   54     7  10  \\GRT-EMBEDDED-PC\Users\Public\GRT SHARE_DOC\WORK_SHOP_DETAILS\KCT embedded system workshop\CD INCLUSIONS\PROGRAMS\LCD\LCD.c
  270     0   0  C:\Program Files\PICC\devices\16F876A.H
  245    65  82  \\GRT-EMBEDDED-PC\Users\Public\GRT SHARE_DOC\WORK_SHOP_DETAILS\KCT embedded system workshop\CD INCLUSIONS\PROGRAMS\LCD\LCD.H
----- -----
 1138   144 Total

Page ROM  %  RAM  Functions:
---- --- --- ---  ----------
0     19   5   1  @delay_ms1
0      8   2   0  @const43
0     59  16   1  lcd_send_nibble
0     57  16   1  lcd_read_nibble
0     61  17   3  lcd_send_byte
0     48  13   2  lcd_init
0     55  15   1  lcd_putc
0     33   9   1  MAIN
0     19   5   0  @const10115

 Segment   Used  Free
---------  ----  ----
00000-00003     4  0  
00004-007FF   359  1685  
00800-00FFF     0  2048  
01000-017FF     0  2048  
01800-01FFF     0  2048  

