
ROM used: 709 (9%)
          709 (9%) including unused fragments

          1 Average locations per line
          5 Average locations per statement

RAM used: 36 (21%) at main() level
          42 (24%) worst case

Lines Stmts  %   Files
----- ----- ---  -----
  245   149 100  \\GRT-EMBEDDED-PC\Users\Public\GRT SHARE_DOC\2013 Projects Programs\Ganesh_tr\Password using keypad with buzzer_kgisl\kkey.c
  306     0   0  C:\Program Files\PICC\devices\16f877a.h
----- -----
 1102   298 Total

Page ROM  %  RAM  Functions:
---- --- --- ---  ----------
0     19   3   1  @delay_ms1
0     24   3   0  TIMER0_isr
0     10   1   1  command
0     10   1   1  data
0    401  57   2  main
0      9   1   0  @const10063
0      8   1   0  @const10068
0     13   2   0  @const10073
0      6   1   0  @const10084
0     19   3   0  @const10138
0     13   2   0  @const10153
0     21   3   0  @const10158
0     42   6   5  display
0     21   3   3  @DIV88
0     42   6   5  display1

 Segment   Used  Free
---------  ----  ----
00000-00003     4  0  
00004-00032    47  0  
00033-007FF   658  1339  
00800-00FFF     0  2048  
01000-017FF     0  2048  
01800-01FFF     0  2048  

