
ROM used: 298 (4%)
          298 (4%) including unused fragments

          1 Average locations per line
          5 Average locations per statement

RAM used: 78 (45%) at main() level
          86 (49%) worst case

Lines Stmts  %   Files
----- ----- ---  -----
  105    55 100  E:\Ganesh Potti\Ganesh Projects\ARRAY LED\1.c
  306     0   0  C:\Program Files\PICC\devices\16f877a.h
----- -----
  822   110 Total

Page ROM  %  RAM  Functions:
---- --- --- ---  ----------
0     19   6   1  @delay_ms1
0     42  14   6  rda_isr
0     10   3   1  command
0     10   3   1  data
0     22   7   3  data1
0    111  37   2  main
0     17   6   0  @const10062
0     14   5   0  @const10067

 Segment   Used  Free
---------  ----  ----
00000-00003     4  0  
00004-00034    49  0  
00035-007FF   245  1750  
00800-00FFF     0  2048  
01000-017FF     0  2048  
01800-01FFF     0  2048  

