
ROM used: 254 (3%)
          254 (3%) including unused fragments

          1 Average locations per line
          4 Average locations per statement

RAM used: 45 (26%) at main() level
          48 (27%) worst case

Lines Stmts  %   Files
----- ----- ---  -----
  127    59 100  \\GRT-EMBEDDED-PC\Users\Public\GRT SHARE_DOC\2013 Projects Programs\Ganesh_tr\ARRAY_LED_DISPALY\prj.c
  306     0   0  C:\Program Files\PICC\devices\16F877A.H
----- -----
  866   118 Total

Page ROM  %  RAM  Functions:
---- --- --- ---  ----------
0     19   7   1  @delay_ms1
0     10   4   1  COMMAND
0     10   4   1  DATA
0     27  11   0  LCD_INT
0     17   7   1  USART
0    106  42   1  MAIN
0     12   5   0  @const10051

 Segment   Used  Free
---------  ----  ----
00000-00003     4  0  
00004-00034    49  0  
00035-007FF   201  1794  
00800-00FFF     0  2048  
01000-017FF     0  2048  
01800-01FFF     0  2048  

