
ROM used: 504 (6%)
          504 (6%) including unused fragments

          1 Average locations per line
          5 Average locations per statement

RAM used: 18 (10%) at main() level
          25 (14%) worst case

Lines Stmts  %   Files
----- ----- ---  -----
  189    95 100  E:\Ganesh Potti\Ganesh Projects\Engineers Projects\Automatic burner in furnac\code.c
  306     0   0  C:\Program Files\PICC\devices\16f877a.h
----- -----
  990   190 Total

Page ROM  %  RAM  Functions:
---- --- --- ---  ----------
0     19   4   1  @delay_ms1
0     28   6   0  timer0_isr
0     10   2   1  command
0     10   2   1  data
0    139  28   1  main
0     21   4   0  @const10057
0     17   3   0  @const10062
0     13   3   0  @const10071
0     20   4   0  @const10094
0     43   9   5  display_sec
0     21   4   3  @DIV88
0     53  11   5  display_mint
0      6   1   0  @const10131
0     53  11   5  display_hours

 Segment   Used  Free
---------  ----  ----
00000-00003     4  0  
00004-00032    47  0  
00033-007FF   453  1544  
00800-00FFF     0  2048  
01000-017FF     0  2048  
01800-01FFF     0  2048  

