
ROM used: 269 (3%)
          269 (3%) including unused fragments

          1 Average locations per line
          5 Average locations per statement

RAM used: 33 (19%) at main() level
          35 (20%) worst case

Lines Stmts  %   Files
----- ----- ---  -----
  113    56 100  E:\Ganesh\RFID Projects\Receiver.c
  306     0   0  C:\Program Files\PICC\devices\16f877a.h
----- -----
  838   112 Total

Page ROM  %  RAM  Functions:
---- --- --- ---  ----------
0     19   7   1  @delay_ms1
0     10   4   1  command
0     10   4   1  data
0    204  76   2  main
0     12   4   0  @const10031
0     10   4   0  @const10044

 Segment   Used  Free
---------  ----  ----
00000-00003     4  0  
00004-007FF   265  1779  
00800-00FFF     0  2048  
01000-017FF     0  2048  
01800-01FFF     0  2048  

