
ROM used: 1037 (13%)
          1037 (13%) including unused fragments

          2 Average locations per line
          8 Average locations per statement

RAM used: 35 (20%) at main() level
          38 (22%) worst case

Lines Stmts  %   Files
----- ----- ---  -----
  212   125 100  E:\Ganesh Potti\Ganesh Projects\Engineers Projects\PPG_RFID_ppg\Transmitter.c
  306     0   0  C:\Program Files\PICC\devices\16F877A.h
----- -----
 1036   250 Total

Page ROM  %  RAM  Functions:
---- --- --- ---  ----------
0     19   2   1  @delay_ms1
0     36   3   1  RDA_isr
0     10   1   1  command
0     10   1   1  data
0    591  57   2  main
0     14   1   0  @const10059
0     22   2   0  @const10068
0     14   1   0  @const10077
0     13   1   0  @const10087
0      7   1   0  @const10113
0     20   2   0  @const10121
0     20   2   0  @const10126
0     21   2   0  @const10134
0     19   2   0  @const10145
0     21   2   0  @const10156
0     20   2   0  @const10167
0     22   2   0  @const10178
0      7   1   0  @const10191
0     19   2   0  @const10199
0     21   2   0  @const10204
0     20   2   0  @const10233
0     19   2   0  @const10239
0     19   2   0  @const10255

 Segment   Used  Free
---------  ----  ----
00000-00003     4  0  
00004-00034    49  0  
00035-007FF   984  1011  
00800-00FFF     0  2048  
01000-017FF     0  2048  
01800-01FFF     0  2048  

