
ROM used: 856 (10%)
          856 (10%) including unused fragments

          1 Average locations per line
          5 Average locations per statement

RAM used: 39 (22%) at main() level
          50 (29%) worst case

Lines Stmts  %   Files
----- ----- ---  -----
  297   170 100  E:\Ganesh Potti\Ganesh Projects\Engineers Projects\Smart Host microcontroller_Ssiet\Solar tracking skcet\skcet.c
  306     0   0  C:\Program Files\PICC\devices\16F877A.h
----- -----
 1206   340 Total

Page ROM  %  RAM  Functions:
---- --- --- ---  ----------
0     19   2   1  @delay_ms1
0     10   1   1  command
0     10   1   1  data
0     12   1   0  TIMER0_isr
0    563  66   2  main
0     19   2   0  @const10047
0      8   1   0  @const10093
0      8   1   0  @const10098
0      8   1   0  @const10103
0      8   1   0  @const10108
0     15   2   0  @const10116
0     15   2   0  @const10121
0     72   8   8  display
0     38   4   5  @DIV1616

 Segment   Used  Free
---------  ----  ----
00000-00003     4  0  
00004-00032    47  0  
00033-007FF   805  1192  
00800-00FFF     0  2048  
01000-017FF     0  2048  
01800-01FFF     0  2048  

