
ROM used: 2918 (9%)
          2918 (9%) including unused fragments

          2 Average locations per line
          11 Average locations per statement

RAM used: 71 (5%) at main() level
          129 (8%) worst case

Lines Stmts  %   Files
----- ----- ---  -----
  258   125  47  E:\Ganesh Potti\Ganesh Projects\Engineers Projects\CAN_PROJECT\CAN_RX\can_rx.c
   65     0   0  E:\Ganesh Potti\Ganesh Projects\Engineers Projects\CAN_PROJECT\CAN_RX\rx_header.h
  388     0   0  C:\Program Files\PICC\devices\18F458.h
   93     0   0  E:\Ganesh Potti\Ganesh Projects\Engineers Projects\CAN_PROJECT\CAN_RX\pic18_f_reg.h
  439   135  34  E:\Ganesh Potti\Ganesh Projects\Engineers Projects\CAN_PROJECT\CAN_RX\can-18xxx8_own.h
  369     0   0  C:\Program Files\PICC\drivers\can-18xxx8.h
   27     8   2  E:\Ganesh Potti\Ganesh Projects\Engineers Projects\CAN_PROJECT\CAN_RX\reg.h
----- -----
 3278   536 Total

Page ROM  %  RAM  Functions:
---- --- --- ---  ----------
0    216   4   2  can_init
0     48   1   0  can_set_baud
0     34   1   2  can_set_mode
0    304   5  14  can_set_id
0    478   8  18  can_get_id
0    192   3  17  can_putd
0     38   1   1  @delay_ms1
0    268   5   0  CANRX0_isr
0      8   0   0  timer0_isr
0     20   0   1  command
0     20   0   1  data
0    690  12   2  main
0     44   1   0  @const10172
0     44   1   0  @const10177
0    122   2   9  display
0     68   1   5  @DIV1616
0    160   3  12  display_speed

 Segment   Used  Free
---------  ----  ----
00000-00002     4  0  
00004-00006     0  4  
00008-000A6   160  0  
000A8-07FFE  2754  29846  

