
ROM used: 801 (10%)
          801 (10%) including unused fragments

          2 Average locations per line
          8 Average locations per statement

RAM used: 32 (18%) at main() level
          38 (22%) worst case

Lines Stmts  %   Files
----- ----- ---  -----
  199   106 100  E:\Ganesh Potti\Ganesh Projects\Engineers Projects\speed monitor\hall effect.c
  306     0   0  C:\Program Files\PICC\devices\16f877a.h
----- -----
 1010   212 Total

Page ROM  %  RAM  Functions:
---- --- --- ---  ----------
0     19   2   1  @delay_ms1
0     22   3   0  timer0_isr
0     10   1   1  command
0     10   1   1  data
0    247  31   1  main
0     22   3   0  @const10055
0     19   2   0  @const10060
0     14   2   0  @const10066
0     22   3   0  @const10075
0     14   2   0  @const10084
0     11   1   0  @const10096
0     15   2   0  @const10101
0     57   7   4  display
0     21   3   3  @DIV88
0     51   6   3  display_mint
0      6   1   0  @const10140
0     41   5   3  display_sec
0    114  14   4  gsm
0     25   3   0  @const10161
0     10   1   0  @const10169

 Segment   Used  Free
---------  ----  ----
00000-00003     4  0  
00004-00032    47  0  
00033-007FF   750  1247  
00800-00FFF     0  2048  
01000-017FF     0  2048  
01800-01FFF     0  2048  

