
ROM used: 1594 (19%)
          1594 (19%) including unused fragments

          2 Average locations per line
          5 Average locations per statement

RAM used: 29 (17%) at main() level
          42 (24%) worst case

Lines Stmts  %   Files
----- ----- ---  -----
  478   294 100  E:\Ganesh Potti\Ganesh Projects\Engineers Projects\Battery selection\battery.c
  306     0   0  C:\Program Files\PICC\devices\16F877A.h
----- -----
 1568   588 Total

Page ROM  %  RAM  Functions:
---- --- --- ---  ----------
0     19   1   1  @delay_ms1
0     16   1   1  rb_isr
0     28   2   0  timer0_isr
0     10   1   1  command
0     10   1   1  data
0    790  50   1  main
0     17   1   0  @const10097
0     20   1   0  @const10102
0     17   1   0  @const10108
0     21   1   0  @const10113
0     38   2   5  @DIV1616
0     12   1   0  @const10148
0     11   1   0  @const10202
0     21   1   0  @const10210
0     21   1   0  @const10220
0     21   1   0  @const10230
0     21   1   0  @const10240
0     24   2   0  @const10250
0     21   1   0  @const10270
0     19   1   0  @const10275
0     54   3   8  display
0     43   3   5  display_sec
0     21   1   3  @DIV88
0     53   3   5  display_mint
0      6   0   0  @const10443
0     53   3   5  display_hours
0     43   3   5  display_enter_sec
0     53   3   5  display_enter_mint
0     53   3   5  display_enter_hours

 Segment   Used  Free
---------  ----  ----
00000-00003     4  0  
00004-00039    54  0  
0003A-007FF  1536  454  
00800-00FFF     0  2048  
01000-017FF     0  2048  
01800-01FFF     0  2048  

