CCS PCM C Compiler, Version 3.249, 33340               21-Mar-14 19:41

               Filename: E:\Ganesh Potti\Ganesh Projects\Engineers Projects\Smart Host microcontroller_Ssiet\Final_solar tracking\tracking_final.lst

               ROM used: 1436 words (18%)
                         Largest free fragment is 2048
               RAM used: 38 (22%) at main() level
                         49 (28%) worst case
               Stack:    5 worst case (3 in main + 2 for interrupts)

*
0000:  MOVLW  00
0001:  MOVWF  0A
0002:  GOTO   151
0003:  NOP
0004:  MOVWF  7F
0005:  SWAPF  03,W
0006:  CLRF   03
0007:  MOVWF  21
0008:  MOVF   0A,W
0009:  MOVWF  20
000A:  CLRF   0A
000B:  MOVF   04,W
000C:  MOVWF  22
000D:  MOVF   77,W
000E:  MOVWF  23
000F:  MOVF   78,W
0010:  MOVWF  24
0011:  MOVF   79,W
0012:  MOVWF  25
0013:  MOVF   7A,W
0014:  MOVWF  26
0015:  MOVF   7B,W
0016:  MOVWF  27
0017:  BCF    03.7
0018:  BCF    03.5
0019:  MOVLW  8C
001A:  MOVWF  04
001B:  BTFSS  00.5
001C:  GOTO   01F
001D:  BTFSC  0C.5
001E:  GOTO   036
001F:  BTFSS  0B.5
0020:  GOTO   023
0021:  BTFSC  0B.2
0022:  GOTO   039
0023:  MOVF   22,W
0024:  MOVWF  04
0025:  MOVF   23,W
0026:  MOVWF  77
0027:  MOVF   24,W
0028:  MOVWF  78
0029:  MOVF   25,W
002A:  MOVWF  79
002B:  MOVF   26,W
002C:  MOVWF  7A
002D:  MOVF   27,W
002E:  MOVWF  7B
002F:  MOVF   20,W
0030:  MOVWF  0A
0031:  SWAPF  21,W
0032:  MOVWF  03
0033:  SWAPF  7F,F
0034:  SWAPF  7F,W
0035:  RETFIE
0036:  BCF    0A.3
0037:  BCF    0A.4
0038:  GOTO   09B
0039:  BCF    0A.3
003A:  BCF    0A.4
003B:  GOTO   0A4
.................... #include <16F877A.h> 
.................... //////// Standard Header file for the PIC16F877A device //////////////// 
.................... #device PIC16F877A 
.................... #list 
....................  
.................... #fuses NOWDT,HS,PUT, NOPROTECT,BROWNOUT, NOLVP, NOCPD, NOWRT 
.................... #device adc=10 
.................... #use delay(clock=11059200) 
*
00AF:  MOVLW  48
00B0:  MOVWF  04
00B1:  MOVF   00,W
00B2:  BTFSC  03.2
00B3:  GOTO   0C1
00B4:  MOVLW  03
00B5:  MOVWF  78
00B6:  CLRF   77
00B7:  DECFSZ 77,F
00B8:  GOTO   0B7
00B9:  DECFSZ 78,F
00BA:  GOTO   0B6
00BB:  MOVLW  95
00BC:  MOVWF  77
00BD:  DECFSZ 77,F
00BE:  GOTO   0BD
00BF:  DECFSZ 00,F
00C0:  GOTO   0B4
00C1:  RETLW  00
.................... #use rs232(baud=9600, xmit=PIN_c6,rcv=PIN_c7, bits=8, errors) 
*
008D:  BTFSS  0C.5
008E:  GOTO   08D
008F:  MOVF   18,W
0090:  MOVWF  28
0091:  MOVF   1A,W
0092:  MOVWF  78
0093:  BTFSS  28.1
0094:  GOTO   097
0095:  BCF    18.4
0096:  BSF    18.4
0097:  NOP
0098:  BCF    0A.3
0099:  BCF    0A.4
009A:  GOTO   09C (RETURN)
*
0163:  BCF    03.5
0164:  CLRF   28
....................  
.................... #byte portb=0x06 
.................... #byte portc=0x07 
.................... #byte portd=0x08 
.................... #byte porte=0x09 
....................  
.................... #byte trisb=0x86 
.................... #byte trisc=0x87 
.................... #byte trisd=0x88 
.................... #byte trise=0x89 
....................  
.................... #byte intcon=0x0b 
.................... #byte rcreg=0x1a 
....................  
.................... #bit reg=portb.7 
.................... #bit rw=porte.1 
.................... #bit en=porte.2 
....................  
.................... #bit FORWARD=portb.0 
.................... #bit REVERSE=portb.1 
....................  
.................... #bit relay1=portb.4 
.................... #bit relay2=portb.5 
....................  
.................... #bit relay3=portc.0 
.................... #bit relay4=portc.1 
....................  
.................... unsigned int16 value1=0, value2=0, value3=0, value4=0, value5=0, value6=0; 
0165:  CLRF   29
0166:  CLRF   2A
0167:  CLRF   2B
0168:  CLRF   2C
0169:  CLRF   2D
016A:  CLRF   2E
016B:  CLRF   2F
016C:  CLRF   30
016D:  CLRF   31
016E:  CLRF   32
016F:  CLRF   33
0170:  CLRF   34
.................... unsigned char sec = 0, time = 0 , A=0 , GLAG = 0; 
0171:  CLRF   35
0172:  CLRF   36
0173:  CLRF   37
0174:  CLRF   38
.................... int1 flag=0,LDR1_FLAG=0,LDR2_FLAG=0,LDR3_FLAG=0,LDR4_FLAG=0; 
0175:  BCF    39.0
0176:  BCF    39.1
0177:  BCF    39.2
0178:  BCF    39.3
0179:  BCF    39.4
.................... int z=0 , b[4]={0}; 
017A:  CLRF   3A
017B:  CLRF   3B
017C:  CLRF   3C
017D:  CLRF   3D
017E:  CLRF   3E
....................  
.................... void display(unsigned int16); 
.................... void command(unsigned char com); 
.................... void data(unsigned char da); 
....................  
.................... #INT_RDA 
.................... RDA_ISR() 
.................... { 
.................... A=FGETC(); 
*
009B:  GOTO   08D
009C:  MOVF   78,W
009D:  MOVWF  37
.................... GLAG=1; 
009E:  MOVLW  01
009F:  MOVWF  38
.................... } 
....................  
00A0:  BCF    0C.5
00A1:  BCF    0A.3
00A2:  BCF    0A.4
00A3:  GOTO   023
.................... void command(unsigned char com) 
.................... { 
....................    portd=com; 
*
00C2:  MOVF   46,W
00C3:  MOVWF  08
....................    reg=0; 
00C4:  BCF    06.7
....................    rw=0; 
00C5:  BCF    09.1
....................    en=1; 
00C6:  BSF    09.2
....................    delay_ms(1); 
00C7:  MOVLW  01
00C8:  MOVWF  48
00C9:  CALL   0AF
....................    en=0; 
00CA:  BCF    09.2
.................... } 
00CB:  RETLW  00
....................  
.................... void data(unsigned char da) 
.................... { 
....................    portd=da; 
00CC:  MOVF   47,W
00CD:  MOVWF  08
....................    reg=1; 
00CE:  BSF    06.7
....................    rw=0; 
00CF:  BCF    09.1
....................    en=1; 
00D0:  BSF    09.2
....................    delay_ms(1); 
00D1:  MOVLW  01
00D2:  MOVWF  48
00D3:  CALL   0AF
....................    en=0; 
00D4:  BCF    09.2
.................... } 
00D5:  RETLW  00
....................  
.................... #int_TIMER0 
.................... TIMER0_isr() 
.................... { 
....................    time++; 
*
00A4:  INCF   36,F
....................    if(time>=43) 
00A5:  MOVF   36,W
00A6:  SUBLW  2A
00A7:  BTFSC  03.0
00A8:  GOTO   0AB
....................    { 
....................       time=0; 
00A9:  CLRF   36
....................       flag=1; 
00AA:  BSF    39.0
....................    } 
.................... } 
....................  
00AB:  BCF    0B.2
00AC:  BCF    0A.3
00AD:  BCF    0A.4
00AE:  GOTO   023
.................... void main() 
.................... { 
*
0151:  CLRF   04
0152:  MOVLW  1F
0153:  ANDWF  03,F
0154:  MOVLW  11
0155:  BSF    03.5
0156:  MOVWF  19
0157:  MOVLW  22
0158:  MOVWF  18
0159:  MOVLW  90
015A:  BCF    03.5
015B:  MOVWF  18
015C:  BSF    03.5
015D:  BSF    1F.0
015E:  BSF    1F.1
015F:  BSF    1F.2
0160:  BCF    1F.3
0161:  MOVLW  07
0162:  MOVWF  1C
....................    portd=0x00; 
*
017F:  CLRF   08
....................    porte=0x00; 
0180:  CLRF   09
....................  
....................    trisd=0x00; 
0181:  BSF    03.5
0182:  CLRF   08
....................    trise=0x01; 
0183:  MOVLW  01
0184:  MOVWF  09
....................  
....................    portb=0x00; 
0185:  BCF    03.5
0186:  CLRF   06
....................    trisb=0x00; 
0187:  BSF    03.5
0188:  CLRF   06
....................  
....................    portc=0x00; 
0189:  BCF    03.5
018A:  CLRF   07
....................    trisc=0x80; 
018B:  MOVLW  80
018C:  BSF    03.5
018D:  MOVWF  07
....................     
....................    //option_reg=0x00; 
.................... 	intcon=0xc0; 
018E:  MOVLW  C0
018F:  BCF    03.5
0190:  MOVWF  0B
....................     
....................    enable_interrupts(global); 
0191:  IORWF  0B,F
....................    enable_interrupts(int_rda); 
0192:  BSF    03.5
0193:  BSF    0C.5
....................  
....................    command(0x38); delay_ms(5); 
0194:  MOVLW  38
0195:  BCF    03.5
0196:  MOVWF  46
0197:  CALL   0C2
0198:  MOVLW  05
0199:  MOVWF  48
019A:  CALL   0AF
....................    command(0x06); delay_ms(5); 
019B:  MOVLW  06
019C:  MOVWF  46
019D:  CALL   0C2
019E:  MOVLW  05
019F:  MOVWF  48
01A0:  CALL   0AF
....................    command(0x0c); delay_ms(5); 
01A1:  MOVLW  0C
01A2:  MOVWF  46
01A3:  CALL   0C2
01A4:  MOVLW  05
01A5:  MOVWF  48
01A6:  CALL   0AF
....................    command(0x01); delay_ms(5); 
01A7:  MOVLW  01
01A8:  MOVWF  46
01A9:  CALL   0C2
01AA:  MOVLW  05
01AB:  MOVWF  48
01AC:  CALL   0AF
....................  
....................    command(0x80); 
01AD:  MOVLW  80
01AE:  MOVWF  46
01AF:  CALL   0C2
....................    data("SOLAR TRACKING"); 
01B0:  CLRF   3F
01B1:  MOVF   3F,W
01B2:  CALL   03C
01B3:  IORLW  00
01B4:  BTFSC  03.2
01B5:  GOTO   1BA
01B6:  INCF   3F,F
01B7:  MOVWF  47
01B8:  CALL   0CC
01B9:  GOTO   1B1
....................  
....................    set_timer0(0x00); //set TMR0 initial value to zero 
01BA:  CLRF   01
....................    setup_timer_0(RTCC_INTERNAL | RTCC_DIV_256); //set timer0 mode 
01BB:  BSF    03.5
01BC:  MOVF   01,W
01BD:  ANDLW  C0
01BE:  IORLW  07
01BF:  MOVWF  01
....................  
....................    enable_interrupts(INT_TIMER0); //enable timer overflow interrupt 
01C0:  BCF    03.5
01C1:  BSF    0B.5
....................  
....................    enable_interrupts(GLOBAL); //enable global interrupt 
01C2:  MOVLW  C0
01C3:  IORWF  0B,F
....................  
....................    setup_adc( ADC_CLOCK_INTERNAL ); 
01C4:  BSF    03.5
01C5:  BCF    1F.6
01C6:  BCF    03.5
01C7:  BSF    1F.6
01C8:  BSF    1F.7
01C9:  BSF    03.5
01CA:  BSF    1F.7
01CB:  BCF    03.5
01CC:  BSF    1F.0
....................    setup_adc_ports(AN0_AN1_AN2_AN3_AN4_AN5); 
01CD:  BSF    03.5
01CE:  BSF    1F.0
01CF:  BCF    1F.1
01D0:  BCF    1F.2
01D1:  BSF    1F.3
....................  
....................    delay_ms(2000); 
01D2:  MOVLW  08
01D3:  BCF    03.5
01D4:  MOVWF  3F
01D5:  MOVLW  FA
01D6:  MOVWF  48
01D7:  CALL   0AF
01D8:  DECFSZ 3F,F
01D9:  GOTO   1D5
....................    command(0x01); 
01DA:  MOVLW  01
01DB:  MOVWF  46
01DC:  CALL   0C2
....................    delay_ms(2); 
01DD:  MOVLW  02
01DE:  MOVWF  48
01DF:  CALL   0AF
....................  
....................  
....................    while(1) 
....................    { 
....................       if(GLAG==1) 
01E0:  DECFSZ 38,W
01E1:  GOTO   1F1
....................       { 
....................          if(a=='F') 
01E2:  MOVF   37,W
01E3:  SUBLW  46
01E4:  BTFSS  03.2
01E5:  GOTO   1EA
....................          { 
....................          relay3=1; 
01E6:  BSF    07.0
....................          relay4=0; 
01E7:  BCF    07.1
....................          GLAG=0; 
01E8:  CLRF   38
....................       } 
....................          else if(a=='R') 
01E9:  GOTO   1F1
01EA:  MOVF   37,W
01EB:  SUBLW  52
01EC:  BTFSS  03.2
01ED:  GOTO   1F1
....................          { 
....................          relay3=0; 
01EE:  BCF    07.0
....................          relay4=1; 
01EF:  BSF    07.1
....................          GLAG=0; 
01F0:  CLRF   38
....................          } 
....................       }  
....................       delay_ms(150); 
01F1:  MOVLW  96
01F2:  MOVWF  48
01F3:  CALL   0AF
....................       set_adc_channel(0); 
01F4:  MOVLW  00
01F5:  MOVWF  78
01F6:  MOVF   1F,W
01F7:  ANDLW  C7
01F8:  IORWF  78,W
01F9:  MOVWF  1F
....................       delay_us(100);         //wait for the acquisition time 
01FA:  MOVLW  5B
01FB:  MOVWF  77
01FC:  DECFSZ 77,F
01FD:  GOTO   1FC
01FE:  NOP
01FF:  NOP
....................       value1=read_adc(); 
0200:  BSF    1F.2
0201:  BTFSC  1F.2
0202:  GOTO   201
0203:  BSF    03.5
0204:  MOVF   1E,W
0205:  BCF    03.5
0206:  MOVWF  29
0207:  MOVF   1E,W
0208:  MOVWF  2A
....................       delay_us(4); 
0209:  MOVLW  03
020A:  MOVWF  77
020B:  DECFSZ 77,F
020C:  GOTO   20B
020D:  NOP
....................  
....................       delay_ms(150); 
020E:  MOVLW  96
020F:  MOVWF  48
0210:  CALL   0AF
....................       set_adc_channel(1); 
0211:  MOVLW  08
0212:  MOVWF  78
0213:  MOVF   1F,W
0214:  ANDLW  C7
0215:  IORWF  78,W
0216:  MOVWF  1F
....................       delay_us(100);         //wait for the acquisition time 
0217:  MOVLW  5B
0218:  MOVWF  77
0219:  DECFSZ 77,F
021A:  GOTO   219
021B:  NOP
021C:  NOP
....................       value2=read_adc(); 
021D:  BSF    1F.2
021E:  BTFSC  1F.2
021F:  GOTO   21E
0220:  BSF    03.5
0221:  MOVF   1E,W
0222:  BCF    03.5
0223:  MOVWF  2B
0224:  MOVF   1E,W
0225:  MOVWF  2C
....................       delay_us(4); 
0226:  MOVLW  03
0227:  MOVWF  77
0228:  DECFSZ 77,F
0229:  GOTO   228
022A:  NOP
....................  
....................       delay_ms(150); 
022B:  MOVLW  96
022C:  MOVWF  48
022D:  CALL   0AF
....................       set_adc_channel(2); 
022E:  MOVLW  10
022F:  MOVWF  78
0230:  MOVF   1F,W
0231:  ANDLW  C7
0232:  IORWF  78,W
0233:  MOVWF  1F
....................       delay_us(100);         //wait for the acquisition time 
0234:  MOVLW  5B
0235:  MOVWF  77
0236:  DECFSZ 77,F
0237:  GOTO   236
0238:  NOP
0239:  NOP
....................       value3=read_adc(); 
023A:  BSF    1F.2
023B:  BTFSC  1F.2
023C:  GOTO   23B
023D:  BSF    03.5
023E:  MOVF   1E,W
023F:  BCF    03.5
0240:  MOVWF  2D
0241:  MOVF   1E,W
0242:  MOVWF  2E
....................       delay_us(4); 
0243:  MOVLW  03
0244:  MOVWF  77
0245:  DECFSZ 77,F
0246:  GOTO   245
0247:  NOP
....................  
....................       delay_ms(150); 
0248:  MOVLW  96
0249:  MOVWF  48
024A:  CALL   0AF
....................       set_adc_channel(3); 
024B:  MOVLW  18
024C:  MOVWF  78
024D:  MOVF   1F,W
024E:  ANDLW  C7
024F:  IORWF  78,W
0250:  MOVWF  1F
....................       delay_us(100);         //wait for the acquisition time 
0251:  MOVLW  5B
0252:  MOVWF  77
0253:  DECFSZ 77,F
0254:  GOTO   253
0255:  NOP
0256:  NOP
....................       value4=read_adc(); 
0257:  BSF    1F.2
0258:  BTFSC  1F.2
0259:  GOTO   258
025A:  BSF    03.5
025B:  MOVF   1E,W
025C:  BCF    03.5
025D:  MOVWF  2F
025E:  MOVF   1E,W
025F:  MOVWF  30
....................       delay_us(40); 
0260:  MOVLW  24
0261:  MOVWF  77
0262:  DECFSZ 77,F
0263:  GOTO   262
0264:  NOP
....................  
....................       delay_ms(150); 
0265:  MOVLW  96
0266:  MOVWF  48
0267:  CALL   0AF
....................       set_adc_channel(4); 
0268:  MOVLW  20
0269:  MOVWF  78
026A:  MOVF   1F,W
026B:  ANDLW  C7
026C:  IORWF  78,W
026D:  MOVWF  1F
....................       delay_us(100);         //wait for the acquisition time 
026E:  MOVLW  5B
026F:  MOVWF  77
0270:  DECFSZ 77,F
0271:  GOTO   270
0272:  NOP
0273:  NOP
....................       value5=read_adc(); 
0274:  BSF    1F.2
0275:  BTFSC  1F.2
0276:  GOTO   275
0277:  BSF    03.5
0278:  MOVF   1E,W
0279:  BCF    03.5
027A:  MOVWF  31
027B:  MOVF   1E,W
027C:  MOVWF  32
....................       value5=value5*2; 
027D:  BCF    03.0
027E:  RLF    31,F
027F:  RLF    32,F
....................       delay_us(40); 
0280:  MOVLW  24
0281:  MOVWF  77
0282:  DECFSZ 77,F
0283:  GOTO   282
0284:  NOP
....................  
....................       delay_ms(150); 
0285:  MOVLW  96
0286:  MOVWF  48
0287:  CALL   0AF
....................       set_adc_channel(5); 
0288:  MOVLW  28
0289:  MOVWF  78
028A:  MOVF   1F,W
028B:  ANDLW  C7
028C:  IORWF  78,W
028D:  MOVWF  1F
....................       delay_us(100);         //wait for the acquisition time 
028E:  MOVLW  5B
028F:  MOVWF  77
0290:  DECFSZ 77,F
0291:  GOTO   290
0292:  NOP
0293:  NOP
....................       value6=read_adc(); 
0294:  BSF    1F.2
0295:  BTFSC  1F.2
0296:  GOTO   295
0297:  BSF    03.5
0298:  MOVF   1E,W
0299:  BCF    03.5
029A:  MOVWF  33
029B:  MOVF   1E,W
029C:  MOVWF  34
....................       value6=value6*2; 
029D:  BCF    03.0
029E:  RLF    33,F
029F:  RLF    34,F
....................       delay_us(40); 
02A0:  MOVLW  24
02A1:  MOVWF  77
02A2:  DECFSZ 77,F
02A3:  GOTO   2A2
02A4:  NOP
....................  
....................       if(((sec == 0) && (time <= 6)) || ((sec == 6) && (time <= 6))){ 
02A5:  MOVF   35,F
02A6:  BTFSS  03.2
02A7:  GOTO   2AC
02A8:  MOVF   36,W
02A9:  SUBLW  06
02AA:  BTFSC  03.0
02AB:  GOTO   2B4
02AC:  MOVF   35,W
02AD:  SUBLW  06
02AE:  BTFSS  03.2
02AF:  GOTO   2BA
02B0:  MOVF   36,W
02B1:  SUBLW  06
02B2:  BTFSS  03.0
02B3:  GOTO   2BA
....................          command(0x01); 
02B4:  MOVLW  01
02B5:  MOVWF  46
02B6:  CALL   0C2
....................          delay_ms(2); 
02B7:  MOVLW  02
02B8:  MOVWF  48
02B9:  CALL   0AF
....................       } 
....................       if(flag==1) 
02BA:  BTFSS  39.0
02BB:  GOTO   2C2
....................       { 
....................          flag=0; 
02BC:  BCF    39.0
....................          sec++; 
02BD:  INCF   35,F
....................          if(sec >= 12) 
02BE:  MOVF   35,W
02BF:  SUBLW  0B
02C0:  BTFSS  03.0
....................             sec = 0; 
02C1:  CLRF   35
....................       } 
....................       if(sec < 6){ 
02C2:  MOVF   35,W
02C3:  SUBLW  05
02C4:  BTFSS  03.0
02C5:  GOTO   3C1
....................  
....................          z=1; 
02C6:  MOVLW  01
02C7:  MOVWF  3A
....................          command(0x80); 
02C8:  MOVLW  80
02C9:  MOVWF  46
02CA:  CALL   0C2
....................          data("L1:"); 
02CB:  CLRF   3F
02CC:  MOVF   3F,W
02CD:  CALL   04F
02CE:  IORLW  00
02CF:  BTFSC  03.2
02D0:  GOTO   2D5
02D1:  INCF   3F,F
02D2:  MOVWF  47
02D3:  CALL   0CC
02D4:  GOTO   2CC
....................          display(value1); 
02D5:  MOVF   2A,W
02D6:  MOVWF  40
02D7:  MOVF   29,W
02D8:  MOVWF  3F
02D9:  CALL   0FC
....................          PUTC('*'); 
02DA:  MOVLW  2A
02DB:  BTFSS  0C.4
02DC:  GOTO   2DB
02DD:  MOVWF  19
....................          PUTC('L'); 
02DE:  MOVLW  4C
02DF:  BTFSS  0C.4
02E0:  GOTO   2DF
02E1:  MOVWF  19
....................          PUTC('1'); 
02E2:  MOVLW  31
02E3:  BTFSS  0C.4
02E4:  GOTO   2E3
02E5:  MOVWF  19
....................          PUTC(B[3]|0x30); 
02E6:  MOVF   3E,W
02E7:  IORLW  30
02E8:  MOVWF  3F
02E9:  MOVF   3F,W
02EA:  BTFSS  0C.4
02EB:  GOTO   2EA
02EC:  MOVWF  19
....................          PUTC(B[2]|0x30); 
02ED:  MOVF   3D,W
02EE:  IORLW  30
02EF:  MOVWF  3F
02F0:  MOVF   3F,W
02F1:  BTFSS  0C.4
02F2:  GOTO   2F1
02F3:  MOVWF  19
....................          PUTC(B[1]|0x30); 
02F4:  MOVF   3C,W
02F5:  IORLW  30
02F6:  MOVWF  3F
02F7:  MOVF   3F,W
02F8:  BTFSS  0C.4
02F9:  GOTO   2F8
02FA:  MOVWF  19
....................          PUTC(B[0]|0x30); 
02FB:  MOVF   3B,W
02FC:  IORLW  30
02FD:  MOVWF  3F
02FE:  MOVF   3F,W
02FF:  BTFSS  0C.4
0300:  GOTO   2FF
0301:  MOVWF  19
....................          PUTC('#'); 
0302:  MOVLW  23
0303:  BTFSS  0C.4
0304:  GOTO   303
0305:  MOVWF  19
....................           
....................          command(0x88); 
0306:  MOVLW  88
0307:  MOVWF  46
0308:  CALL   0C2
....................          data("L2:"); 
0309:  CLRF   3F
030A:  MOVF   3F,W
030B:  CALL   057
030C:  IORLW  00
030D:  BTFSC  03.2
030E:  GOTO   313
030F:  INCF   3F,F
0310:  MOVWF  47
0311:  CALL   0CC
0312:  GOTO   30A
....................          display(value2); 
0313:  MOVF   2C,W
0314:  MOVWF  40
0315:  MOVF   2B,W
0316:  MOVWF  3F
0317:  CALL   0FC
....................          PUTC('*'); 
0318:  MOVLW  2A
0319:  BTFSS  0C.4
031A:  GOTO   319
031B:  MOVWF  19
....................          PUTC('L'); 
031C:  MOVLW  4C
031D:  BTFSS  0C.4
031E:  GOTO   31D
031F:  MOVWF  19
....................          PUTC('2'); 
0320:  MOVLW  32
0321:  BTFSS  0C.4
0322:  GOTO   321
0323:  MOVWF  19
....................          PUTC(B[3]|0x30); 
0324:  MOVF   3E,W
0325:  IORLW  30
0326:  MOVWF  3F
0327:  MOVF   3F,W
0328:  BTFSS  0C.4
0329:  GOTO   328
032A:  MOVWF  19
....................          PUTC(B[2]|0x30); 
032B:  MOVF   3D,W
032C:  IORLW  30
032D:  MOVWF  3F
032E:  MOVF   3F,W
032F:  BTFSS  0C.4
0330:  GOTO   32F
0331:  MOVWF  19
....................          PUTC(B[1]|0x30); 
0332:  MOVF   3C,W
0333:  IORLW  30
0334:  MOVWF  3F
0335:  MOVF   3F,W
0336:  BTFSS  0C.4
0337:  GOTO   336
0338:  MOVWF  19
....................          PUTC(B[0]|0x30); 
0339:  MOVF   3B,W
033A:  IORLW  30
033B:  MOVWF  3F
033C:  MOVF   3F,W
033D:  BTFSS  0C.4
033E:  GOTO   33D
033F:  MOVWF  19
....................          PUTC('#'); 
0340:  MOVLW  23
0341:  BTFSS  0C.4
0342:  GOTO   341
0343:  MOVWF  19
....................           
....................          command(0xC0); 
0344:  MOVLW  C0
0345:  MOVWF  46
0346:  CALL   0C2
....................          data("L3:"); 
0347:  CLRF   3F
0348:  MOVF   3F,W
0349:  CALL   05F
034A:  IORLW  00
034B:  BTFSC  03.2
034C:  GOTO   351
034D:  INCF   3F,F
034E:  MOVWF  47
034F:  CALL   0CC
0350:  GOTO   348
....................          display(value3); 
0351:  MOVF   2E,W
0352:  MOVWF  40
0353:  MOVF   2D,W
0354:  MOVWF  3F
0355:  CALL   0FC
....................          PUTC('*'); 
0356:  MOVLW  2A
0357:  BTFSS  0C.4
0358:  GOTO   357
0359:  MOVWF  19
....................          PUTC('L'); 
035A:  MOVLW  4C
035B:  BTFSS  0C.4
035C:  GOTO   35B
035D:  MOVWF  19
....................          PUTC('3'); 
035E:  MOVLW  33
035F:  BTFSS  0C.4
0360:  GOTO   35F
0361:  MOVWF  19
....................          PUTC(B[3]|0x30); 
0362:  MOVF   3E,W
0363:  IORLW  30
0364:  MOVWF  3F
0365:  MOVF   3F,W
0366:  BTFSS  0C.4
0367:  GOTO   366
0368:  MOVWF  19
....................          PUTC(B[2]|0x30); 
0369:  MOVF   3D,W
036A:  IORLW  30
036B:  MOVWF  3F
036C:  MOVF   3F,W
036D:  BTFSS  0C.4
036E:  GOTO   36D
036F:  MOVWF  19
....................          PUTC(B[1]|0x30); 
0370:  MOVF   3C,W
0371:  IORLW  30
0372:  MOVWF  3F
0373:  MOVF   3F,W
0374:  BTFSS  0C.4
0375:  GOTO   374
0376:  MOVWF  19
....................          PUTC(B[0]|0x30); 
0377:  MOVF   3B,W
0378:  IORLW  30
0379:  MOVWF  3F
037A:  MOVF   3F,W
037B:  BTFSS  0C.4
037C:  GOTO   37B
037D:  MOVWF  19
....................          PUTC('#'); 
037E:  MOVLW  23
037F:  BTFSS  0C.4
0380:  GOTO   37F
0381:  MOVWF  19
....................           
....................          command(0xC8); 
0382:  MOVLW  C8
0383:  MOVWF  46
0384:  CALL   0C2
....................          data("L4:"); 
0385:  CLRF   3F
0386:  MOVF   3F,W
0387:  CALL   067
0388:  IORLW  00
0389:  BTFSC  03.2
038A:  GOTO   38F
038B:  INCF   3F,F
038C:  MOVWF  47
038D:  CALL   0CC
038E:  GOTO   386
....................          display(value4); 
038F:  MOVF   30,W
0390:  MOVWF  40
0391:  MOVF   2F,W
0392:  MOVWF  3F
0393:  CALL   0FC
....................          PUTC('*'); 
0394:  MOVLW  2A
0395:  BTFSS  0C.4
0396:  GOTO   395
0397:  MOVWF  19
....................          PUTC('L'); 
0398:  MOVLW  4C
0399:  BTFSS  0C.4
039A:  GOTO   399
039B:  MOVWF  19
....................          PUTC('4'); 
039C:  MOVLW  34
039D:  BTFSS  0C.4
039E:  GOTO   39D
039F:  MOVWF  19
....................          PUTC(B[3]|0x30); 
03A0:  MOVF   3E,W
03A1:  IORLW  30
03A2:  MOVWF  3F
03A3:  MOVF   3F,W
03A4:  BTFSS  0C.4
03A5:  GOTO   3A4
03A6:  MOVWF  19
....................          PUTC(B[2]|0x30); 
03A7:  MOVF   3D,W
03A8:  IORLW  30
03A9:  MOVWF  3F
03AA:  MOVF   3F,W
03AB:  BTFSS  0C.4
03AC:  GOTO   3AB
03AD:  MOVWF  19
....................          PUTC(B[1]|0x30); 
03AE:  MOVF   3C,W
03AF:  IORLW  30
03B0:  MOVWF  3F
03B1:  MOVF   3F,W
03B2:  BTFSS  0C.4
03B3:  GOTO   3B2
03B4:  MOVWF  19
....................          PUTC(B[0]|0x30); 
03B5:  MOVF   3B,W
03B6:  IORLW  30
03B7:  MOVWF  3F
03B8:  MOVF   3F,W
03B9:  BTFSS  0C.4
03BA:  GOTO   3B9
03BB:  MOVWF  19
....................          PUTC('#'); 
03BC:  MOVLW  23
03BD:  BTFSS  0C.4
03BE:  GOTO   3BD
03BF:  MOVWF  19
....................       } 
....................       else 
03C0:  GOTO   44C
....................       { 
....................          z=0; 
03C1:  CLRF   3A
....................          command(0x80); 
03C2:  MOVLW  80
03C3:  MOVWF  46
03C4:  CALL   0C2
....................          data("BATTERY1 :"); 
03C5:  CLRF   3F
03C6:  MOVF   3F,W
03C7:  CALL   06F
03C8:  IORLW  00
03C9:  BTFSC  03.2
03CA:  GOTO   3CF
03CB:  INCF   3F,F
03CC:  MOVWF  47
03CD:  CALL   0CC
03CE:  GOTO   3C6
....................          display(value5); 
03CF:  MOVF   32,W
03D0:  MOVWF  40
03D1:  MOVF   31,W
03D2:  MOVWF  3F
03D3:  CALL   0FC
....................          PUTC('*'); 
03D4:  MOVLW  2A
03D5:  BTFSS  0C.4
03D6:  GOTO   3D5
03D7:  MOVWF  19
....................          PUTC('B'); 
03D8:  MOVLW  42
03D9:  BTFSS  0C.4
03DA:  GOTO   3D9
03DB:  MOVWF  19
....................          PUTC('1'); 
03DC:  MOVLW  31
03DD:  BTFSS  0C.4
03DE:  GOTO   3DD
03DF:  MOVWF  19
....................          PUTC(B[3]|0x30); 
03E0:  MOVF   3E,W
03E1:  IORLW  30
03E2:  MOVWF  3F
03E3:  MOVF   3F,W
03E4:  BTFSS  0C.4
03E5:  GOTO   3E4
03E6:  MOVWF  19
....................          PUTC(B[2]|0x30); 
03E7:  MOVF   3D,W
03E8:  IORLW  30
03E9:  MOVWF  3F
03EA:  MOVF   3F,W
03EB:  BTFSS  0C.4
03EC:  GOTO   3EB
03ED:  MOVWF  19
....................          PUTC('.'); 
03EE:  MOVLW  2E
03EF:  BTFSS  0C.4
03F0:  GOTO   3EF
03F1:  MOVWF  19
....................          PUTC(B[1]|0x30); 
03F2:  MOVF   3C,W
03F3:  IORLW  30
03F4:  MOVWF  3F
03F5:  MOVF   3F,W
03F6:  BTFSS  0C.4
03F7:  GOTO   3F6
03F8:  MOVWF  19
....................          PUTC(B[0]|0x30); 
03F9:  MOVF   3B,W
03FA:  IORLW  30
03FB:  MOVWF  3F
03FC:  MOVF   3F,W
03FD:  BTFSS  0C.4
03FE:  GOTO   3FD
03FF:  MOVWF  19
....................          PUTC('#'); 
0400:  MOVLW  23
0401:  BTFSS  0C.4
0402:  GOTO   401
0403:  MOVWF  19
....................           
....................          command(0xC0); 
0404:  MOVLW  C0
0405:  MOVWF  46
0406:  CALL   0C2
....................          data("BATTERY2 :"); 
0407:  CLRF   3F
0408:  MOVF   3F,W
0409:  CALL   07E
040A:  IORLW  00
040B:  BTFSC  03.2
040C:  GOTO   411
040D:  INCF   3F,F
040E:  MOVWF  47
040F:  CALL   0CC
0410:  GOTO   408
....................          display(value6); 
0411:  MOVF   34,W
0412:  MOVWF  40
0413:  MOVF   33,W
0414:  MOVWF  3F
0415:  CALL   0FC
....................          PUTC('*'); 
0416:  MOVLW  2A
0417:  BTFSS  0C.4
0418:  GOTO   417
0419:  MOVWF  19
....................          PUTC('B'); 
041A:  MOVLW  42
041B:  BTFSS  0C.4
041C:  GOTO   41B
041D:  MOVWF  19
....................          PUTC('2'); 
041E:  MOVLW  32
041F:  BTFSS  0C.4
0420:  GOTO   41F
0421:  MOVWF  19
....................          PUTC(B[3]|0x30); 
0422:  MOVF   3E,W
0423:  IORLW  30
0424:  MOVWF  3F
0425:  MOVF   3F,W
0426:  BTFSS  0C.4
0427:  GOTO   426
0428:  MOVWF  19
....................          PUTC(B[2]|0x30); 
0429:  MOVF   3D,W
042A:  IORLW  30
042B:  MOVWF  3F
042C:  MOVF   3F,W
042D:  BTFSS  0C.4
042E:  GOTO   42D
042F:  MOVWF  19
....................          PUTC('.'); 
0430:  MOVLW  2E
0431:  BTFSS  0C.4
0432:  GOTO   431
0433:  MOVWF  19
....................          PUTC(B[1]|0x30); 
0434:  MOVF   3C,W
0435:  IORLW  30
0436:  MOVWF  3F
0437:  MOVF   3F,W
0438:  BTFSS  0C.4
0439:  GOTO   438
043A:  MOVWF  19
....................          PUTC(B[0]|0x30); 
043B:  MOVF   3B,W
043C:  IORLW  30
043D:  MOVWF  3F
043E:  MOVF   3F,W
043F:  BTFSS  0C.4
0440:  GOTO   43F
0441:  MOVWF  19
....................           PUTC('#'); 
0442:  MOVLW  23
0443:  BTFSS  0C.4
0444:  GOTO   443
0445:  MOVWF  19
....................           
....................          command(0xcc); 
0446:  MOVLW  CC
0447:  MOVWF  46
0448:  CALL   0C2
....................          data('.'); 
0449:  MOVLW  2E
044A:  MOVWF  47
044B:  CALL   0CC
....................       } 
....................  
....................     if((value1>value2) && (value1>value3) && (value1>value4) && (LDR1_FLAG==0)) 
044C:  MOVF   2C,W
044D:  SUBWF  2A,W
044E:  BTFSS  03.0
044F:  GOTO   496
0450:  BTFSS  03.2
0451:  GOTO   456
0452:  MOVF   29,W
0453:  SUBWF  2B,W
0454:  BTFSC  03.0
0455:  GOTO   496
0456:  MOVF   2E,W
0457:  SUBWF  2A,W
0458:  BTFSS  03.0
0459:  GOTO   496
045A:  BTFSS  03.2
045B:  GOTO   460
045C:  MOVF   29,W
045D:  SUBWF  2D,W
045E:  BTFSC  03.0
045F:  GOTO   496
0460:  MOVF   30,W
0461:  SUBWF  2A,W
0462:  BTFSS  03.0
0463:  GOTO   496
0464:  BTFSS  03.2
0465:  GOTO   46A
0466:  MOVF   29,W
0467:  SUBWF  2F,W
0468:  BTFSC  03.0
0469:  GOTO   496
046A:  BTFSC  39.1
046B:  GOTO   496
....................      { 
....................          IF(LDR2_FLAG==1) 
046C:  BTFSS  39.2
046D:  GOTO   479
....................          { 
....................          REVERSE=1; 
046E:  BSF    06.1
....................          FORWARD=0; 
046F:  BCF    06.0
....................  
....................          DELAY_MS(500); 
0470:  MOVLW  02
0471:  MOVWF  3F
0472:  MOVLW  FA
0473:  MOVWF  48
0474:  CALL   0AF
0475:  DECFSZ 3F,F
0476:  GOTO   472
....................          REVERSE=0; 
0477:  BCF    06.1
....................          } 
....................          ELSE IF(LDR3_FLAG==1) 
0478:  GOTO   492
0479:  BTFSS  39.3
047A:  GOTO   486
....................          { 
....................          FORWARD=1; 
047B:  BSF    06.0
....................          REVERSE=0; 
047C:  BCF    06.1
....................          DELAY_MS(1000); 
047D:  MOVLW  04
047E:  MOVWF  3F
047F:  MOVLW  FA
0480:  MOVWF  48
0481:  CALL   0AF
0482:  DECFSZ 3F,F
0483:  GOTO   47F
....................           FORWARD=0; 
0484:  BCF    06.0
....................          } 
....................          ELSE IF(LDR4_FLAG==1) 
0485:  GOTO   492
0486:  BTFSS  39.4
0487:  GOTO   492
....................          { 
....................          FORWARD=1; 
0488:  BSF    06.0
....................          REVERSE=0; 
0489:  BCF    06.1
....................          DELAY_MS(500); 
048A:  MOVLW  02
048B:  MOVWF  3F
048C:  MOVLW  FA
048D:  MOVWF  48
048E:  CALL   0AF
048F:  DECFSZ 3F,F
0490:  GOTO   48C
....................          FORWARD=0; 
0491:  BCF    06.0
....................          } 
....................          LDR1_FLAG=1; 
0492:  BSF    39.1
....................          LDR2_FLAG=0; 
0493:  BCF    39.2
....................          LDR3_FLAG=0; 
0494:  BCF    39.3
....................          LDR4_FLAG=0; 
0495:  BCF    39.4
....................     } 
....................  
....................  
....................     if((value2>value1) && (value2>value3) && (value2>value4) && (LDR2_FLAG==0)) 
0496:  MOVF   2A,W
0497:  SUBWF  2C,W
0498:  BTFSS  03.0
0499:  GOTO   4E0
049A:  BTFSS  03.2
049B:  GOTO   4A0
049C:  MOVF   2B,W
049D:  SUBWF  29,W
049E:  BTFSC  03.0
049F:  GOTO   4E0
04A0:  MOVF   2E,W
04A1:  SUBWF  2C,W
04A2:  BTFSS  03.0
04A3:  GOTO   4E0
04A4:  BTFSS  03.2
04A5:  GOTO   4AA
04A6:  MOVF   2B,W
04A7:  SUBWF  2D,W
04A8:  BTFSC  03.0
04A9:  GOTO   4E0
04AA:  MOVF   30,W
04AB:  SUBWF  2C,W
04AC:  BTFSS  03.0
04AD:  GOTO   4E0
04AE:  BTFSS  03.2
04AF:  GOTO   4B4
04B0:  MOVF   2B,W
04B1:  SUBWF  2F,W
04B2:  BTFSC  03.0
04B3:  GOTO   4E0
04B4:  BTFSC  39.2
04B5:  GOTO   4E0
....................      { 
....................          IF(LDR3_FLAG==1) 
04B6:  BTFSS  39.3
04B7:  GOTO   4C3
....................          { 
....................          REVERSE=1; 
04B8:  BSF    06.1
....................          FORWARD=0; 
04B9:  BCF    06.0
....................          DELAY_MS(500); 
04BA:  MOVLW  02
04BB:  MOVWF  3F
04BC:  MOVLW  FA
04BD:  MOVWF  48
04BE:  CALL   0AF
04BF:  DECFSZ 3F,F
04C0:  GOTO   4BC
....................          REVERSE=0; 
04C1:  BCF    06.1
....................          } 
....................          ELSE IF(LDR4_FLAG==1) 
04C2:  GOTO   4DC
04C3:  BTFSS  39.4
04C4:  GOTO   4D0
....................          { 
....................          FORWARD=1; 
04C5:  BSF    06.0
....................          REVERSE=0; 
04C6:  BCF    06.1
....................          DELAY_MS(1000); 
04C7:  MOVLW  04
04C8:  MOVWF  3F
04C9:  MOVLW  FA
04CA:  MOVWF  48
04CB:  CALL   0AF
04CC:  DECFSZ 3F,F
04CD:  GOTO   4C9
....................          FORWARD=0; 
04CE:  BCF    06.0
....................          } 
....................          ELSE IF(LDR1_FLAG==1) 
04CF:  GOTO   4DC
04D0:  BTFSS  39.1
04D1:  GOTO   4DC
....................          { 
....................          FORWARD=1; 
04D2:  BSF    06.0
....................          REVERSE=0; 
04D3:  BCF    06.1
....................          DELAY_MS(500); 
04D4:  MOVLW  02
04D5:  MOVWF  3F
04D6:  MOVLW  FA
04D7:  MOVWF  48
04D8:  CALL   0AF
04D9:  DECFSZ 3F,F
04DA:  GOTO   4D6
....................          FORWARD=0; 
04DB:  BCF    06.0
....................          } 
....................          LDR1_FLAG=0; 
04DC:  BCF    39.1
....................          LDR2_FLAG=1; 
04DD:  BSF    39.2
....................          LDR3_FLAG=0; 
04DE:  BCF    39.3
....................          LDR4_FLAG=0; 
04DF:  BCF    39.4
....................      } 
....................  
....................  
....................  
....................     if((value3>value1) && (value3>value2) && (value3>value4) && (LDR3_FLAG==0)) 
04E0:  MOVF   2A,W
04E1:  SUBWF  2E,W
04E2:  BTFSS  03.0
04E3:  GOTO   52A
04E4:  BTFSS  03.2
04E5:  GOTO   4EA
04E6:  MOVF   2D,W
04E7:  SUBWF  29,W
04E8:  BTFSC  03.0
04E9:  GOTO   52A
04EA:  MOVF   2C,W
04EB:  SUBWF  2E,W
04EC:  BTFSS  03.0
04ED:  GOTO   52A
04EE:  BTFSS  03.2
04EF:  GOTO   4F4
04F0:  MOVF   2D,W
04F1:  SUBWF  2B,W
04F2:  BTFSC  03.0
04F3:  GOTO   52A
04F4:  MOVF   30,W
04F5:  SUBWF  2E,W
04F6:  BTFSS  03.0
04F7:  GOTO   52A
04F8:  BTFSS  03.2
04F9:  GOTO   4FE
04FA:  MOVF   2D,W
04FB:  SUBWF  2F,W
04FC:  BTFSC  03.0
04FD:  GOTO   52A
04FE:  BTFSC  39.3
04FF:  GOTO   52A
....................      { 
....................          IF(LDR4_FLAG==1) 
0500:  BTFSS  39.4
0501:  GOTO   50D
....................          { 
....................          REVERSE=1; 
0502:  BSF    06.1
....................          FORWARD=0; 
0503:  BCF    06.0
....................          DELAY_MS(500); 
0504:  MOVLW  02
0505:  MOVWF  3F
0506:  MOVLW  FA
0507:  MOVWF  48
0508:  CALL   0AF
0509:  DECFSZ 3F,F
050A:  GOTO   506
....................          REVERSE=0; 
050B:  BCF    06.1
....................          } 
....................          ELSE IF(LDR1_FLAG==1) 
050C:  GOTO   526
050D:  BTFSS  39.1
050E:  GOTO   51A
....................          { 
....................          FORWARD=1; 
050F:  BSF    06.0
....................          REVERSE=0; 
0510:  BCF    06.1
....................          DELAY_MS(1000); 
0511:  MOVLW  04
0512:  MOVWF  3F
0513:  MOVLW  FA
0514:  MOVWF  48
0515:  CALL   0AF
0516:  DECFSZ 3F,F
0517:  GOTO   513
....................          FORWARD=0; 
0518:  BCF    06.0
....................          } 
....................          ELSE IF(LDR2_FLAG==1) 
0519:  GOTO   526
051A:  BTFSS  39.2
051B:  GOTO   526
....................          { 
....................          FORWARD=1; 
051C:  BSF    06.0
....................          REVERSE=0; 
051D:  BCF    06.1
....................          DELAY_MS(500); 
051E:  MOVLW  02
051F:  MOVWF  3F
0520:  MOVLW  FA
0521:  MOVWF  48
0522:  CALL   0AF
0523:  DECFSZ 3F,F
0524:  GOTO   520
....................          FORWARD=0; 
0525:  BCF    06.0
....................          } 
....................          LDR1_FLAG=0; 
0526:  BCF    39.1
....................          LDR2_FLAG=0; 
0527:  BCF    39.2
....................          LDR3_FLAG=1; 
0528:  BSF    39.3
....................          LDR4_FLAG=0; 
0529:  BCF    39.4
....................     } 
....................  
....................  
.................... if((value4>value1) && (value4>value2) && (value4>value3) && (LDR4_FLAG==0)) 
052A:  MOVF   2A,W
052B:  SUBWF  30,W
052C:  BTFSS  03.0
052D:  GOTO   574
052E:  BTFSS  03.2
052F:  GOTO   534
0530:  MOVF   2F,W
0531:  SUBWF  29,W
0532:  BTFSC  03.0
0533:  GOTO   574
0534:  MOVF   2C,W
0535:  SUBWF  30,W
0536:  BTFSS  03.0
0537:  GOTO   574
0538:  BTFSS  03.2
0539:  GOTO   53E
053A:  MOVF   2F,W
053B:  SUBWF  2B,W
053C:  BTFSC  03.0
053D:  GOTO   574
053E:  MOVF   2E,W
053F:  SUBWF  30,W
0540:  BTFSS  03.0
0541:  GOTO   574
0542:  BTFSS  03.2
0543:  GOTO   548
0544:  MOVF   2F,W
0545:  SUBWF  2D,W
0546:  BTFSC  03.0
0547:  GOTO   574
0548:  BTFSC  39.4
0549:  GOTO   574
....................      { 
....................          IF(LDR1_FLAG==1) 
054A:  BTFSS  39.1
054B:  GOTO   557
....................          { 
....................          REVERSE=1; 
054C:  BSF    06.1
....................          FORWARD=0; 
054D:  BCF    06.0
....................          DELAY_MS(500); 
054E:  MOVLW  02
054F:  MOVWF  3F
0550:  MOVLW  FA
0551:  MOVWF  48
0552:  CALL   0AF
0553:  DECFSZ 3F,F
0554:  GOTO   550
....................          REVERSE=0; 
0555:  BCF    06.1
....................          } 
....................          ELSE IF(LDR2_FLAG==1) 
0556:  GOTO   570
0557:  BTFSS  39.2
0558:  GOTO   564
....................          { 
....................          FORWARD=1; 
0559:  BSF    06.0
....................          REVERSE=0; 
055A:  BCF    06.1
....................          DELAY_MS(1000); 
055B:  MOVLW  04
055C:  MOVWF  3F
055D:  MOVLW  FA
055E:  MOVWF  48
055F:  CALL   0AF
0560:  DECFSZ 3F,F
0561:  GOTO   55D
....................          FORWARD=0; 
0562:  BCF    06.0
....................          } 
....................          ELSE IF(LDR3_FLAG==1) 
0563:  GOTO   570
0564:  BTFSS  39.3
0565:  GOTO   570
....................          { 
....................          FORWARD=1; 
0566:  BSF    06.0
....................          REVERSE=0; 
0567:  BCF    06.1
....................          DELAY_MS(500); 
0568:  MOVLW  02
0569:  MOVWF  3F
056A:  MOVLW  FA
056B:  MOVWF  48
056C:  CALL   0AF
056D:  DECFSZ 3F,F
056E:  GOTO   56A
....................          FORWARD=0; 
056F:  BCF    06.0
....................          } 
....................          LDR1_FLAG=0; 
0570:  BCF    39.1
....................          LDR2_FLAG=0; 
0571:  BCF    39.2
....................          LDR3_FLAG=0; 
0572:  BCF    39.3
....................          LDR4_FLAG=1; 
0573:  BSF    39.4
....................      } 
....................  
....................       if(((value5)+50) > (value6)) 
0574:  MOVLW  32
0575:  ADDWF  31,W
0576:  MOVWF  3F
0577:  MOVF   32,W
0578:  MOVWF  40
0579:  BTFSC  03.0
057A:  INCF   40,F
057B:  MOVF   34,W
057C:  SUBWF  40,W
057D:  BTFSS  03.0
057E:  GOTO   587
057F:  BTFSS  03.2
0580:  GOTO   585
0581:  MOVF   3F,W
0582:  SUBWF  33,W
0583:  BTFSC  03.0
0584:  GOTO   587
....................       { 
....................          relay1=1; 
0585:  BSF    06.4
....................          relay2=0; 
0586:  BCF    06.5
....................       } 
....................  
....................       if(((value6)+50) > (value5)) 
0587:  MOVLW  32
0588:  ADDWF  33,W
0589:  MOVWF  3F
058A:  MOVF   34,W
058B:  MOVWF  40
058C:  BTFSC  03.0
058D:  INCF   40,F
058E:  MOVF   32,W
058F:  SUBWF  40,W
0590:  BTFSS  03.0
0591:  GOTO   59A
0592:  BTFSS  03.2
0593:  GOTO   598
0594:  MOVF   3F,W
0595:  SUBWF  31,W
0596:  BTFSC  03.0
0597:  GOTO   59A
....................       { 
....................          relay1=0; 
0598:  BCF    06.4
....................          relay2=1; 
0599:  BSF    06.5
....................       } 
....................  
....................    } 
059A:  GOTO   1E0
.................... } 
....................  
.................... void display(unsigned int16 n) 
.................... { 
059B:  SLEEP
....................    int i = 0; 
*
00FC:  CLRF   41
....................    int a[4]; 
....................  
....................    for(i=0;i<=3;i++) 
00FD:  CLRF   41
00FE:  MOVF   41,W
00FF:  SUBLW  03
0100:  BTFSS  03.0
0101:  GOTO   12A
....................    { 
....................       a[i]=n%10; 
0102:  MOVLW  42
0103:  ADDWF  41,W
0104:  MOVWF  04
0105:  MOVF   40,W
0106:  MOVWF  48
0107:  MOVF   3F,W
0108:  MOVWF  47
0109:  CLRF   4A
010A:  MOVLW  0A
010B:  MOVWF  49
010C:  CALL   0D6
010D:  MOVF   77,W
010E:  MOVWF  00
....................       B[I] = n%10; 
010F:  MOVLW  3B
0110:  ADDWF  41,W
0111:  MOVWF  04
0112:  MOVF   40,W
0113:  MOVWF  48
0114:  MOVF   3F,W
0115:  MOVWF  47
0116:  CLRF   4A
0117:  MOVLW  0A
0118:  MOVWF  49
0119:  CALL   0D6
011A:  MOVF   77,W
011B:  MOVWF  00
....................       n=n/10; 
011C:  MOVF   40,W
011D:  MOVWF  48
011E:  MOVF   3F,W
011F:  MOVWF  47
0120:  CLRF   4A
0121:  MOVLW  0A
0122:  MOVWF  49
0123:  CALL   0D6
0124:  MOVF   79,W
0125:  MOVWF  40
0126:  MOVF   78,W
0127:  MOVWF  3F
....................    } 
0128:  INCF   41,F
0129:  GOTO   0FE
....................  
....................    data(a[3]|0x30); 
012A:  MOVF   45,W
012B:  IORLW  30
012C:  MOVWF  46
012D:  MOVWF  47
012E:  CALL   0CC
....................    data(a[2]|0x30); 
012F:  MOVF   44,W
0130:  IORLW  30
0131:  MOVWF  46
0132:  MOVWF  47
0133:  CALL   0CC
....................    data(a[1]|0x30); 
0134:  MOVF   43,W
0135:  IORLW  30
0136:  MOVWF  46
0137:  MOVWF  47
0138:  CALL   0CC
....................    data(a[0]|0x30); 
0139:  MOVF   42,W
013A:  IORLW  30
013B:  MOVWF  46
013C:  MOVWF  47
013D:  CALL   0CC
....................  
....................    if(z==0) 
013E:  MOVF   3A,F
013F:  BTFSS  03.2
0140:  GOTO   14D
....................    { 
....................    command(0x8c); 
0141:  MOVLW  8C
0142:  MOVWF  46
0143:  CALL   0C2
....................    data('.'); 
0144:  MOVLW  2E
0145:  MOVWF  47
0146:  CALL   0CC
....................    command(0xcc); 
0147:  MOVLW  CC
0148:  MOVWF  46
0149:  CALL   0C2
....................    data('.'); 
014A:  MOVLW  2E
014B:  MOVWF  47
014C:  CALL   0CC
....................    } 
....................    //data(' '); 
....................    delay_ms(100); 
014D:  MOVLW  64
014E:  MOVWF  48
014F:  CALL   0AF
.................... } 
0150:  RETLW  00
....................  

Configuration Fuses:
   Word  1: 3F72   HS NOWDT PUT NODEBUG NOPROTECT BROWNOUT NOLVP NOCPD NOWRT
