
ROM used: 441 (5%)
          441 (5%) including unused fragments

          1 Average locations per line
          5 Average locations per statement

RAM used: 8 (5%) at main() level
          10 (6%) worst case

Lines Stmts  %   Files
----- ----- ---  -----
  137    90 100  E:\Ganesh Potti\Ganesh Projects\SERVO_MOTOR_VTS-08A\SERVO.c
  306     0   0  C:\Program Files\PICC\devices\16F877A.H
----- -----
  886   180 Total

Page ROM  %  RAM  Functions:
---- --- --- ---  ----------
0     19   4   1  @delay_ms1
0     22   5   1  @delay_us1
0     10   2   1  COMMAND
0     10   2   1  DATA
0    265  60   1  MAIN
0     16   4   0  @const10031
0     20   5   0  @const10036
0     14   3   0  @const10077
0     14   3   0  @const10082
0     19   4   0  @const10095
0     13   3   0  @const10100
0     15   3   0  @const10117

 Segment   Used  Free
---------  ----  ----
00000-00003     4  0  
00004-007FF   437  1607  
00800-00FFF     0  2048  
01000-017FF     0  2048  
01800-01FFF     0  2048  

