
ROM used: 963 (12%)
          963 (12%) including unused fragments

          2 Average locations per line
          7 Average locations per statement

RAM used: 43 (25%) at main() level
          56 (32%) worst case

Lines Stmts  %   Files
----- ----- ---  -----
  274   136 100  C:\Users\GRT EMBEDDED\Desktop\Induction motor\final.c
  306     0   0  C:\Program Files\PICC\devices\16F877A.H
----- -----
 1160   272 Total

Page ROM  %  RAM  Functions:
---- --- --- ---  ----------
0     19   2   1  @delay_ms1
0     10   1   1  command
0     10   1   1  data
0     12   1   0  timer0_isr
0    387  40   1  MAIN
0     20   2   0  @const10045
0     20   2   0  @const10050
0      7   1   0  @const10059
0      6   1   0  @const10064
0      7   1   0  @const10069
0     13   1   0  @const10083
0     14   1   0  @const10101
0     32   3   2  @ITOF
0    120  12  13  @MULFF
0     34   4   4  @SFTOI
0     21   2   0  @const10157
0     21   2   0  @const10162
0     56   6   9  display_num
0     38   4   5  @DIV1616
0     65   7   8  rpm

 Segment   Used  Free
---------  ----  ----
00000-00003     4  0  
00004-00032    47  0  
00033-007FF   912  1085  
00800-00FFF     0  2048  
01000-017FF     0  2048  
01800-01FFF     0  2048  

