
ROM used: 876 (11%)
          876 (11%) including unused fragments

          1 Average locations per line
          6 Average locations per statement

RAM used: 32 (18%) at main() level
          41 (23%) worst case

Lines Stmts  %   Files
----- ----- ---  -----
  357   145 100  E:\Ganesh Potti\Ganesh Projects\Engineers Projects\final simulation\pro.c
  306     0   0  C:\Program Files\PICC\devices\16F877A.h
----- -----
 1326   290 Total

Page ROM  %  RAM  Functions:
---- --- --- ---  ----------
0     19   2   1  @delay_ms1
0     10   1   1  command
0     10   1   1  data
0     11   1   0  TIMER0_isr
0    602  69   4  main
0     19   2   0  @const10047
0      8   1   0  @const10095
0      8   1   0  @const10100
0      8   1   0  @const10105
0      8   1   0  @const10110
0     15   2   0  @const10118
0     15   2   0  @const10123
0     54   6   8  display
0     38   4   5  @DIV1616

 Segment   Used  Free
---------  ----  ----
00000-00003     4  0  
00004-00032    47  0  
00033-007FF   825  1172  
00800-00FFF     0  2048  
01000-017FF     0  2048  
01800-01FFF     0  2048  

