
ROM used: 3405 (42%)
          3910 (48%) including unused fragments

          4 Average locations per line
          7 Average locations per statement

RAM used: 66 (38%) at main() level
          78 (45%) worst case

Lines Stmts  %   Files
----- ----- ---  -----
  590   488 100  E:\Ganesh Potti\Ganesh Projects\Engineers Projects\universal atm\Universal_final_1(17-03-14)\final_(17-03-14).c
  306     0   0  C:\Program Files\PICC\devices\16F877A.h
----- -----
 1792   976 Total

Page ROM  %  RAM  Functions:
---- --- --- ---  ----------
0     19   1   1  @delay_ms1
0     12   0   0  @GETCH_BIU_1
0     86   3   1  rb_isr
0     40   1   2  rda_isr
0     16   0   1  command
0     16   0   1  data
1   1862  55   5  main
0     22   1   0  @const10172
0     24   1   0  @const10177
0     21   1   5  @MUL1616
0     37   1   2  @MUL88
0      9   0   0  @const10209
0     15   0   0  @const10214
0      9   0   0  @const10219
0     12   0   0  @const10224
0      9   0   0  @const10229
0     12   0   0  @const10234
0      9   0   0  @const10239
0     11   0   0  @const10244
0      9   0   0  @const10249
0     10   0   0  @const10254
0     21   1   0  @const10288
0     21   1   0  @const10300
0     18   1   0  @const10333
0     19   1   0  @const10338
0     19   1   0  @const10350
0     19   1   0  @const10355
0     25   1   0  @const10388
0     18   1   0  @const10393
0     23   1   0  @const10398
0     20   1   0  @const10403
0     20   1   0  @const10421
0     20   1   0  @const10431
0     20   1   0  @const10464
0     18   1   0  @const10469
0     18   1   0  @const10486
0     11   0   0  @const10498
0      9   0   0  @const10503
0      8   0   0  @const10508
0      7   0   0  @const10513
0      8   0   0  @const10518
0     23   1   0  @const10539
0     21   1   0  @const10544
0     22   1   0  @const10577
0     18   1   0  @const10582
0     20   1   0  @const10597
0    248   7   5  withdrawal_amount
0     18   1   0  @const10673
0     19   1   0  @const10687
0    231   7   5  deposite_amount
0     85   2   5  display
0     38   1   5  @DIV1616

 Segment   Used  Free
---------  ----  ----
00000-00003     4  0  
00004-0003B    56  0  
0003C-007FF  1483  505  
00800-00FFF  1862  186  
01000-017FF     0  2048  
01800-01FFF     0  2048  

