
ROM used: 1175 (14%)
          1175 (14%) including unused fragments

          2 Average locations per line
          7 Average locations per statement

RAM used: 39 (22%) at main() level
          54 (31%) worst case

Lines Stmts  %   Files
----- ----- ---  -----
  413   166 100  E:\Ganesh Potti\Ganesh Projects\Engineers Projects\SOLAR TRACKING\Solar.c
  306     0   0  C:\Program Files\PICC\devices\16F877A.h
----- -----
 1438   332 Total

Page ROM  %  RAM  Functions:
---- --- --- ---  ----------
0     19   2   1  @delay_ms1
0     24   2   1  timer0_isr
0      8   1   0  @const10038
0     10   1   1  command
0     10   1   1  data
0    545  46   1  main
0     19   2   0  @const10058
0    105   9   8  display1
0     38   3   5  @DIV1616
0      8   1   0  @const10192
0    105   9   8  display2
0      7   1   0  @const10208
0    105   9   8  display3
0      8   1   0  @const10224
0    105   9   8  display4
0      8   1   0  @const10240

 Segment   Used  Free
---------  ----  ----
00000-00003     4  0  
00004-00032    47  0  
00033-007FF  1124  873  
00800-00FFF     0  2048  
01000-017FF     0  2048  
01800-01FFF     0  2048  

