
ROM used: 1093 (13%)
          1093 (13%) including unused fragments

          2 Average locations per line
          6 Average locations per statement

RAM used: 33 (19%) at main() level
          45 (26%) worst case

Lines Stmts  %   Files
----- ----- ---  -----
  313   187 100  E:\Ganesh Potti\Ganesh Projects\Engineers Projects\Smart school management system_Mahgaraj\solar tracking.c
  306     0   0  C:\Program Files\PICC\devices\16f877a.h
----- -----
 1238   374 Total

Page ROM  %  RAM  Functions:
---- --- --- ---  ----------
0     19   2   1  @delay_ms1
0     40   4   1  RB_ISR
0     11   1   0  TIMER0_isr
0     10   1   1  command
0     10   1   1  data
0    558  51   2  main
0     19   2   0  @const10079
0     32   3   2  @ITOF
0    120  11  13  @MULFF
0     34   3   4  @SFTOI
0      8   1   0  @const10142
0      8   1   0  @const10147
0     14   1   0  @const10157
0     14   1   0  @const10162
0      8   1   0  @const10170
0      8   1   0  @const10179
0     84   8   8  display
0     38   3   5  @DIV1616

 Segment   Used  Free
---------  ----  ----
00000-00003     4  0  
00004-00039    54  0  
0003A-007FF  1035  955  
00800-00FFF     0  2048  
01000-017FF     0  2048  
01800-01FFF     0  2048  

