
ROM used: 522 (6%)
          522 (6%) including unused fragments

          1 Average locations per line
          6 Average locations per statement

RAM used: 20 (11%) at main() level
          32 (18%) worst case

Lines Stmts  %   Files
----- ----- ---  -----
  169    93 100  C:\Users\GRT EMBEDDED\Desktop\flow meter\flow meter.c
  306     0   0  C:\Program Files\PICC\devices\16f877a.h
----- -----
  950   186 Total

Page ROM  %  RAM  Functions:
---- --- --- ---  ----------
0     19   4   1  @delay_ms1
0     18   3   0  timer0_isr
0     10   2   1  command
0     10   2   1  data
0    152  29   1  main
0     15   3   0  @const10053
0     14   3   0  @const10062
0     14   3   0  @const10068
0     51  10   5  display_mint
0     21   4   3  @DIV88
0      6   1   0  @const10100
0     41   8   5  display_sec
0     62  12   8  display
0     38   7   5  @DIV1616

 Segment   Used  Free
---------  ----  ----
00000-00003     4  0  
00004-00032    47  0  
00033-007FF   471  1526  
00800-00FFF     0  2048  
01000-017FF     0  2048  
01800-01FFF     0  2048  

