CCS PCM C Compiler, Version 3.249, 33340               03-Oct-13 15:28

               Filename: I:\WELCOME BACK GK\Confidential\R & D division\ROBO KIT(pic16f876a)\PROGRAMS\LED\LED.lst

               ROM used: 46 words (1%)
                         Largest free fragment is 2048
               RAM used: 5 (3%) at main() level
                         6 (3%) worst case
               Stack:    1 locations

*
0000:  MOVLW  00
0001:  MOVWF  0A
0002:  GOTO   017
0003:  NOP
.................... /////////////////////////////////////////////////////////////////////////////// 
.................... /////////////////////////////////////////////////////////////////////////////// 
.................... /////////////////////////////////////////////////////////////////////////////// 
.................... ////////////// ************* GRT EMBEDDED SOLUITIONS ************ ///////////// 
.................... //***************************************************************************// 
....................              //THIS PROGRAM IS DEVELOPED USING CCS COMPILER DEMO VERSION// 
.................... //***************************************************************************/// 
.................... //////////////////////////////////////////////////////////////////////////////// 
....................  
....................  
.................... #INCLUDE<16F876A.H>                          ////////////// HEADER FILE///////// 
.................... //////// Standard Header file for the PIC16F876A device //////////////// 
.................... #device PIC16F876A 
.................... #list 
....................  
.................... #USE DELAY(CLOCK=11059200)                   /// DELAY FUNCTION (PRE DEFINED) // 
0004:  MOVLW  21
0005:  MOVWF  04
0006:  MOVF   00,W
0007:  BTFSC  03.2
0008:  GOTO   016
0009:  MOVLW  03
000A:  MOVWF  78
000B:  CLRF   77
000C:  DECFSZ 77,F
000D:  GOTO   00C
000E:  DECFSZ 78,F
000F:  GOTO   00B
0010:  MOVLW  95
0011:  MOVWF  77
0012:  DECFSZ 77,F
0013:  GOTO   012
0014:  DECFSZ 00,F
0015:  GOTO   009
0016:  RETLW  00
....................  
....................  
.................... //////////////////////////////////////////////// 
.................... //////////////////////////////////////////////// 
.................... ///////  REFERING THE REGISTER ADDRESS ///////// 
.................... //////////////////////////////////////////////// 
.................... //////////////////////////////////////////////// 
....................  
.................... #BYTE TRISA=0X85 
.................... #BYTE TRISB=0X86 
.................... #BYTE TRISC=0X87 
....................  
.................... #BYTE PORTA=0X05 
.................... #BYTE PORTB=0X06 
.................... #BYTE PORTC=0X07 
....................  
.................... //////////////////////////////////////////////// 
.................... //////////////////////////////////////////////// 
.................... ///////  LED PIN ON THE ROBO KIT       ///////// 
.................... //////////////////////////////////////////////// 
.................... //////////////////////////////////////////////// 
....................  
.................... #BIT LED=PORTB.0 
....................  
....................  
.................... //////////////////////////////////////////////// 
.................... //////////////////////////////////////////////// 
.................... ///////          MAIN PROGRAM          ///////// 
.................... //////////////////////////////////////////////// 
.................... //////////////////////////////////////////////// 
....................  
....................  
.................... VOID MAIN() 
.................... { 
0017:  CLRF   04
0018:  MOVLW  1F
0019:  ANDWF  03,F
001A:  BSF    03.5
001B:  BSF    1F.0
001C:  BSF    1F.1
001D:  BSF    1F.2
001E:  BCF    1F.3
001F:  MOVLW  07
0020:  MOVWF  1C
....................          //76543210// RESPECTIVE PINS IN THE PORT// 0B REFERS TO BINARY// 0X REFERS TO HEX 
....................    TRISB=0B00000000;                      /// PIN 0 IS REQUIRED TO BE O/P, HERE ALL ARE O/P 
0021:  CLRF   06
....................    PORTB=0B00000000;                      // INITILA STATUS OF PIN IS MADE TO BE 0 
0022:  BCF    03.5
0023:  CLRF   06
....................  
....................    WHILE(1) 
....................    { 
....................  
.................... //////////////////////////////////////////////// 
.................... //////////////////////////////////////////////// 
.................... ///////          LED BLINKING          ///////// 
.................... //////////////////////////////////////////////// 
.................... //////////////////////////////////////////////// 
....................       LED=1; 
0024:  BSF    06.0
....................       DELAY_MS(100);////////////////////////INBUILT DELAY FUNCTION, MS REFERS TO MILLI SECONDS 
0025:  MOVLW  64
0026:  MOVWF  21
0027:  CALL   004
....................       LED=0;         ////////////////////////WE CAN ASLO REFER IN MICRO SECONDS USING US 
0028:  BCF    06.0
....................       DELAY_MS(100); 
0029:  MOVLW  64
002A:  MOVWF  21
002B:  CALL   004
....................    } 
002C:  GOTO   024
.................... } 
....................  
002D:  SLEEP
