
ROM used: 46 (1%)
          46 (1%) including unused fragments

          0 Average locations per line
          6 Average locations per statement

RAM used: 5 (3%) at main() level
          6 (3%) worst case

Lines Stmts  %   Files
----- ----- ---  -----
   66     8 100  I:\WELCOME BACK GK\Confidential\R & D division\ROBO KIT(pic16f876a)\PROGRAMS\LED\LED.c
  270     0   0  C:\Program Files (x86)\PICC\devices\16F876A.H
----- -----
  672    16 Total

Page ROM  %  RAM  Functions:
---- --- --- ---  ----------
0     19  41   1  @delay_ms1
0     23  50   0  MAIN

 Segment   Used  Free
---------  ----  ----
00000-00003     4  0  
00004-007FF    42  2002  
00800-00FFF     0  2048  
01000-017FF     0  2048  
01800-01FFF     0  2048  

