
ROM used: 709 (9%)
          709 (9%) including unused fragments

          2 Average locations per line
          9 Average locations per statement

RAM used: 28 (16%) at main() level
          31 (18%) worst case

Lines Stmts  %   Files
----- ----- ---  -----
  155    79 100  E:\Ganesh Potti\Ganesh Projects\Engineers Projects\Smart School Management system using rfid\school management system.c
  306     0   0  C:\Program Files\PICC\devices\16f877a.h
----- -----
  922   158 Total

Page ROM  %  RAM  Functions:
---- --- --- ---  ----------
0     19   3   1  @delay_ms1
0     10   1   1  command
0     10   1   1  data
0     18   3   1  rda_isr
0    281  40   1  main
0     14   2   0  @const10047
0     22   3   0  @const10056
0     14   2   0  @const10065
0     11   2   0  @const10074
0     13   2   0  @const10080
0     18   3   0  @const10098
0     21   3   0  @const10103
0     23   3   0  @const10121
0     66   9   2  gsm
0     25   4   0  @const10135
0     25   4   0  @const10144
0     66   9   2  gsm1

 Segment   Used  Free
---------  ----  ----
00000-00003     4  0  
00004-00034    49  0  
00035-007FF   656  1339  
00800-00FFF     0  2048  
01000-017FF     0  2048  
01800-01FFF     0  2048  

