
ROM used: 414 (5%)
          414 (5%) including unused fragments

          1 Average locations per line
          5 Average locations per statement

RAM used: 13 (7%) at main() level
          13 (7%) worst case

Lines Stmts  %   Files
----- ----- ---  -----
  147    77 100  E:\Ganesh Potti\Ganesh Projects\Engineers Projects\Solar Tracking Simulation M.E\Prog.c
  306     0   0  C:\Program Files\PICC\devices\16f877a.h
----- -----
  906   154 Total

Page ROM  %  RAM  Functions:
---- --- --- ---  ----------
0     19   5   1  @delay_ms1
0     10   2   1  command
0     10   2   1  data
0    222  54   4  main
0     19   5   0  @const10034
0     23   6   0  @const10050
0     21   5   0  @const10069
0     21   5   0  @const10088
0     23   6   0  @const10107
0     21   5   0  @const10132
0     21   5   0  @const10140

 Segment   Used  Free
---------  ----  ----
00000-00003     4  0  
00004-007FF   410  1634  
00800-00FFF     0  2048  
01000-017FF     0  2048  
01800-01FFF     0  2048  

